2017-12-20 09:47:45,338 DEBUG [main] [org.apache.http.client.protocol.RequestAddCookies]:122 - CookieSpec selected: default
2017-12-20 09:47:45,380 DEBUG [main] [org.apache.http.client.protocol.RequestAuthCache]:76 - Auth cache not set in the context
2017-12-20 09:47:45,383 DEBUG [main] [org.apache.http.impl.conn.PoolingHttpClientConnectionManager]:249 - Connection request: [route: {s}->https://api.mch.weixin.qq.com:443][total kept alive: 0; route allocated: 0 of 2; total allocated: 0 of 20]
2017-12-20 09:47:45,420 DEBUG [main] [org.apache.http.impl.conn.PoolingHttpClientConnectionManager]:282 - Connection leased: [id: 0][route: {s}->https://api.mch.weixin.qq.com:443][total kept alive: 0; route allocated: 1 of 2; total allocated: 1 of 20]
2017-12-20 09:47:45,423 DEBUG [main] [org.apache.http.impl.execchain.MainClientExec]:234 - Opening connection {s}->https://api.mch.weixin.qq.com:443
2017-12-20 09:47:45,476 DEBUG [main] [org.apache.http.impl.conn.DefaultHttpClientConnectionOperator]:138 - Connecting to api.mch.weixin.qq.com/182.254.78.168:443
2017-12-20 09:47:45,477 DEBUG [main] [org.apache.http.conn.ssl.SSLConnectionSocketFactory]:335 - Connecting socket to api.mch.weixin.qq.com/182.254.78.168:443 with timeout 0
2017-12-20 09:47:45,637 DEBUG [main] [org.apache.http.conn.ssl.SSLConnectionSocketFactory]:388 - Enabled protocols: [TLSv1]
2017-12-20 09:47:45,637 DEBUG [main] [org.apache.http.conn.ssl.SSLConnectionSocketFactory]:389 - Enabled cipher suites:[TLS_ECDHE_ECDSA_WITH_AES_128_CBC_SHA, TLS_ECDHE_RSA_WITH_AES_128_CBC_SHA, TLS_RSA_WITH_AES_128_CBC_SHA, TLS_ECDH_ECDSA_WITH_AES_128_CBC_SHA, TLS_ECDH_RSA_WITH_AES_128_CBC_SHA, TLS_DHE_RSA_WITH_AES_128_CBC_SHA, TLS_DHE_DSS_WITH_AES_128_CBC_SHA, TLS_ECDHE_ECDSA_WITH_RC4_128_SHA, TLS_ECDHE_RSA_WITH_RC4_128_SHA, SSL_RSA_WITH_RC4_128_SHA, TLS_ECDH_ECDSA_WITH_RC4_128_SHA, TLS_ECDH_RSA_WITH_RC4_128_SHA, TLS_ECDHE_ECDSA_WITH_3DES_EDE_CBC_SHA, TLS_ECDHE_RSA_WITH_3DES_EDE_CBC_SHA, SSL_RSA_WITH_3DES_EDE_CBC_SHA, TLS_ECDH_ECDSA_WITH_3DES_EDE_CBC_SHA, TLS_ECDH_RSA_WITH_3DES_EDE_CBC_SHA, SSL_DHE_RSA_WITH_3DES_EDE_CBC_SHA, SSL_DHE_DSS_WITH_3DES_EDE_CBC_SHA, SSL_RSA_WITH_RC4_128_MD5, TLS_EMPTY_RENEGOTIATION_INFO_SCSV]
2017-12-20 09:47:45,638 DEBUG [main] [org.apache.http.conn.ssl.SSLConnectionSocketFactory]:393 - Starting handshake
2017-12-20 09:47:45,914 DEBUG [main] [org.apache.http.conn.ssl.SSLConnectionSocketFactory]:423 - Secure session established
2017-12-20 09:47:45,914 DEBUG [main] [org.apache.http.conn.ssl.SSLConnectionSocketFactory]:424 -  negotiated protocol: TLSv1
2017-12-20 09:47:45,915 DEBUG [main] [org.apache.http.conn.ssl.SSLConnectionSocketFactory]:425 -  negotiated cipher suite: TLS_ECDHE_RSA_WITH_AES_128_CBC_SHA
2017-12-20 09:47:45,915 DEBUG [main] [org.apache.http.conn.ssl.SSLConnectionSocketFactory]:433 -  peer principal: CN=payapp.weixin.qq.com, OU=R&D, O=Tencent Technology (Shenzhen) Company Limited, L=shenzhen, ST=guangdong, C=CN
2017-12-20 09:47:45,916 DEBUG [main] [org.apache.http.conn.ssl.SSLConnectionSocketFactory]:442 -  peer alternative names: [apihk.mch.weixin.qq.com, pay.weops.qq.com, act.weixin.qq.com, fraud.mch.weixin.qq.com, action.weixin.qq.com, oz.weixin.qq.com, fraudus.mch.weixin.qq.com, apius.mch.weixin.qq.com, api2.mch.weixin.qq.com, api.oz.weixin.qq.com, mch.weixin.qq.com, fraudhk.mch.weixin.qq.com, pay.weixin.qq.com, za.pay.wechat.com, api.mch.weixin.qq.com, api.pay.weixin.qq.com, wx.gtimg.com, payapp.weixin.qq.com]
2017-12-20 09:47:45,916 DEBUG [main] [org.apache.http.conn.ssl.SSLConnectionSocketFactory]:446 -  issuer principal: CN=GeoTrust SSL CA - G3, O=GeoTrust Inc., C=US
2017-12-20 09:47:45,934 DEBUG [main] [org.apache.http.impl.conn.DefaultHttpClientConnectionOperator]:145 - Connection established 192.168.1.198:49366<->182.254.78.168:443
2017-12-20 09:47:45,935 DEBUG [main] [org.apache.http.impl.execchain.MainClientExec]:255 - Executing request POST /mmpaymkttransfers/sendredpack HTTP/1.1
2017-12-20 09:47:45,935 DEBUG [main] [org.apache.http.impl.execchain.MainClientExec]:260 - Target auth state: UNCHALLENGED
2017-12-20 09:47:45,955 DEBUG [main] [org.apache.http.impl.execchain.MainClientExec]:266 - Proxy auth state: UNCHALLENGED
2017-12-20 09:47:45,957 DEBUG [main] [org.apache.http.headers]:135 - http-outgoing-0 >> POST /mmpaymkttransfers/sendredpack HTTP/1.1
2017-12-20 09:47:45,957 DEBUG [main] [org.apache.http.headers]:138 - http-outgoing-0 >> Connection: keep-alive
2017-12-20 09:47:45,958 DEBUG [main] [org.apache.http.headers]:138 - http-outgoing-0 >> Accept: */*
2017-12-20 09:47:45,958 DEBUG [main] [org.apache.http.headers]:138 - http-outgoing-0 >> Content-Type: application/x-www-form-urlencoded; charset=UTF-8
2017-12-20 09:47:45,958 DEBUG [main] [org.apache.http.headers]:138 - http-outgoing-0 >> Host: api.mch.weixin.qq.com
2017-12-20 09:47:45,958 DEBUG [main] [org.apache.http.headers]:138 - http-outgoing-0 >> X-Requested-With: XMLHttpRequest
2017-12-20 09:47:45,958 DEBUG [main] [org.apache.http.headers]:138 - http-outgoing-0 >> Cache-Control: max-age=0
2017-12-20 09:47:45,959 DEBUG [main] [org.apache.http.headers]:138 - http-outgoing-0 >> User-Agent: Mozilla/4.0 (compatible; MSIE 8.0; Windows NT 6.0) 
2017-12-20 09:47:45,959 DEBUG [main] [org.apache.http.headers]:138 - http-outgoing-0 >> Content-Length: 713
2017-12-20 09:47:45,959 DEBUG [main] [org.apache.http.headers]:138 - http-outgoing-0 >> Accept-Encoding: gzip,deflate
2017-12-20 09:47:45,960 DEBUG [main] [org.apache.http.wire]:72 - http-outgoing-0 >> "POST /mmpaymkttransfers/sendredpack HTTP/1.1[\r][\n]"
2017-12-20 09:47:45,960 DEBUG [main] [org.apache.http.wire]:72 - http-outgoing-0 >> "Connection: keep-alive[\r][\n]"
2017-12-20 09:47:45,960 DEBUG [main] [org.apache.http.wire]:72 - http-outgoing-0 >> "Accept: */*[\r][\n]"
2017-12-20 09:47:45,960 DEBUG [main] [org.apache.http.wire]:72 - http-outgoing-0 >> "Content-Type: application/x-www-form-urlencoded; charset=UTF-8[\r][\n]"
2017-12-20 09:47:45,960 DEBUG [main] [org.apache.http.wire]:72 - http-outgoing-0 >> "Host: api.mch.weixin.qq.com[\r][\n]"
2017-12-20 09:47:45,961 DEBUG [main] [org.apache.http.wire]:72 - http-outgoing-0 >> "X-Requested-With: XMLHttpRequest[\r][\n]"
2017-12-20 09:47:45,961 DEBUG [main] [org.apache.http.wire]:72 - http-outgoing-0 >> "Cache-Control: max-age=0[\r][\n]"
2017-12-20 09:47:45,961 DEBUG [main] [org.apache.http.wire]:72 - http-outgoing-0 >> "User-Agent: Mozilla/4.0 (compatible; MSIE 8.0; Windows NT 6.0) [\r][\n]"
2017-12-20 09:47:45,961 DEBUG [main] [org.apache.http.wire]:72 - http-outgoing-0 >> "Content-Length: 713[\r][\n]"
2017-12-20 09:47:45,962 DEBUG [main] [org.apache.http.wire]:72 - http-outgoing-0 >> "Accept-Encoding: gzip,deflate[\r][\n]"
2017-12-20 09:47:45,962 DEBUG [main] [org.apache.http.wire]:72 - http-outgoing-0 >> "[\r][\n]"
2017-12-20 09:47:45,962 DEBUG [main] [org.apache.http.wire]:72 - http-outgoing-0 >> "<xml>[\n]"
2017-12-20 09:47:45,962 DEBUG [main] [org.apache.http.wire]:72 - http-outgoing-0 >> "  <nonce_str><![CDATA[114AC54A98B744D7A6DB053D53BD25EA]]></nonce_str>[\n]"
2017-12-20 09:47:45,963 DEBUG [main] [org.apache.http.wire]:72 - http-outgoing-0 >> "  <mch_billno><![CDATA[531513734462059]]></mch_billno>[\n]"
2017-12-20 09:47:45,963 DEBUG [main] [org.apache.http.wire]:72 - http-outgoing-0 >> "  <mch_id><![CDATA[1486272382]]></mch_id>[\n]"
2017-12-20 09:47:45,963 DEBUG [main] [org.apache.http.wire]:72 - http-outgoing-0 >> "  <wxappid><![CDATA[wxd0c763640d4b8f08]]></wxappid>[\n]"
2017-12-20 09:47:45,963 DEBUG [main] [org.apache.http.wire]:72 - http-outgoing-0 >> "  <send_name><![CDATA[[0xe8][0xbf][0x91][0xe5][0x88][0xb0][0xe5][0xae][0xb6][0xe5][0x85][0xac][0xe4][0xbc][0x97][0xe5][0xb9][0xb3][0xe5][0x8f][0xb0]]]></send_name>[\n]"
2017-12-20 09:47:45,963 DEBUG [main] [org.apache.http.wire]:72 - http-outgoing-0 >> "  <re_openid><![CDATA[o5tP4v65-yGzrvwVMw2plDLr8FS8]]></re_openid>[\n]"
2017-12-20 09:47:45,964 DEBUG [main] [org.apache.http.wire]:72 - http-outgoing-0 >> "  <total_amount><![CDATA[500]]></total_amount>[\n]"
2017-12-20 09:47:45,964 DEBUG [main] [org.apache.http.wire]:72 - http-outgoing-0 >> "  <total_num><![CDATA[1]]></total_num>[\n]"
2017-12-20 09:47:45,964 DEBUG [main] [org.apache.http.wire]:72 - http-outgoing-0 >> "  <wishing><![CDATA[[0xe6][0xb3][0xa8][0xe5][0x86][0x8c][0xe6][0x96][0xb0][0xe7][0x94][0xa8][0xe6][0x88][0xb7],[0xe4][0xb8][0x87][0xe5][0x85][0x83][0xe7][0xba][0xa2][0xe5][0x8c][0x85][0xe7][0xad][0x89][0xe4][0xbd][0xa0][0xe6][0x8b][0xbf]]]></wishing>[\n]"
2017-12-20 09:47:45,964 DEBUG [main] [org.apache.http.wire]:72 - http-outgoing-0 >> "  <client_ip><![CDATA[192.168.1.198]]></client_ip>[\n]"
2017-12-20 09:47:45,965 DEBUG [main] [org.apache.http.wire]:72 - http-outgoing-0 >> "  <act_name><![CDATA[[0xe6][0xb3][0xa8][0xe5][0x86][0x8c][0xe6][0x9c][0x89][0xe5][0xa5][0x96]]]></act_name>[\n]"
2017-12-20 09:47:45,965 DEBUG [main] [org.apache.http.wire]:72 - http-outgoing-0 >> "  <remark><![CDATA[[0xe8][0xbf][0x91][0xe5][0x88][0xb0][0xe5][0xae][0xb6]]]></remark>[\n]"
2017-12-20 09:47:45,965 DEBUG [main] [org.apache.http.wire]:72 - http-outgoing-0 >> "  <sign><![CDATA[6A31DF2B729442D22CA97D9FC028FD82]]></sign>[\n]"
2017-12-20 09:47:45,965 DEBUG [main] [org.apache.http.wire]:86 - http-outgoing-0 >> "</xml>"
2017-12-20 09:47:46,793 DEBUG [main] [org.apache.http.wire]:72 - http-outgoing-0 << "HTTP/1.1 200 OK[\r][\n]"
2017-12-20 09:47:46,793 DEBUG [main] [org.apache.http.wire]:72 - http-outgoing-0 << "Server: nginx[\r][\n]"
2017-12-20 09:47:46,794 DEBUG [main] [org.apache.http.wire]:72 - http-outgoing-0 << "Date: Wed, 20 Dec 2017 01:47:55 GMT[\r][\n]"
2017-12-20 09:47:46,794 DEBUG [main] [org.apache.http.wire]:72 - http-outgoing-0 << "Content-Type: text/html; charset=UTF-8[\r][\n]"
2017-12-20 09:47:46,794 DEBUG [main] [org.apache.http.wire]:72 - http-outgoing-0 << "Content-Length: 562[\r][\n]"
2017-12-20 09:47:46,794 DEBUG [main] [org.apache.http.wire]:72 - http-outgoing-0 << "Connection: keep-alive[\r][\n]"
2017-12-20 09:47:46,795 DEBUG [main] [org.apache.http.wire]:72 - http-outgoing-0 << "Keep-Alive: timeout=8[\r][\n]"
2017-12-20 09:47:46,795 DEBUG [main] [org.apache.http.wire]:72 - http-outgoing-0 << "Cache-Control: no-cache, must-revalidate[\r][\n]"
2017-12-20 09:47:46,795 DEBUG [main] [org.apache.http.wire]:72 - http-outgoing-0 << "[\r][\n]"
2017-12-20 09:47:46,795 DEBUG [main] [org.apache.http.wire]:72 - http-outgoing-0 << "<xml>[\n]"
2017-12-20 09:47:46,796 DEBUG [main] [org.apache.http.wire]:72 - http-outgoing-0 << "<return_code><![CDATA[SUCCESS]]></return_code>[\n]"
2017-12-20 09:47:46,796 DEBUG [main] [org.apache.http.wire]:72 - http-outgoing-0 << "<return_msg><![CDATA[[0xe5][0x8f][0x91][0xe6][0x94][0xbe][0xe6][0x88][0x90][0xe5][0x8a][0x9f]]]></return_msg>[\n]"
2017-12-20 09:47:46,796 DEBUG [main] [org.apache.http.wire]:72 - http-outgoing-0 << "<result_code><![CDATA[SUCCESS]]></result_code>[\n]"
2017-12-20 09:47:46,796 DEBUG [main] [org.apache.http.wire]:72 - http-outgoing-0 << "<err_code><![CDATA[SUCCESS]]></err_code>[\n]"
2017-12-20 09:47:46,796 DEBUG [main] [org.apache.http.wire]:72 - http-outgoing-0 << "<err_code_des><![CDATA[[0xe5][0x8f][0x91][0xe6][0x94][0xbe][0xe6][0x88][0x90][0xe5][0x8a][0x9f]]]></err_code_des>[\n]"
2017-12-20 09:47:46,797 DEBUG [main] [org.apache.http.wire]:72 - http-outgoing-0 << "<mch_billno><![CDATA[531513734462059]]></mch_billno>[\n]"
2017-12-20 09:47:46,797 DEBUG [main] [org.apache.http.wire]:72 - http-outgoing-0 << "<mch_id><![CDATA[1486272382]]></mch_id>[\n]"
2017-12-20 09:47:46,797 DEBUG [main] [org.apache.http.wire]:72 - http-outgoing-0 << "<wxappid><![CDATA[wxd0c763640d4b8f08]]></wxappid>[\n]"
2017-12-20 09:47:46,797 DEBUG [main] [org.apache.http.wire]:72 - http-outgoing-0 << "<re_openid><![CDATA[o5tP4v65-yGzrvwVMw2plDLr8FS8]]></re_openid>[\n]"
2017-12-20 09:47:46,798 DEBUG [main] [org.apache.http.wire]:72 - http-outgoing-0 << "<total_amount>500</total_amount>[\n]"
2017-12-20 09:47:46,798 DEBUG [main] [org.apache.http.wire]:72 - http-outgoing-0 << "<send_listid><![CDATA[1000041701201712203000054746102]]></send_listid>[\n]"
2017-12-20 09:47:46,798 DEBUG [main] [org.apache.http.wire]:86 - http-outgoing-0 << "</xml>"
2017-12-20 09:47:46,802 DEBUG [main] [org.apache.http.headers]:124 - http-outgoing-0 << HTTP/1.1 200 OK
2017-12-20 09:47:46,802 DEBUG [main] [org.apache.http.headers]:127 - http-outgoing-0 << Server: nginx
2017-12-20 09:47:46,803 DEBUG [main] [org.apache.http.headers]:127 - http-outgoing-0 << Date: Wed, 20 Dec 2017 01:47:55 GMT
2017-12-20 09:47:46,803 DEBUG [main] [org.apache.http.headers]:127 - http-outgoing-0 << Content-Type: text/html; charset=UTF-8
2017-12-20 09:47:46,803 DEBUG [main] [org.apache.http.headers]:127 - http-outgoing-0 << Content-Length: 562
2017-12-20 09:47:46,803 DEBUG [main] [org.apache.http.headers]:127 - http-outgoing-0 << Connection: keep-alive
2017-12-20 09:47:46,803 DEBUG [main] [org.apache.http.headers]:127 - http-outgoing-0 << Keep-Alive: timeout=8
2017-12-20 09:47:46,803 DEBUG [main] [org.apache.http.headers]:127 - http-outgoing-0 << Cache-Control: no-cache, must-revalidate
2017-12-20 09:47:46,812 DEBUG [main] [org.apache.http.impl.execchain.MainClientExec]:284 - Connection can be kept alive for 8000 MILLISECONDS
2017-12-20 09:47:46,852 DEBUG [main] [org.apache.http.impl.conn.PoolingHttpClientConnectionManager]:314 - Connection [id: 0][route: {s}->https://api.mch.weixin.qq.com:443][state: SURNAME=37238320, CN=重庆捷路科技有限公司, OU=MMPay, O=Tencent, L=Shenzhen, ST=Guangdong, C=CN] can be kept alive for 8.0 seconds
2017-12-20 09:47:46,852 DEBUG [main] [org.apache.http.impl.conn.PoolingHttpClientConnectionManager]:320 - Connection released: [id: 0][route: {s}->https://api.mch.weixin.qq.com:443][state: SURNAME=37238320, CN=重庆捷路科技有限公司, OU=MMPay, O=Tencent, L=Shenzhen, ST=Guangdong, C=CN][total kept alive: 1; route allocated: 1 of 2; total allocated: 1 of 20]
