2017-12-13 18:01:51,657 DEBUG [main] [org.apache.http.client.protocol.RequestAddCookies]:122 - CookieSpec selected: default
2017-12-13 18:01:51,677 DEBUG [main] [org.apache.http.client.protocol.RequestAuthCache]:76 - Auth cache not set in the context
2017-12-13 18:01:51,680 DEBUG [main] [org.apache.http.impl.conn.PoolingHttpClientConnectionManager]:249 - Connection request: [route: {s}->https://api.mch.weixin.qq.com:443][total kept alive: 0; route allocated: 0 of 2; total allocated: 0 of 20]
2017-12-13 18:01:51,700 DEBUG [main] [org.apache.http.impl.conn.PoolingHttpClientConnectionManager]:282 - Connection leased: [id: 0][route: {s}->https://api.mch.weixin.qq.com:443][total kept alive: 0; route allocated: 1 of 2; total allocated: 1 of 20]
2017-12-13 18:01:51,703 DEBUG [main] [org.apache.http.impl.execchain.MainClientExec]:234 - Opening connection {s}->https://api.mch.weixin.qq.com:443
2017-12-13 18:01:51,712 DEBUG [main] [org.apache.http.impl.conn.DefaultHttpClientConnectionOperator]:138 - Connecting to api.mch.weixin.qq.com/182.254.78.168:443
2017-12-13 18:01:51,713 DEBUG [main] [org.apache.http.conn.ssl.SSLConnectionSocketFactory]:335 - Connecting socket to api.mch.weixin.qq.com/182.254.78.168:443 with timeout 0
2017-12-13 18:01:51,825 DEBUG [main] [org.apache.http.conn.ssl.SSLConnectionSocketFactory]:388 - Enabled protocols: [TLSv1]
2017-12-13 18:01:51,826 DEBUG [main] [org.apache.http.conn.ssl.SSLConnectionSocketFactory]:389 - Enabled cipher suites:[TLS_ECDHE_ECDSA_WITH_AES_128_CBC_SHA, TLS_ECDHE_RSA_WITH_AES_128_CBC_SHA, TLS_RSA_WITH_AES_128_CBC_SHA, TLS_ECDH_ECDSA_WITH_AES_128_CBC_SHA, TLS_ECDH_RSA_WITH_AES_128_CBC_SHA, TLS_DHE_RSA_WITH_AES_128_CBC_SHA, TLS_DHE_DSS_WITH_AES_128_CBC_SHA, TLS_ECDHE_ECDSA_WITH_RC4_128_SHA, TLS_ECDHE_RSA_WITH_RC4_128_SHA, SSL_RSA_WITH_RC4_128_SHA, TLS_ECDH_ECDSA_WITH_RC4_128_SHA, TLS_ECDH_RSA_WITH_RC4_128_SHA, TLS_ECDHE_ECDSA_WITH_3DES_EDE_CBC_SHA, TLS_ECDHE_RSA_WITH_3DES_EDE_CBC_SHA, SSL_RSA_WITH_3DES_EDE_CBC_SHA, TLS_ECDH_ECDSA_WITH_3DES_EDE_CBC_SHA, TLS_ECDH_RSA_WITH_3DES_EDE_CBC_SHA, SSL_DHE_RSA_WITH_3DES_EDE_CBC_SHA, SSL_DHE_DSS_WITH_3DES_EDE_CBC_SHA, SSL_RSA_WITH_RC4_128_MD5, TLS_EMPTY_RENEGOTIATION_INFO_SCSV]
2017-12-13 18:01:51,826 DEBUG [main] [org.apache.http.conn.ssl.SSLConnectionSocketFactory]:393 - Starting handshake
2017-12-13 18:01:52,043 DEBUG [main] [org.apache.http.conn.ssl.SSLConnectionSocketFactory]:423 - Secure session established
2017-12-13 18:01:52,044 DEBUG [main] [org.apache.http.conn.ssl.SSLConnectionSocketFactory]:424 -  negotiated protocol: TLSv1
2017-12-13 18:01:52,044 DEBUG [main] [org.apache.http.conn.ssl.SSLConnectionSocketFactory]:425 -  negotiated cipher suite: TLS_ECDHE_RSA_WITH_AES_128_CBC_SHA
2017-12-13 18:01:52,044 DEBUG [main] [org.apache.http.conn.ssl.SSLConnectionSocketFactory]:433 -  peer principal: CN=payapp.weixin.qq.com, OU=R&D, O=Tencent Technology (Shenzhen) Company Limited, L=shenzhen, ST=guangdong, C=CN
2017-12-13 18:01:52,045 DEBUG [main] [org.apache.http.conn.ssl.SSLConnectionSocketFactory]:442 -  peer alternative names: [apihk.mch.weixin.qq.com, pay.weops.qq.com, act.weixin.qq.com, fraud.mch.weixin.qq.com, action.weixin.qq.com, oz.weixin.qq.com, fraudus.mch.weixin.qq.com, apius.mch.weixin.qq.com, api2.mch.weixin.qq.com, api.oz.weixin.qq.com, mch.weixin.qq.com, fraudhk.mch.weixin.qq.com, pay.weixin.qq.com, za.pay.wechat.com, api.mch.weixin.qq.com, api.pay.weixin.qq.com, wx.gtimg.com, payapp.weixin.qq.com]
2017-12-13 18:01:52,045 DEBUG [main] [org.apache.http.conn.ssl.SSLConnectionSocketFactory]:446 -  issuer principal: CN=GeoTrust SSL CA - G3, O=GeoTrust Inc., C=US
2017-12-13 18:01:52,052 DEBUG [main] [org.apache.http.impl.conn.DefaultHttpClientConnectionOperator]:145 - Connection established 192.168.1.199:54935<->182.254.78.168:443
2017-12-13 18:01:52,053 DEBUG [main] [org.apache.http.impl.execchain.MainClientExec]:255 - Executing request POST /mmpaymkttransfers/gettransferinfo HTTP/1.1
2017-12-13 18:01:52,053 DEBUG [main] [org.apache.http.impl.execchain.MainClientExec]:260 - Target auth state: UNCHALLENGED
2017-12-13 18:01:52,054 DEBUG [main] [org.apache.http.impl.execchain.MainClientExec]:266 - Proxy auth state: UNCHALLENGED
2017-12-13 18:01:52,056 DEBUG [main] [org.apache.http.headers]:135 - http-outgoing-0 >> POST /mmpaymkttransfers/gettransferinfo HTTP/1.1
2017-12-13 18:01:52,056 DEBUG [main] [org.apache.http.headers]:138 - http-outgoing-0 >> Connection: keep-alive
2017-12-13 18:01:52,057 DEBUG [main] [org.apache.http.headers]:138 - http-outgoing-0 >> Accept: */*
2017-12-13 18:01:52,057 DEBUG [main] [org.apache.http.headers]:138 - http-outgoing-0 >> Content-Type: application/x-www-form-urlencoded; charset=UTF-8
2017-12-13 18:01:52,058 DEBUG [main] [org.apache.http.headers]:138 - http-outgoing-0 >> Host: api.mch.weixin.qq.com
2017-12-13 18:01:52,058 DEBUG [main] [org.apache.http.headers]:138 - http-outgoing-0 >> X-Requested-With: XMLHttpRequest
2017-12-13 18:01:52,058 DEBUG [main] [org.apache.http.headers]:138 - http-outgoing-0 >> Cache-Control: max-age=0
2017-12-13 18:01:52,058 DEBUG [main] [org.apache.http.headers]:138 - http-outgoing-0 >> User-Agent: Mozilla/4.0 (compatible; MSIE 8.0; Windows NT 6.0) 
2017-12-13 18:01:52,058 DEBUG [main] [org.apache.http.headers]:138 - http-outgoing-0 >> Content-Length: 399
2017-12-13 18:01:52,058 DEBUG [main] [org.apache.http.headers]:138 - http-outgoing-0 >> Accept-Encoding: gzip,deflate
2017-12-13 18:01:52,059 DEBUG [main] [org.apache.http.wire]:72 - http-outgoing-0 >> "POST /mmpaymkttransfers/gettransferinfo HTTP/1.1[\r][\n]"
2017-12-13 18:01:52,059 DEBUG [main] [org.apache.http.wire]:72 - http-outgoing-0 >> "Connection: keep-alive[\r][\n]"
2017-12-13 18:01:52,059 DEBUG [main] [org.apache.http.wire]:72 - http-outgoing-0 >> "Accept: */*[\r][\n]"
2017-12-13 18:01:52,060 DEBUG [main] [org.apache.http.wire]:72 - http-outgoing-0 >> "Content-Type: application/x-www-form-urlencoded; charset=UTF-8[\r][\n]"
2017-12-13 18:01:52,060 DEBUG [main] [org.apache.http.wire]:72 - http-outgoing-0 >> "Host: api.mch.weixin.qq.com[\r][\n]"
2017-12-13 18:01:52,060 DEBUG [main] [org.apache.http.wire]:72 - http-outgoing-0 >> "X-Requested-With: XMLHttpRequest[\r][\n]"
2017-12-13 18:01:52,060 DEBUG [main] [org.apache.http.wire]:72 - http-outgoing-0 >> "Cache-Control: max-age=0[\r][\n]"
2017-12-13 18:01:52,060 DEBUG [main] [org.apache.http.wire]:72 - http-outgoing-0 >> "User-Agent: Mozilla/4.0 (compatible; MSIE 8.0; Windows NT 6.0) [\r][\n]"
2017-12-13 18:01:52,061 DEBUG [main] [org.apache.http.wire]:72 - http-outgoing-0 >> "Content-Length: 399[\r][\n]"
2017-12-13 18:01:52,061 DEBUG [main] [org.apache.http.wire]:72 - http-outgoing-0 >> "Accept-Encoding: gzip,deflate[\r][\n]"
2017-12-13 18:01:52,061 DEBUG [main] [org.apache.http.wire]:72 - http-outgoing-0 >> "[\r][\n]"
2017-12-13 18:01:52,061 DEBUG [main] [org.apache.http.wire]:86 - http-outgoing-0 >> "<xml><mch_appid>wxd0c763640d4b8f08</mch_appid><mchid>1486272382</mchid><nonce_str>FAC93EBE900F471EAF1AA8746FFDC7D5</nonce_str><partner_trade_no>261513159310744</partner_trade_no><openid>o5tP4v0LMeCnKzawLbuiAmDd8pAA</openid><check_name>NO_CHECK</check_name><amount>100</amount><desc>[0xe8][0xbf][0x91][0xe5][0x88][0xb0][0xe5][0xae][0xb6]</desc><spbill_create_ip>192.168.1.199</spbill_create_ip><sign>E6873D8D435B9FAA3591C62DDB484347</sign></xml>"
2017-12-13 18:01:52,157 DEBUG [main] [org.apache.http.wire]:72 - http-outgoing-0 << "HTTP/1.1 200 OK[\r][\n]"
2017-12-13 18:01:52,160 DEBUG [main] [org.apache.http.wire]:72 - http-outgoing-0 << "Server: nginx[\r][\n]"
2017-12-13 18:01:52,160 DEBUG [main] [org.apache.http.wire]:72 - http-outgoing-0 << "Date: Wed, 13 Dec 2017 10:02:20 GMT[\r][\n]"
2017-12-13 18:01:52,161 DEBUG [main] [org.apache.http.wire]:72 - http-outgoing-0 << "Content-Type: text/html; charset=UTF-8[\r][\n]"
2017-12-13 18:01:52,161 DEBUG [main] [org.apache.http.wire]:72 - http-outgoing-0 << "Content-Length: 296[\r][\n]"
2017-12-13 18:01:52,161 DEBUG [main] [org.apache.http.wire]:72 - http-outgoing-0 << "Connection: keep-alive[\r][\n]"
2017-12-13 18:01:52,161 DEBUG [main] [org.apache.http.wire]:72 - http-outgoing-0 << "Keep-Alive: timeout=8[\r][\n]"
2017-12-13 18:01:52,162 DEBUG [main] [org.apache.http.wire]:72 - http-outgoing-0 << "Cache-Control: no-cache, must-revalidate[\r][\n]"
2017-12-13 18:01:52,162 DEBUG [main] [org.apache.http.wire]:72 - http-outgoing-0 << "[\r][\n]"
2017-12-13 18:01:52,163 DEBUG [main] [org.apache.http.wire]:72 - http-outgoing-0 << "<xml>[\n]"
2017-12-13 18:01:52,163 DEBUG [main] [org.apache.http.wire]:72 - http-outgoing-0 << "<return_code><![CDATA[SUCCESS]]></return_code>[\n]"
2017-12-13 18:01:52,163 DEBUG [main] [org.apache.http.wire]:72 - http-outgoing-0 << "<return_msg><![CDATA[[0xe5][0x8f][0x82][0xe6][0x95][0xb0][0xe9][0x94][0x99][0xe8][0xaf][0xaf]:[0xe5][0xbf][0x85][0xe9][0xa1][0xbb][0xe8][0xbe][0x93][0xe5][0x85][0xa5][0xe5][0x95][0x86][0xe6][0x88][0xb7][0xe5][0x8f][0xb7]]]></return_msg>[\n]"
2017-12-13 18:01:52,163 DEBUG [main] [org.apache.http.wire]:72 - http-outgoing-0 << "<result_code><![CDATA[FAIL]]></result_code>[\n]"
2017-12-13 18:01:52,164 DEBUG [main] [org.apache.http.wire]:72 - http-outgoing-0 << "<err_code><![CDATA[PARAM_ERROR]]></err_code>[\n]"
2017-12-13 18:01:52,164 DEBUG [main] [org.apache.http.wire]:72 - http-outgoing-0 << "<err_code_des><![CDATA[[0xe5][0x8f][0x82][0xe6][0x95][0xb0][0xe9][0x94][0x99][0xe8][0xaf][0xaf]:[0xe5][0xbf][0x85][0xe9][0xa1][0xbb][0xe8][0xbe][0x93][0xe5][0x85][0xa5][0xe5][0x95][0x86][0xe6][0x88][0xb7][0xe5][0x8f][0xb7]]]></err_code_des>[\n]"
2017-12-13 18:01:52,164 DEBUG [main] [org.apache.http.wire]:86 - http-outgoing-0 << "</xml>"
2017-12-13 18:01:52,168 DEBUG [main] [org.apache.http.headers]:124 - http-outgoing-0 << HTTP/1.1 200 OK
2017-12-13 18:01:52,169 DEBUG [main] [org.apache.http.headers]:127 - http-outgoing-0 << Server: nginx
2017-12-13 18:01:52,169 DEBUG [main] [org.apache.http.headers]:127 - http-outgoing-0 << Date: Wed, 13 Dec 2017 10:02:20 GMT
2017-12-13 18:01:52,169 DEBUG [main] [org.apache.http.headers]:127 - http-outgoing-0 << Content-Type: text/html; charset=UTF-8
2017-12-13 18:01:52,169 DEBUG [main] [org.apache.http.headers]:127 - http-outgoing-0 << Content-Length: 296
2017-12-13 18:01:52,169 DEBUG [main] [org.apache.http.headers]:127 - http-outgoing-0 << Connection: keep-alive
2017-12-13 18:01:52,170 DEBUG [main] [org.apache.http.headers]:127 - http-outgoing-0 << Keep-Alive: timeout=8
2017-12-13 18:01:52,170 DEBUG [main] [org.apache.http.headers]:127 - http-outgoing-0 << Cache-Control: no-cache, must-revalidate
2017-12-13 18:01:52,193 DEBUG [main] [org.apache.http.impl.execchain.MainClientExec]:284 - Connection can be kept alive for 8000 MILLISECONDS
2017-12-13 18:01:52,200 DEBUG [main] [org.apache.http.impl.conn.PoolingHttpClientConnectionManager]:314 - Connection [id: 0][route: {s}->https://api.mch.weixin.qq.com:443][state: SURNAME=37238320, CN=重庆捷路科技有限公司, OU=MMPay, O=Tencent, L=Shenzhen, ST=Guangdong, C=CN] can be kept alive for 8.0 seconds
2017-12-13 18:01:52,200 DEBUG [main] [org.apache.http.impl.conn.PoolingHttpClientConnectionManager]:320 - Connection released: [id: 0][route: {s}->https://api.mch.weixin.qq.com:443][state: SURNAME=37238320, CN=重庆捷路科技有限公司, OU=MMPay, O=Tencent, L=Shenzhen, ST=Guangdong, C=CN][total kept alive: 1; route allocated: 1 of 2; total allocated: 1 of 20]
2017-12-13 18:04:29,749 DEBUG [main] [org.apache.http.client.protocol.RequestAddCookies]:122 - CookieSpec selected: default
2017-12-13 18:04:29,770 DEBUG [main] [org.apache.http.client.protocol.RequestAuthCache]:76 - Auth cache not set in the context
2017-12-13 18:04:29,773 DEBUG [main] [org.apache.http.impl.conn.PoolingHttpClientConnectionManager]:249 - Connection request: [route: {s}->https://api.mch.weixin.qq.com:443][total kept alive: 0; route allocated: 0 of 2; total allocated: 0 of 20]
2017-12-13 18:04:29,795 DEBUG [main] [org.apache.http.impl.conn.PoolingHttpClientConnectionManager]:282 - Connection leased: [id: 0][route: {s}->https://api.mch.weixin.qq.com:443][total kept alive: 0; route allocated: 1 of 2; total allocated: 1 of 20]
2017-12-13 18:04:29,798 DEBUG [main] [org.apache.http.impl.execchain.MainClientExec]:234 - Opening connection {s}->https://api.mch.weixin.qq.com:443
2017-12-13 18:04:29,808 DEBUG [main] [org.apache.http.impl.conn.DefaultHttpClientConnectionOperator]:138 - Connecting to api.mch.weixin.qq.com/182.254.78.168:443
2017-12-13 18:04:29,808 DEBUG [main] [org.apache.http.conn.ssl.SSLConnectionSocketFactory]:335 - Connecting socket to api.mch.weixin.qq.com/182.254.78.168:443 with timeout 0
2017-12-13 18:04:29,922 DEBUG [main] [org.apache.http.conn.ssl.SSLConnectionSocketFactory]:388 - Enabled protocols: [TLSv1]
2017-12-13 18:04:29,922 DEBUG [main] [org.apache.http.conn.ssl.SSLConnectionSocketFactory]:389 - Enabled cipher suites:[TLS_ECDHE_ECDSA_WITH_AES_128_CBC_SHA, TLS_ECDHE_RSA_WITH_AES_128_CBC_SHA, TLS_RSA_WITH_AES_128_CBC_SHA, TLS_ECDH_ECDSA_WITH_AES_128_CBC_SHA, TLS_ECDH_RSA_WITH_AES_128_CBC_SHA, TLS_DHE_RSA_WITH_AES_128_CBC_SHA, TLS_DHE_DSS_WITH_AES_128_CBC_SHA, TLS_ECDHE_ECDSA_WITH_RC4_128_SHA, TLS_ECDHE_RSA_WITH_RC4_128_SHA, SSL_RSA_WITH_RC4_128_SHA, TLS_ECDH_ECDSA_WITH_RC4_128_SHA, TLS_ECDH_RSA_WITH_RC4_128_SHA, TLS_ECDHE_ECDSA_WITH_3DES_EDE_CBC_SHA, TLS_ECDHE_RSA_WITH_3DES_EDE_CBC_SHA, SSL_RSA_WITH_3DES_EDE_CBC_SHA, TLS_ECDH_ECDSA_WITH_3DES_EDE_CBC_SHA, TLS_ECDH_RSA_WITH_3DES_EDE_CBC_SHA, SSL_DHE_RSA_WITH_3DES_EDE_CBC_SHA, SSL_DHE_DSS_WITH_3DES_EDE_CBC_SHA, SSL_RSA_WITH_RC4_128_MD5, TLS_EMPTY_RENEGOTIATION_INFO_SCSV]
2017-12-13 18:04:29,923 DEBUG [main] [org.apache.http.conn.ssl.SSLConnectionSocketFactory]:393 - Starting handshake
2017-12-13 18:04:30,141 DEBUG [main] [org.apache.http.conn.ssl.SSLConnectionSocketFactory]:423 - Secure session established
2017-12-13 18:04:30,142 DEBUG [main] [org.apache.http.conn.ssl.SSLConnectionSocketFactory]:424 -  negotiated protocol: TLSv1
2017-12-13 18:04:30,142 DEBUG [main] [org.apache.http.conn.ssl.SSLConnectionSocketFactory]:425 -  negotiated cipher suite: TLS_ECDHE_RSA_WITH_AES_128_CBC_SHA
2017-12-13 18:04:30,143 DEBUG [main] [org.apache.http.conn.ssl.SSLConnectionSocketFactory]:433 -  peer principal: CN=payapp.weixin.qq.com, OU=R&D, O=Tencent Technology (Shenzhen) Company Limited, L=shenzhen, ST=guangdong, C=CN
2017-12-13 18:04:30,143 DEBUG [main] [org.apache.http.conn.ssl.SSLConnectionSocketFactory]:442 -  peer alternative names: [apihk.mch.weixin.qq.com, pay.weops.qq.com, act.weixin.qq.com, fraud.mch.weixin.qq.com, action.weixin.qq.com, oz.weixin.qq.com, fraudus.mch.weixin.qq.com, apius.mch.weixin.qq.com, api2.mch.weixin.qq.com, api.oz.weixin.qq.com, mch.weixin.qq.com, fraudhk.mch.weixin.qq.com, pay.weixin.qq.com, za.pay.wechat.com, api.mch.weixin.qq.com, api.pay.weixin.qq.com, wx.gtimg.com, payapp.weixin.qq.com]
2017-12-13 18:04:30,144 DEBUG [main] [org.apache.http.conn.ssl.SSLConnectionSocketFactory]:446 -  issuer principal: CN=GeoTrust SSL CA - G3, O=GeoTrust Inc., C=US
2017-12-13 18:04:30,152 DEBUG [main] [org.apache.http.impl.conn.DefaultHttpClientConnectionOperator]:145 - Connection established 192.168.1.199:56092<->182.254.78.168:443
2017-12-13 18:04:30,152 DEBUG [main] [org.apache.http.impl.execchain.MainClientExec]:255 - Executing request POST /mmpaymkttransfers/gettransferinfo HTTP/1.1
2017-12-13 18:04:30,152 DEBUG [main] [org.apache.http.impl.execchain.MainClientExec]:260 - Target auth state: UNCHALLENGED
2017-12-13 18:04:30,153 DEBUG [main] [org.apache.http.impl.execchain.MainClientExec]:266 - Proxy auth state: UNCHALLENGED
2017-12-13 18:04:30,156 DEBUG [main] [org.apache.http.headers]:135 - http-outgoing-0 >> POST /mmpaymkttransfers/gettransferinfo HTTP/1.1
2017-12-13 18:04:30,156 DEBUG [main] [org.apache.http.headers]:138 - http-outgoing-0 >> Connection: keep-alive
2017-12-13 18:04:30,156 DEBUG [main] [org.apache.http.headers]:138 - http-outgoing-0 >> Accept: */*
2017-12-13 18:04:30,156 DEBUG [main] [org.apache.http.headers]:138 - http-outgoing-0 >> Content-Type: application/x-www-form-urlencoded; charset=UTF-8
2017-12-13 18:04:30,157 DEBUG [main] [org.apache.http.headers]:138 - http-outgoing-0 >> Host: api.mch.weixin.qq.com
2017-12-13 18:04:30,157 DEBUG [main] [org.apache.http.headers]:138 - http-outgoing-0 >> X-Requested-With: XMLHttpRequest
2017-12-13 18:04:30,157 DEBUG [main] [org.apache.http.headers]:138 - http-outgoing-0 >> Cache-Control: max-age=0
2017-12-13 18:04:30,157 DEBUG [main] [org.apache.http.headers]:138 - http-outgoing-0 >> User-Agent: Mozilla/4.0 (compatible; MSIE 8.0; Windows NT 6.0) 
2017-12-13 18:04:30,158 DEBUG [main] [org.apache.http.headers]:138 - http-outgoing-0 >> Content-Length: 399
2017-12-13 18:04:30,158 DEBUG [main] [org.apache.http.headers]:138 - http-outgoing-0 >> Accept-Encoding: gzip,deflate
2017-12-13 18:04:30,160 DEBUG [main] [org.apache.http.wire]:72 - http-outgoing-0 >> "POST /mmpaymkttransfers/gettransferinfo HTTP/1.1[\r][\n]"
2017-12-13 18:04:30,161 DEBUG [main] [org.apache.http.wire]:72 - http-outgoing-0 >> "Connection: keep-alive[\r][\n]"
2017-12-13 18:04:30,161 DEBUG [main] [org.apache.http.wire]:72 - http-outgoing-0 >> "Accept: */*[\r][\n]"
2017-12-13 18:04:30,161 DEBUG [main] [org.apache.http.wire]:72 - http-outgoing-0 >> "Content-Type: application/x-www-form-urlencoded; charset=UTF-8[\r][\n]"
2017-12-13 18:04:30,161 DEBUG [main] [org.apache.http.wire]:72 - http-outgoing-0 >> "Host: api.mch.weixin.qq.com[\r][\n]"
2017-12-13 18:04:30,162 DEBUG [main] [org.apache.http.wire]:72 - http-outgoing-0 >> "X-Requested-With: XMLHttpRequest[\r][\n]"
2017-12-13 18:04:30,162 DEBUG [main] [org.apache.http.wire]:72 - http-outgoing-0 >> "Cache-Control: max-age=0[\r][\n]"
2017-12-13 18:04:30,162 DEBUG [main] [org.apache.http.wire]:72 - http-outgoing-0 >> "User-Agent: Mozilla/4.0 (compatible; MSIE 8.0; Windows NT 6.0) [\r][\n]"
2017-12-13 18:04:30,162 DEBUG [main] [org.apache.http.wire]:72 - http-outgoing-0 >> "Content-Length: 399[\r][\n]"
2017-12-13 18:04:30,162 DEBUG [main] [org.apache.http.wire]:72 - http-outgoing-0 >> "Accept-Encoding: gzip,deflate[\r][\n]"
2017-12-13 18:04:30,163 DEBUG [main] [org.apache.http.wire]:72 - http-outgoing-0 >> "[\r][\n]"
2017-12-13 18:04:30,163 DEBUG [main] [org.apache.http.wire]:86 - http-outgoing-0 >> "<xml><mch_appid>wxd0c763640d4b8f08</mch_appid><mchid>1486272382</mchid><nonce_str>F2E03082CE0E4A90A171834F02966CF8</nonce_str><partner_trade_no>431513159468770</partner_trade_no><openid>o5tP4v0LMeCnKzawLbuiAmDd8pAA</openid><check_name>NO_CHECK</check_name><amount>100</amount><desc>[0xe8][0xbf][0x91][0xe5][0x88][0xb0][0xe5][0xae][0xb6]</desc><spbill_create_ip>192.168.1.199</spbill_create_ip><sign>F2BF4F705FE24AC53EBD43F20E42D397</sign></xml>"
2017-12-13 18:04:30,260 DEBUG [main] [org.apache.http.wire]:72 - http-outgoing-0 << "HTTP/1.1 200 OK[\r][\n]"
2017-12-13 18:04:30,260 DEBUG [main] [org.apache.http.wire]:72 - http-outgoing-0 << "Server: nginx[\r][\n]"
2017-12-13 18:04:30,261 DEBUG [main] [org.apache.http.wire]:72 - http-outgoing-0 << "Date: Wed, 13 Dec 2017 10:04:58 GMT[\r][\n]"
2017-12-13 18:04:30,261 DEBUG [main] [org.apache.http.wire]:72 - http-outgoing-0 << "Content-Type: text/html; charset=UTF-8[\r][\n]"
2017-12-13 18:04:30,261 DEBUG [main] [org.apache.http.wire]:72 - http-outgoing-0 << "Content-Length: 296[\r][\n]"
2017-12-13 18:04:30,261 DEBUG [main] [org.apache.http.wire]:72 - http-outgoing-0 << "Connection: keep-alive[\r][\n]"
2017-12-13 18:04:30,262 DEBUG [main] [org.apache.http.wire]:72 - http-outgoing-0 << "Keep-Alive: timeout=8[\r][\n]"
2017-12-13 18:04:30,262 DEBUG [main] [org.apache.http.wire]:72 - http-outgoing-0 << "Cache-Control: no-cache, must-revalidate[\r][\n]"
2017-12-13 18:04:30,262 DEBUG [main] [org.apache.http.wire]:72 - http-outgoing-0 << "[\r][\n]"
2017-12-13 18:04:30,262 DEBUG [main] [org.apache.http.wire]:72 - http-outgoing-0 << "<xml>[\n]"
2017-12-13 18:04:30,263 DEBUG [main] [org.apache.http.wire]:72 - http-outgoing-0 << "<return_code><![CDATA[SUCCESS]]></return_code>[\n]"
2017-12-13 18:04:30,263 DEBUG [main] [org.apache.http.wire]:72 - http-outgoing-0 << "<return_msg><![CDATA[[0xe5][0x8f][0x82][0xe6][0x95][0xb0][0xe9][0x94][0x99][0xe8][0xaf][0xaf]:[0xe5][0xbf][0x85][0xe9][0xa1][0xbb][0xe8][0xbe][0x93][0xe5][0x85][0xa5][0xe5][0x95][0x86][0xe6][0x88][0xb7][0xe5][0x8f][0xb7]]]></return_msg>[\n]"
2017-12-13 18:04:30,263 DEBUG [main] [org.apache.http.wire]:72 - http-outgoing-0 << "<result_code><![CDATA[FAIL]]></result_code>[\n]"
2017-12-13 18:04:30,263 DEBUG [main] [org.apache.http.wire]:72 - http-outgoing-0 << "<err_code><![CDATA[PARAM_ERROR]]></err_code>[\n]"
2017-12-13 18:04:30,264 DEBUG [main] [org.apache.http.wire]:72 - http-outgoing-0 << "<err_code_des><![CDATA[[0xe5][0x8f][0x82][0xe6][0x95][0xb0][0xe9][0x94][0x99][0xe8][0xaf][0xaf]:[0xe5][0xbf][0x85][0xe9][0xa1][0xbb][0xe8][0xbe][0x93][0xe5][0x85][0xa5][0xe5][0x95][0x86][0xe6][0x88][0xb7][0xe5][0x8f][0xb7]]]></err_code_des>[\n]"
2017-12-13 18:04:30,264 DEBUG [main] [org.apache.http.wire]:86 - http-outgoing-0 << "</xml>"
2017-12-13 18:04:30,268 DEBUG [main] [org.apache.http.headers]:124 - http-outgoing-0 << HTTP/1.1 200 OK
2017-12-13 18:04:30,268 DEBUG [main] [org.apache.http.headers]:127 - http-outgoing-0 << Server: nginx
2017-12-13 18:04:30,268 DEBUG [main] [org.apache.http.headers]:127 - http-outgoing-0 << Date: Wed, 13 Dec 2017 10:04:58 GMT
2017-12-13 18:04:30,269 DEBUG [main] [org.apache.http.headers]:127 - http-outgoing-0 << Content-Type: text/html; charset=UTF-8
2017-12-13 18:04:30,269 DEBUG [main] [org.apache.http.headers]:127 - http-outgoing-0 << Content-Length: 296
2017-12-13 18:04:30,269 DEBUG [main] [org.apache.http.headers]:127 - http-outgoing-0 << Connection: keep-alive
2017-12-13 18:04:30,269 DEBUG [main] [org.apache.http.headers]:127 - http-outgoing-0 << Keep-Alive: timeout=8
2017-12-13 18:04:30,269 DEBUG [main] [org.apache.http.headers]:127 - http-outgoing-0 << Cache-Control: no-cache, must-revalidate
2017-12-13 18:04:30,293 DEBUG [main] [org.apache.http.impl.execchain.MainClientExec]:284 - Connection can be kept alive for 8000 MILLISECONDS
2017-12-13 18:04:30,299 DEBUG [main] [org.apache.http.impl.conn.PoolingHttpClientConnectionManager]:314 - Connection [id: 0][route: {s}->https://api.mch.weixin.qq.com:443][state: SURNAME=37238320, CN=重庆捷路科技有限公司, OU=MMPay, O=Tencent, L=Shenzhen, ST=Guangdong, C=CN] can be kept alive for 8.0 seconds
2017-12-13 18:04:30,299 DEBUG [main] [org.apache.http.impl.conn.PoolingHttpClientConnectionManager]:320 - Connection released: [id: 0][route: {s}->https://api.mch.weixin.qq.com:443][state: SURNAME=37238320, CN=重庆捷路科技有限公司, OU=MMPay, O=Tencent, L=Shenzhen, ST=Guangdong, C=CN][total kept alive: 1; route allocated: 1 of 2; total allocated: 1 of 20]
2017-12-13 18:06:41,612 DEBUG [main] [org.apache.http.client.protocol.RequestAddCookies]:122 - CookieSpec selected: default
2017-12-13 18:06:41,631 DEBUG [main] [org.apache.http.client.protocol.RequestAuthCache]:76 - Auth cache not set in the context
2017-12-13 18:06:41,634 DEBUG [main] [org.apache.http.impl.conn.PoolingHttpClientConnectionManager]:249 - Connection request: [route: {s}->https://api.mch.weixin.qq.com:443][total kept alive: 0; route allocated: 0 of 2; total allocated: 0 of 20]
2017-12-13 18:06:41,654 DEBUG [main] [org.apache.http.impl.conn.PoolingHttpClientConnectionManager]:282 - Connection leased: [id: 0][route: {s}->https://api.mch.weixin.qq.com:443][total kept alive: 0; route allocated: 1 of 2; total allocated: 1 of 20]
2017-12-13 18:06:41,657 DEBUG [main] [org.apache.http.impl.execchain.MainClientExec]:234 - Opening connection {s}->https://api.mch.weixin.qq.com:443
2017-12-13 18:06:41,665 DEBUG [main] [org.apache.http.impl.conn.DefaultHttpClientConnectionOperator]:138 - Connecting to api.mch.weixin.qq.com/182.254.10.62:443
2017-12-13 18:06:41,666 DEBUG [main] [org.apache.http.conn.ssl.SSLConnectionSocketFactory]:335 - Connecting socket to api.mch.weixin.qq.com/182.254.10.62:443 with timeout 0
2017-12-13 18:06:41,775 DEBUG [main] [org.apache.http.conn.ssl.SSLConnectionSocketFactory]:388 - Enabled protocols: [TLSv1]
2017-12-13 18:06:41,776 DEBUG [main] [org.apache.http.conn.ssl.SSLConnectionSocketFactory]:389 - Enabled cipher suites:[TLS_ECDHE_ECDSA_WITH_AES_128_CBC_SHA, TLS_ECDHE_RSA_WITH_AES_128_CBC_SHA, TLS_RSA_WITH_AES_128_CBC_SHA, TLS_ECDH_ECDSA_WITH_AES_128_CBC_SHA, TLS_ECDH_RSA_WITH_AES_128_CBC_SHA, TLS_DHE_RSA_WITH_AES_128_CBC_SHA, TLS_DHE_DSS_WITH_AES_128_CBC_SHA, TLS_ECDHE_ECDSA_WITH_RC4_128_SHA, TLS_ECDHE_RSA_WITH_RC4_128_SHA, SSL_RSA_WITH_RC4_128_SHA, TLS_ECDH_ECDSA_WITH_RC4_128_SHA, TLS_ECDH_RSA_WITH_RC4_128_SHA, TLS_ECDHE_ECDSA_WITH_3DES_EDE_CBC_SHA, TLS_ECDHE_RSA_WITH_3DES_EDE_CBC_SHA, SSL_RSA_WITH_3DES_EDE_CBC_SHA, TLS_ECDH_ECDSA_WITH_3DES_EDE_CBC_SHA, TLS_ECDH_RSA_WITH_3DES_EDE_CBC_SHA, SSL_DHE_RSA_WITH_3DES_EDE_CBC_SHA, SSL_DHE_DSS_WITH_3DES_EDE_CBC_SHA, SSL_RSA_WITH_RC4_128_MD5, TLS_EMPTY_RENEGOTIATION_INFO_SCSV]
2017-12-13 18:06:41,776 DEBUG [main] [org.apache.http.conn.ssl.SSLConnectionSocketFactory]:393 - Starting handshake
2017-12-13 18:06:41,983 DEBUG [main] [org.apache.http.conn.ssl.SSLConnectionSocketFactory]:423 - Secure session established
2017-12-13 18:06:41,984 DEBUG [main] [org.apache.http.conn.ssl.SSLConnectionSocketFactory]:424 -  negotiated protocol: TLSv1
2017-12-13 18:06:41,984 DEBUG [main] [org.apache.http.conn.ssl.SSLConnectionSocketFactory]:425 -  negotiated cipher suite: TLS_ECDHE_RSA_WITH_AES_128_CBC_SHA
2017-12-13 18:06:41,985 DEBUG [main] [org.apache.http.conn.ssl.SSLConnectionSocketFactory]:433 -  peer principal: CN=payapp.weixin.qq.com, OU=R&D, O=Tencent Technology (Shenzhen) Company Limited, L=shenzhen, ST=guangdong, C=CN
2017-12-13 18:06:41,986 DEBUG [main] [org.apache.http.conn.ssl.SSLConnectionSocketFactory]:442 -  peer alternative names: [apihk.mch.weixin.qq.com, pay.weops.qq.com, act.weixin.qq.com, fraud.mch.weixin.qq.com, action.weixin.qq.com, oz.weixin.qq.com, fraudus.mch.weixin.qq.com, apius.mch.weixin.qq.com, api2.mch.weixin.qq.com, api.oz.weixin.qq.com, mch.weixin.qq.com, fraudhk.mch.weixin.qq.com, pay.weixin.qq.com, za.pay.wechat.com, api.mch.weixin.qq.com, api.pay.weixin.qq.com, wx.gtimg.com, payapp.weixin.qq.com]
2017-12-13 18:06:41,986 DEBUG [main] [org.apache.http.conn.ssl.SSLConnectionSocketFactory]:446 -  issuer principal: CN=GeoTrust SSL CA - G3, O=GeoTrust Inc., C=US
2017-12-13 18:06:41,994 DEBUG [main] [org.apache.http.impl.conn.DefaultHttpClientConnectionOperator]:145 - Connection established 192.168.1.199:56480<->182.254.10.62:443
2017-12-13 18:06:41,995 DEBUG [main] [org.apache.http.impl.execchain.MainClientExec]:255 - Executing request POST /mmpaymkttransfers/gettransferinfo HTTP/1.1
2017-12-13 18:06:41,995 DEBUG [main] [org.apache.http.impl.execchain.MainClientExec]:260 - Target auth state: UNCHALLENGED
2017-12-13 18:06:41,996 DEBUG [main] [org.apache.http.impl.execchain.MainClientExec]:266 - Proxy auth state: UNCHALLENGED
2017-12-13 18:06:41,998 DEBUG [main] [org.apache.http.headers]:135 - http-outgoing-0 >> POST /mmpaymkttransfers/gettransferinfo HTTP/1.1
2017-12-13 18:06:41,999 DEBUG [main] [org.apache.http.headers]:138 - http-outgoing-0 >> Connection: keep-alive
2017-12-13 18:06:41,999 DEBUG [main] [org.apache.http.headers]:138 - http-outgoing-0 >> Accept: */*
2017-12-13 18:06:41,999 DEBUG [main] [org.apache.http.headers]:138 - http-outgoing-0 >> Content-Type: application/x-www-form-urlencoded; charset=UTF-8
2017-12-13 18:06:41,999 DEBUG [main] [org.apache.http.headers]:138 - http-outgoing-0 >> Host: api.mch.weixin.qq.com
2017-12-13 18:06:41,999 DEBUG [main] [org.apache.http.headers]:138 - http-outgoing-0 >> X-Requested-With: XMLHttpRequest
2017-12-13 18:06:42,000 DEBUG [main] [org.apache.http.headers]:138 - http-outgoing-0 >> Cache-Control: max-age=0
2017-12-13 18:06:42,000 DEBUG [main] [org.apache.http.headers]:138 - http-outgoing-0 >> User-Agent: Mozilla/4.0 (compatible; MSIE 8.0; Windows NT 6.0) 
2017-12-13 18:06:42,000 DEBUG [main] [org.apache.http.headers]:138 - http-outgoing-0 >> Content-Length: 399
2017-12-13 18:06:42,000 DEBUG [main] [org.apache.http.headers]:138 - http-outgoing-0 >> Accept-Encoding: gzip,deflate
2017-12-13 18:06:42,001 DEBUG [main] [org.apache.http.wire]:72 - http-outgoing-0 >> "POST /mmpaymkttransfers/gettransferinfo HTTP/1.1[\r][\n]"
2017-12-13 18:06:42,001 DEBUG [main] [org.apache.http.wire]:72 - http-outgoing-0 >> "Connection: keep-alive[\r][\n]"
2017-12-13 18:06:42,001 DEBUG [main] [org.apache.http.wire]:72 - http-outgoing-0 >> "Accept: */*[\r][\n]"
2017-12-13 18:06:42,002 DEBUG [main] [org.apache.http.wire]:72 - http-outgoing-0 >> "Content-Type: application/x-www-form-urlencoded; charset=UTF-8[\r][\n]"
2017-12-13 18:06:42,002 DEBUG [main] [org.apache.http.wire]:72 - http-outgoing-0 >> "Host: api.mch.weixin.qq.com[\r][\n]"
2017-12-13 18:06:42,002 DEBUG [main] [org.apache.http.wire]:72 - http-outgoing-0 >> "X-Requested-With: XMLHttpRequest[\r][\n]"
2017-12-13 18:06:42,003 DEBUG [main] [org.apache.http.wire]:72 - http-outgoing-0 >> "Cache-Control: max-age=0[\r][\n]"
2017-12-13 18:06:42,003 DEBUG [main] [org.apache.http.wire]:72 - http-outgoing-0 >> "User-Agent: Mozilla/4.0 (compatible; MSIE 8.0; Windows NT 6.0) [\r][\n]"
2017-12-13 18:06:42,003 DEBUG [main] [org.apache.http.wire]:72 - http-outgoing-0 >> "Content-Length: 399[\r][\n]"
2017-12-13 18:06:42,004 DEBUG [main] [org.apache.http.wire]:72 - http-outgoing-0 >> "Accept-Encoding: gzip,deflate[\r][\n]"
2017-12-13 18:06:42,004 DEBUG [main] [org.apache.http.wire]:72 - http-outgoing-0 >> "[\r][\n]"
2017-12-13 18:06:42,004 DEBUG [main] [org.apache.http.wire]:86 - http-outgoing-0 >> "<xml><mch_appid>wxd0c763640d4b8f08</mch_appid><mchid>1486272382</mchid><nonce_str>139238FEBE6F4B64AB137368418A1139</nonce_str><partner_trade_no>791513159600710</partner_trade_no><openid>o5tP4v0LMeCnKzawLbuiAmDd8pAA</openid><check_name>NO_CHECK</check_name><amount>100</amount><desc>[0xe8][0xbf][0x91][0xe5][0x88][0xb0][0xe5][0xae][0xb6]</desc><spbill_create_ip>192.168.1.199</spbill_create_ip><sign>BA2008418999FBE911296FDE22DB24B9</sign></xml>"
2017-12-13 18:06:42,097 DEBUG [main] [org.apache.http.wire]:72 - http-outgoing-0 << "HTTP/1.1 200 OK[\r][\n]"
2017-12-13 18:06:42,098 DEBUG [main] [org.apache.http.wire]:72 - http-outgoing-0 << "Server: nginx[\r][\n]"
2017-12-13 18:06:42,098 DEBUG [main] [org.apache.http.wire]:72 - http-outgoing-0 << "Date: Wed, 13 Dec 2017 10:07:10 GMT[\r][\n]"
2017-12-13 18:06:42,098 DEBUG [main] [org.apache.http.wire]:72 - http-outgoing-0 << "Content-Type: text/html; charset=UTF-8[\r][\n]"
2017-12-13 18:06:42,098 DEBUG [main] [org.apache.http.wire]:72 - http-outgoing-0 << "Content-Length: 296[\r][\n]"
2017-12-13 18:06:42,098 DEBUG [main] [org.apache.http.wire]:72 - http-outgoing-0 << "Connection: keep-alive[\r][\n]"
2017-12-13 18:06:42,099 DEBUG [main] [org.apache.http.wire]:72 - http-outgoing-0 << "Keep-Alive: timeout=8[\r][\n]"
2017-12-13 18:06:42,099 DEBUG [main] [org.apache.http.wire]:72 - http-outgoing-0 << "Cache-Control: no-cache, must-revalidate[\r][\n]"
2017-12-13 18:06:42,099 DEBUG [main] [org.apache.http.wire]:72 - http-outgoing-0 << "[\r][\n]"
2017-12-13 18:06:42,099 DEBUG [main] [org.apache.http.wire]:72 - http-outgoing-0 << "<xml>[\n]"
2017-12-13 18:06:42,099 DEBUG [main] [org.apache.http.wire]:72 - http-outgoing-0 << "<return_code><![CDATA[SUCCESS]]></return_code>[\n]"
2017-12-13 18:06:42,100 DEBUG [main] [org.apache.http.wire]:72 - http-outgoing-0 << "<return_msg><![CDATA[[0xe5][0x8f][0x82][0xe6][0x95][0xb0][0xe9][0x94][0x99][0xe8][0xaf][0xaf]:[0xe5][0xbf][0x85][0xe9][0xa1][0xbb][0xe8][0xbe][0x93][0xe5][0x85][0xa5][0xe5][0x95][0x86][0xe6][0x88][0xb7][0xe5][0x8f][0xb7]]]></return_msg>[\n]"
2017-12-13 18:06:42,100 DEBUG [main] [org.apache.http.wire]:72 - http-outgoing-0 << "<result_code><![CDATA[FAIL]]></result_code>[\n]"
2017-12-13 18:06:42,100 DEBUG [main] [org.apache.http.wire]:72 - http-outgoing-0 << "<err_code><![CDATA[PARAM_ERROR]]></err_code>[\n]"
2017-12-13 18:06:42,100 DEBUG [main] [org.apache.http.wire]:72 - http-outgoing-0 << "<err_code_des><![CDATA[[0xe5][0x8f][0x82][0xe6][0x95][0xb0][0xe9][0x94][0x99][0xe8][0xaf][0xaf]:[0xe5][0xbf][0x85][0xe9][0xa1][0xbb][0xe8][0xbe][0x93][0xe5][0x85][0xa5][0xe5][0x95][0x86][0xe6][0x88][0xb7][0xe5][0x8f][0xb7]]]></err_code_des>[\n]"
2017-12-13 18:06:42,101 DEBUG [main] [org.apache.http.wire]:86 - http-outgoing-0 << "</xml>"
2017-12-13 18:06:42,104 DEBUG [main] [org.apache.http.headers]:124 - http-outgoing-0 << HTTP/1.1 200 OK
2017-12-13 18:06:42,104 DEBUG [main] [org.apache.http.headers]:127 - http-outgoing-0 << Server: nginx
2017-12-13 18:06:42,105 DEBUG [main] [org.apache.http.headers]:127 - http-outgoing-0 << Date: Wed, 13 Dec 2017 10:07:10 GMT
2017-12-13 18:06:42,105 DEBUG [main] [org.apache.http.headers]:127 - http-outgoing-0 << Content-Type: text/html; charset=UTF-8
2017-12-13 18:06:42,105 DEBUG [main] [org.apache.http.headers]:127 - http-outgoing-0 << Content-Length: 296
2017-12-13 18:06:42,105 DEBUG [main] [org.apache.http.headers]:127 - http-outgoing-0 << Connection: keep-alive
2017-12-13 18:06:42,105 DEBUG [main] [org.apache.http.headers]:127 - http-outgoing-0 << Keep-Alive: timeout=8
2017-12-13 18:06:42,106 DEBUG [main] [org.apache.http.headers]:127 - http-outgoing-0 << Cache-Control: no-cache, must-revalidate
2017-12-13 18:06:42,127 DEBUG [main] [org.apache.http.impl.execchain.MainClientExec]:284 - Connection can be kept alive for 8000 MILLISECONDS
2017-12-13 18:06:42,132 DEBUG [main] [org.apache.http.impl.conn.PoolingHttpClientConnectionManager]:314 - Connection [id: 0][route: {s}->https://api.mch.weixin.qq.com:443][state: SURNAME=37238320, CN=重庆捷路科技有限公司, OU=MMPay, O=Tencent, L=Shenzhen, ST=Guangdong, C=CN] can be kept alive for 8.0 seconds
2017-12-13 18:06:42,133 DEBUG [main] [org.apache.http.impl.conn.PoolingHttpClientConnectionManager]:320 - Connection released: [id: 0][route: {s}->https://api.mch.weixin.qq.com:443][state: SURNAME=37238320, CN=重庆捷路科技有限公司, OU=MMPay, O=Tencent, L=Shenzhen, ST=Guangdong, C=CN][total kept alive: 1; route allocated: 1 of 2; total allocated: 1 of 20]
2017-12-13 18:08:51,456 DEBUG [main] [org.apache.http.client.protocol.RequestAddCookies]:122 - CookieSpec selected: default
2017-12-13 18:08:51,475 DEBUG [main] [org.apache.http.client.protocol.RequestAuthCache]:76 - Auth cache not set in the context
2017-12-13 18:08:51,477 DEBUG [main] [org.apache.http.impl.conn.PoolingHttpClientConnectionManager]:249 - Connection request: [route: {s}->https://api.mch.weixin.qq.com:443][total kept alive: 0; route allocated: 0 of 2; total allocated: 0 of 20]
2017-12-13 18:08:51,499 DEBUG [main] [org.apache.http.impl.conn.PoolingHttpClientConnectionManager]:282 - Connection leased: [id: 0][route: {s}->https://api.mch.weixin.qq.com:443][total kept alive: 0; route allocated: 1 of 2; total allocated: 1 of 20]
2017-12-13 18:08:51,501 DEBUG [main] [org.apache.http.impl.execchain.MainClientExec]:234 - Opening connection {s}->https://api.mch.weixin.qq.com:443
2017-12-13 18:08:51,511 DEBUG [main] [org.apache.http.impl.conn.DefaultHttpClientConnectionOperator]:138 - Connecting to api.mch.weixin.qq.com/182.254.10.62:443
2017-12-13 18:08:51,512 DEBUG [main] [org.apache.http.conn.ssl.SSLConnectionSocketFactory]:335 - Connecting socket to api.mch.weixin.qq.com/182.254.10.62:443 with timeout 0
2017-12-13 18:08:51,620 DEBUG [main] [org.apache.http.conn.ssl.SSLConnectionSocketFactory]:388 - Enabled protocols: [TLSv1]
2017-12-13 18:08:51,620 DEBUG [main] [org.apache.http.conn.ssl.SSLConnectionSocketFactory]:389 - Enabled cipher suites:[TLS_ECDHE_ECDSA_WITH_AES_128_CBC_SHA, TLS_ECDHE_RSA_WITH_AES_128_CBC_SHA, TLS_RSA_WITH_AES_128_CBC_SHA, TLS_ECDH_ECDSA_WITH_AES_128_CBC_SHA, TLS_ECDH_RSA_WITH_AES_128_CBC_SHA, TLS_DHE_RSA_WITH_AES_128_CBC_SHA, TLS_DHE_DSS_WITH_AES_128_CBC_SHA, TLS_ECDHE_ECDSA_WITH_RC4_128_SHA, TLS_ECDHE_RSA_WITH_RC4_128_SHA, SSL_RSA_WITH_RC4_128_SHA, TLS_ECDH_ECDSA_WITH_RC4_128_SHA, TLS_ECDH_RSA_WITH_RC4_128_SHA, TLS_ECDHE_ECDSA_WITH_3DES_EDE_CBC_SHA, TLS_ECDHE_RSA_WITH_3DES_EDE_CBC_SHA, SSL_RSA_WITH_3DES_EDE_CBC_SHA, TLS_ECDH_ECDSA_WITH_3DES_EDE_CBC_SHA, TLS_ECDH_RSA_WITH_3DES_EDE_CBC_SHA, SSL_DHE_RSA_WITH_3DES_EDE_CBC_SHA, SSL_DHE_DSS_WITH_3DES_EDE_CBC_SHA, SSL_RSA_WITH_RC4_128_MD5, TLS_EMPTY_RENEGOTIATION_INFO_SCSV]
2017-12-13 18:08:51,620 DEBUG [main] [org.apache.http.conn.ssl.SSLConnectionSocketFactory]:393 - Starting handshake
2017-12-13 18:08:51,839 DEBUG [main] [org.apache.http.conn.ssl.SSLConnectionSocketFactory]:423 - Secure session established
2017-12-13 18:08:51,840 DEBUG [main] [org.apache.http.conn.ssl.SSLConnectionSocketFactory]:424 -  negotiated protocol: TLSv1
2017-12-13 18:08:51,840 DEBUG [main] [org.apache.http.conn.ssl.SSLConnectionSocketFactory]:425 -  negotiated cipher suite: TLS_ECDHE_RSA_WITH_AES_128_CBC_SHA
2017-12-13 18:08:51,840 DEBUG [main] [org.apache.http.conn.ssl.SSLConnectionSocketFactory]:433 -  peer principal: CN=payapp.weixin.qq.com, OU=R&D, O=Tencent Technology (Shenzhen) Company Limited, L=shenzhen, ST=guangdong, C=CN
2017-12-13 18:08:51,841 DEBUG [main] [org.apache.http.conn.ssl.SSLConnectionSocketFactory]:442 -  peer alternative names: [apihk.mch.weixin.qq.com, pay.weops.qq.com, act.weixin.qq.com, fraud.mch.weixin.qq.com, action.weixin.qq.com, oz.weixin.qq.com, fraudus.mch.weixin.qq.com, apius.mch.weixin.qq.com, api2.mch.weixin.qq.com, api.oz.weixin.qq.com, mch.weixin.qq.com, fraudhk.mch.weixin.qq.com, pay.weixin.qq.com, za.pay.wechat.com, api.mch.weixin.qq.com, api.pay.weixin.qq.com, wx.gtimg.com, payapp.weixin.qq.com]
2017-12-13 18:08:51,841 DEBUG [main] [org.apache.http.conn.ssl.SSLConnectionSocketFactory]:446 -  issuer principal: CN=GeoTrust SSL CA - G3, O=GeoTrust Inc., C=US
2017-12-13 18:08:51,848 DEBUG [main] [org.apache.http.impl.conn.DefaultHttpClientConnectionOperator]:145 - Connection established 192.168.1.199:56847<->182.254.10.62:443
2017-12-13 18:08:51,848 DEBUG [main] [org.apache.http.impl.execchain.MainClientExec]:255 - Executing request POST /mmpaymkttransfers/gettransferinfo HTTP/1.1
2017-12-13 18:08:51,849 DEBUG [main] [org.apache.http.impl.execchain.MainClientExec]:260 - Target auth state: UNCHALLENGED
2017-12-13 18:08:51,849 DEBUG [main] [org.apache.http.impl.execchain.MainClientExec]:266 - Proxy auth state: UNCHALLENGED
2017-12-13 18:08:51,851 DEBUG [main] [org.apache.http.headers]:135 - http-outgoing-0 >> POST /mmpaymkttransfers/gettransferinfo HTTP/1.1
2017-12-13 18:08:51,852 DEBUG [main] [org.apache.http.headers]:138 - http-outgoing-0 >> Connection: keep-alive
2017-12-13 18:08:51,852 DEBUG [main] [org.apache.http.headers]:138 - http-outgoing-0 >> Accept: */*
2017-12-13 18:08:51,852 DEBUG [main] [org.apache.http.headers]:138 - http-outgoing-0 >> Content-Type: application/x-www-form-urlencoded; charset=UTF-8
2017-12-13 18:08:51,852 DEBUG [main] [org.apache.http.headers]:138 - http-outgoing-0 >> Host: api.mch.weixin.qq.com
2017-12-13 18:08:51,852 DEBUG [main] [org.apache.http.headers]:138 - http-outgoing-0 >> X-Requested-With: XMLHttpRequest
2017-12-13 18:08:51,853 DEBUG [main] [org.apache.http.headers]:138 - http-outgoing-0 >> Cache-Control: max-age=0
2017-12-13 18:08:51,853 DEBUG [main] [org.apache.http.headers]:138 - http-outgoing-0 >> User-Agent: Mozilla/4.0 (compatible; MSIE 8.0; Windows NT 6.0) 
2017-12-13 18:08:51,853 DEBUG [main] [org.apache.http.headers]:138 - http-outgoing-0 >> Content-Length: 399
2017-12-13 18:08:51,853 DEBUG [main] [org.apache.http.headers]:138 - http-outgoing-0 >> Accept-Encoding: gzip,deflate
2017-12-13 18:08:51,854 DEBUG [main] [org.apache.http.wire]:72 - http-outgoing-0 >> "POST /mmpaymkttransfers/gettransferinfo HTTP/1.1[\r][\n]"
2017-12-13 18:08:51,854 DEBUG [main] [org.apache.http.wire]:72 - http-outgoing-0 >> "Connection: keep-alive[\r][\n]"
2017-12-13 18:08:51,854 DEBUG [main] [org.apache.http.wire]:72 - http-outgoing-0 >> "Accept: */*[\r][\n]"
2017-12-13 18:08:51,854 DEBUG [main] [org.apache.http.wire]:72 - http-outgoing-0 >> "Content-Type: application/x-www-form-urlencoded; charset=UTF-8[\r][\n]"
2017-12-13 18:08:51,855 DEBUG [main] [org.apache.http.wire]:72 - http-outgoing-0 >> "Host: api.mch.weixin.qq.com[\r][\n]"
2017-12-13 18:08:51,855 DEBUG [main] [org.apache.http.wire]:72 - http-outgoing-0 >> "X-Requested-With: XMLHttpRequest[\r][\n]"
2017-12-13 18:08:51,855 DEBUG [main] [org.apache.http.wire]:72 - http-outgoing-0 >> "Cache-Control: max-age=0[\r][\n]"
2017-12-13 18:08:51,855 DEBUG [main] [org.apache.http.wire]:72 - http-outgoing-0 >> "User-Agent: Mozilla/4.0 (compatible; MSIE 8.0; Windows NT 6.0) [\r][\n]"
2017-12-13 18:08:51,856 DEBUG [main] [org.apache.http.wire]:72 - http-outgoing-0 >> "Content-Length: 399[\r][\n]"
2017-12-13 18:08:51,856 DEBUG [main] [org.apache.http.wire]:72 - http-outgoing-0 >> "Accept-Encoding: gzip,deflate[\r][\n]"
2017-12-13 18:08:51,856 DEBUG [main] [org.apache.http.wire]:72 - http-outgoing-0 >> "[\r][\n]"
2017-12-13 18:08:51,856 DEBUG [main] [org.apache.http.wire]:86 - http-outgoing-0 >> "<xml><mch_appid>wxd0c763640d4b8f08</mch_appid><mchid>1486272382</mchid><nonce_str>E881A672B0E342DCADE0F2779230D117</nonce_str><partner_trade_no>641513159730534</partner_trade_no><openid>o5tP4v0LMeCnKzawLbuiAmDd8pAA</openid><check_name>NO_CHECK</check_name><amount>100</amount><desc>[0xe8][0xbf][0x91][0xe5][0x88][0xb0][0xe5][0xae][0xb6]</desc><spbill_create_ip>192.168.1.199</spbill_create_ip><sign>02F3141A1A15C918759596E0BCF12A4C</sign></xml>"
2017-12-13 18:08:51,956 DEBUG [main] [org.apache.http.wire]:72 - http-outgoing-0 << "HTTP/1.1 200 OK[\r][\n]"
2017-12-13 18:08:51,957 DEBUG [main] [org.apache.http.wire]:72 - http-outgoing-0 << "Server: nginx[\r][\n]"
2017-12-13 18:08:51,957 DEBUG [main] [org.apache.http.wire]:72 - http-outgoing-0 << "Date: Wed, 13 Dec 2017 10:09:21 GMT[\r][\n]"
2017-12-13 18:08:51,957 DEBUG [main] [org.apache.http.wire]:72 - http-outgoing-0 << "Content-Type: text/html; charset=UTF-8[\r][\n]"
2017-12-13 18:08:51,957 DEBUG [main] [org.apache.http.wire]:72 - http-outgoing-0 << "Content-Length: 296[\r][\n]"
2017-12-13 18:08:51,957 DEBUG [main] [org.apache.http.wire]:72 - http-outgoing-0 << "Connection: keep-alive[\r][\n]"
2017-12-13 18:08:51,958 DEBUG [main] [org.apache.http.wire]:72 - http-outgoing-0 << "Keep-Alive: timeout=8[\r][\n]"
2017-12-13 18:08:51,958 DEBUG [main] [org.apache.http.wire]:72 - http-outgoing-0 << "Cache-Control: no-cache, must-revalidate[\r][\n]"
2017-12-13 18:08:51,958 DEBUG [main] [org.apache.http.wire]:72 - http-outgoing-0 << "[\r][\n]"
2017-12-13 18:08:51,958 DEBUG [main] [org.apache.http.wire]:72 - http-outgoing-0 << "<xml>[\n]"
2017-12-13 18:08:51,958 DEBUG [main] [org.apache.http.wire]:72 - http-outgoing-0 << "<return_code><![CDATA[SUCCESS]]></return_code>[\n]"
2017-12-13 18:08:51,959 DEBUG [main] [org.apache.http.wire]:72 - http-outgoing-0 << "<return_msg><![CDATA[[0xe5][0x8f][0x82][0xe6][0x95][0xb0][0xe9][0x94][0x99][0xe8][0xaf][0xaf]:[0xe5][0xbf][0x85][0xe9][0xa1][0xbb][0xe8][0xbe][0x93][0xe5][0x85][0xa5][0xe5][0x95][0x86][0xe6][0x88][0xb7][0xe5][0x8f][0xb7]]]></return_msg>[\n]"
2017-12-13 18:08:51,959 DEBUG [main] [org.apache.http.wire]:72 - http-outgoing-0 << "<result_code><![CDATA[FAIL]]></result_code>[\n]"
2017-12-13 18:08:51,959 DEBUG [main] [org.apache.http.wire]:72 - http-outgoing-0 << "<err_code><![CDATA[PARAM_ERROR]]></err_code>[\n]"
2017-12-13 18:08:51,959 DEBUG [main] [org.apache.http.wire]:72 - http-outgoing-0 << "<err_code_des><![CDATA[[0xe5][0x8f][0x82][0xe6][0x95][0xb0][0xe9][0x94][0x99][0xe8][0xaf][0xaf]:[0xe5][0xbf][0x85][0xe9][0xa1][0xbb][0xe8][0xbe][0x93][0xe5][0x85][0xa5][0xe5][0x95][0x86][0xe6][0x88][0xb7][0xe5][0x8f][0xb7]]]></err_code_des>[\n]"
2017-12-13 18:08:51,960 DEBUG [main] [org.apache.http.wire]:86 - http-outgoing-0 << "</xml>"
2017-12-13 18:08:51,963 DEBUG [main] [org.apache.http.headers]:124 - http-outgoing-0 << HTTP/1.1 200 OK
2017-12-13 18:08:51,964 DEBUG [main] [org.apache.http.headers]:127 - http-outgoing-0 << Server: nginx
2017-12-13 18:08:51,964 DEBUG [main] [org.apache.http.headers]:127 - http-outgoing-0 << Date: Wed, 13 Dec 2017 10:09:21 GMT
2017-12-13 18:08:51,964 DEBUG [main] [org.apache.http.headers]:127 - http-outgoing-0 << Content-Type: text/html; charset=UTF-8
2017-12-13 18:08:51,964 DEBUG [main] [org.apache.http.headers]:127 - http-outgoing-0 << Content-Length: 296
2017-12-13 18:08:51,964 DEBUG [main] [org.apache.http.headers]:127 - http-outgoing-0 << Connection: keep-alive
2017-12-13 18:08:51,965 DEBUG [main] [org.apache.http.headers]:127 - http-outgoing-0 << Keep-Alive: timeout=8
2017-12-13 18:08:51,965 DEBUG [main] [org.apache.http.headers]:127 - http-outgoing-0 << Cache-Control: no-cache, must-revalidate
2017-12-13 18:08:51,987 DEBUG [main] [org.apache.http.impl.execchain.MainClientExec]:284 - Connection can be kept alive for 8000 MILLISECONDS
2017-12-13 18:08:51,992 DEBUG [main] [org.apache.http.impl.conn.PoolingHttpClientConnectionManager]:314 - Connection [id: 0][route: {s}->https://api.mch.weixin.qq.com:443][state: SURNAME=37238320, CN=重庆捷路科技有限公司, OU=MMPay, O=Tencent, L=Shenzhen, ST=Guangdong, C=CN] can be kept alive for 8.0 seconds
2017-12-13 18:08:51,992 DEBUG [main] [org.apache.http.impl.conn.PoolingHttpClientConnectionManager]:320 - Connection released: [id: 0][route: {s}->https://api.mch.weixin.qq.com:443][state: SURNAME=37238320, CN=重庆捷路科技有限公司, OU=MMPay, O=Tencent, L=Shenzhen, ST=Guangdong, C=CN][total kept alive: 1; route allocated: 1 of 2; total allocated: 1 of 20]
2017-12-13 18:09:23,725 DEBUG [main] [org.apache.http.client.protocol.RequestAddCookies]:122 - CookieSpec selected: default
2017-12-13 18:09:23,744 DEBUG [main] [org.apache.http.client.protocol.RequestAuthCache]:76 - Auth cache not set in the context
2017-12-13 18:09:23,746 DEBUG [main] [org.apache.http.impl.conn.PoolingHttpClientConnectionManager]:249 - Connection request: [route: {s}->https://api.mch.weixin.qq.com:443][total kept alive: 0; route allocated: 0 of 2; total allocated: 0 of 20]
2017-12-13 18:09:23,767 DEBUG [main] [org.apache.http.impl.conn.PoolingHttpClientConnectionManager]:282 - Connection leased: [id: 0][route: {s}->https://api.mch.weixin.qq.com:443][total kept alive: 0; route allocated: 1 of 2; total allocated: 1 of 20]
2017-12-13 18:09:23,769 DEBUG [main] [org.apache.http.impl.execchain.MainClientExec]:234 - Opening connection {s}->https://api.mch.weixin.qq.com:443
2017-12-13 18:09:23,778 DEBUG [main] [org.apache.http.impl.conn.DefaultHttpClientConnectionOperator]:138 - Connecting to api.mch.weixin.qq.com/182.254.78.168:443
2017-12-13 18:09:23,778 DEBUG [main] [org.apache.http.conn.ssl.SSLConnectionSocketFactory]:335 - Connecting socket to api.mch.weixin.qq.com/182.254.78.168:443 with timeout 0
2017-12-13 18:09:23,884 DEBUG [main] [org.apache.http.conn.ssl.SSLConnectionSocketFactory]:388 - Enabled protocols: [TLSv1]
2017-12-13 18:09:23,885 DEBUG [main] [org.apache.http.conn.ssl.SSLConnectionSocketFactory]:389 - Enabled cipher suites:[TLS_ECDHE_ECDSA_WITH_AES_128_CBC_SHA, TLS_ECDHE_RSA_WITH_AES_128_CBC_SHA, TLS_RSA_WITH_AES_128_CBC_SHA, TLS_ECDH_ECDSA_WITH_AES_128_CBC_SHA, TLS_ECDH_RSA_WITH_AES_128_CBC_SHA, TLS_DHE_RSA_WITH_AES_128_CBC_SHA, TLS_DHE_DSS_WITH_AES_128_CBC_SHA, TLS_ECDHE_ECDSA_WITH_RC4_128_SHA, TLS_ECDHE_RSA_WITH_RC4_128_SHA, SSL_RSA_WITH_RC4_128_SHA, TLS_ECDH_ECDSA_WITH_RC4_128_SHA, TLS_ECDH_RSA_WITH_RC4_128_SHA, TLS_ECDHE_ECDSA_WITH_3DES_EDE_CBC_SHA, TLS_ECDHE_RSA_WITH_3DES_EDE_CBC_SHA, SSL_RSA_WITH_3DES_EDE_CBC_SHA, TLS_ECDH_ECDSA_WITH_3DES_EDE_CBC_SHA, TLS_ECDH_RSA_WITH_3DES_EDE_CBC_SHA, SSL_DHE_RSA_WITH_3DES_EDE_CBC_SHA, SSL_DHE_DSS_WITH_3DES_EDE_CBC_SHA, SSL_RSA_WITH_RC4_128_MD5, TLS_EMPTY_RENEGOTIATION_INFO_SCSV]
2017-12-13 18:09:23,885 DEBUG [main] [org.apache.http.conn.ssl.SSLConnectionSocketFactory]:393 - Starting handshake
2017-12-13 18:09:24,102 DEBUG [main] [org.apache.http.conn.ssl.SSLConnectionSocketFactory]:423 - Secure session established
2017-12-13 18:09:24,103 DEBUG [main] [org.apache.http.conn.ssl.SSLConnectionSocketFactory]:424 -  negotiated protocol: TLSv1
2017-12-13 18:09:24,104 DEBUG [main] [org.apache.http.conn.ssl.SSLConnectionSocketFactory]:425 -  negotiated cipher suite: TLS_ECDHE_RSA_WITH_AES_128_CBC_SHA
2017-12-13 18:09:24,104 DEBUG [main] [org.apache.http.conn.ssl.SSLConnectionSocketFactory]:433 -  peer principal: CN=payapp.weixin.qq.com, OU=R&D, O=Tencent Technology (Shenzhen) Company Limited, L=shenzhen, ST=guangdong, C=CN
2017-12-13 18:09:24,105 DEBUG [main] [org.apache.http.conn.ssl.SSLConnectionSocketFactory]:442 -  peer alternative names: [apihk.mch.weixin.qq.com, pay.weops.qq.com, act.weixin.qq.com, fraud.mch.weixin.qq.com, action.weixin.qq.com, oz.weixin.qq.com, fraudus.mch.weixin.qq.com, apius.mch.weixin.qq.com, api2.mch.weixin.qq.com, api.oz.weixin.qq.com, mch.weixin.qq.com, fraudhk.mch.weixin.qq.com, pay.weixin.qq.com, za.pay.wechat.com, api.mch.weixin.qq.com, api.pay.weixin.qq.com, wx.gtimg.com, payapp.weixin.qq.com]
2017-12-13 18:09:24,105 DEBUG [main] [org.apache.http.conn.ssl.SSLConnectionSocketFactory]:446 -  issuer principal: CN=GeoTrust SSL CA - G3, O=GeoTrust Inc., C=US
2017-12-13 18:09:24,112 DEBUG [main] [org.apache.http.impl.conn.DefaultHttpClientConnectionOperator]:145 - Connection established 192.168.1.199:56905<->182.254.78.168:443
2017-12-13 18:09:24,113 DEBUG [main] [org.apache.http.impl.execchain.MainClientExec]:255 - Executing request POST /mmpaymkttransfers/promotion/transfers HTTP/1.1
2017-12-13 18:09:24,113 DEBUG [main] [org.apache.http.impl.execchain.MainClientExec]:260 - Target auth state: UNCHALLENGED
2017-12-13 18:09:24,114 DEBUG [main] [org.apache.http.impl.execchain.MainClientExec]:266 - Proxy auth state: UNCHALLENGED
2017-12-13 18:09:24,116 DEBUG [main] [org.apache.http.headers]:135 - http-outgoing-0 >> POST /mmpaymkttransfers/promotion/transfers HTTP/1.1
2017-12-13 18:09:24,117 DEBUG [main] [org.apache.http.headers]:138 - http-outgoing-0 >> Connection: keep-alive
2017-12-13 18:09:24,117 DEBUG [main] [org.apache.http.headers]:138 - http-outgoing-0 >> Accept: */*
2017-12-13 18:09:24,118 DEBUG [main] [org.apache.http.headers]:138 - http-outgoing-0 >> Content-Type: application/x-www-form-urlencoded; charset=UTF-8
2017-12-13 18:09:24,118 DEBUG [main] [org.apache.http.headers]:138 - http-outgoing-0 >> Host: api.mch.weixin.qq.com
2017-12-13 18:09:24,118 DEBUG [main] [org.apache.http.headers]:138 - http-outgoing-0 >> X-Requested-With: XMLHttpRequest
2017-12-13 18:09:24,118 DEBUG [main] [org.apache.http.headers]:138 - http-outgoing-0 >> Cache-Control: max-age=0
2017-12-13 18:09:24,119 DEBUG [main] [org.apache.http.headers]:138 - http-outgoing-0 >> User-Agent: Mozilla/4.0 (compatible; MSIE 8.0; Windows NT 6.0) 
2017-12-13 18:09:24,119 DEBUG [main] [org.apache.http.headers]:138 - http-outgoing-0 >> Content-Length: 399
2017-12-13 18:09:24,119 DEBUG [main] [org.apache.http.headers]:138 - http-outgoing-0 >> Accept-Encoding: gzip,deflate
2017-12-13 18:09:24,120 DEBUG [main] [org.apache.http.wire]:72 - http-outgoing-0 >> "POST /mmpaymkttransfers/promotion/transfers HTTP/1.1[\r][\n]"
2017-12-13 18:09:24,120 DEBUG [main] [org.apache.http.wire]:72 - http-outgoing-0 >> "Connection: keep-alive[\r][\n]"
2017-12-13 18:09:24,120 DEBUG [main] [org.apache.http.wire]:72 - http-outgoing-0 >> "Accept: */*[\r][\n]"
2017-12-13 18:09:24,120 DEBUG [main] [org.apache.http.wire]:72 - http-outgoing-0 >> "Content-Type: application/x-www-form-urlencoded; charset=UTF-8[\r][\n]"
2017-12-13 18:09:24,121 DEBUG [main] [org.apache.http.wire]:72 - http-outgoing-0 >> "Host: api.mch.weixin.qq.com[\r][\n]"
2017-12-13 18:09:24,121 DEBUG [main] [org.apache.http.wire]:72 - http-outgoing-0 >> "X-Requested-With: XMLHttpRequest[\r][\n]"
2017-12-13 18:09:24,121 DEBUG [main] [org.apache.http.wire]:72 - http-outgoing-0 >> "Cache-Control: max-age=0[\r][\n]"
2017-12-13 18:09:24,121 DEBUG [main] [org.apache.http.wire]:72 - http-outgoing-0 >> "User-Agent: Mozilla/4.0 (compatible; MSIE 8.0; Windows NT 6.0) [\r][\n]"
2017-12-13 18:09:24,122 DEBUG [main] [org.apache.http.wire]:72 - http-outgoing-0 >> "Content-Length: 399[\r][\n]"
2017-12-13 18:09:24,122 DEBUG [main] [org.apache.http.wire]:72 - http-outgoing-0 >> "Accept-Encoding: gzip,deflate[\r][\n]"
2017-12-13 18:09:24,122 DEBUG [main] [org.apache.http.wire]:72 - http-outgoing-0 >> "[\r][\n]"
2017-12-13 18:09:24,122 DEBUG [main] [org.apache.http.wire]:86 - http-outgoing-0 >> "<xml><mch_appid>wxd0c763640d4b8f08</mch_appid><mchid>1486272382</mchid><nonce_str>9E5156512E4E49918F48C01548CEE449</nonce_str><partner_trade_no>331513159762822</partner_trade_no><openid>o5tP4v0LMeCnKzawLbuiAmDd8pAA</openid><check_name>NO_CHECK</check_name><amount>100</amount><desc>[0xe8][0xbf][0x91][0xe5][0x88][0xb0][0xe5][0xae][0xb6]</desc><spbill_create_ip>192.168.1.199</spbill_create_ip><sign>21187FBABD8BA0F9A0956F590B58BBE5</sign></xml>"
2017-12-13 18:09:24,283 DEBUG [main] [org.apache.http.wire]:72 - http-outgoing-0 << "HTTP/1.1 200 OK[\r][\n]"
2017-12-13 18:09:24,283 DEBUG [main] [org.apache.http.wire]:72 - http-outgoing-0 << "Server: nginx[\r][\n]"
2017-12-13 18:09:24,284 DEBUG [main] [org.apache.http.wire]:72 - http-outgoing-0 << "Date: Wed, 13 Dec 2017 10:09:53 GMT[\r][\n]"
2017-12-13 18:09:24,284 DEBUG [main] [org.apache.http.wire]:72 - http-outgoing-0 << "Content-Type: text/html; charset=UTF-8[\r][\n]"
2017-12-13 18:09:24,284 DEBUG [main] [org.apache.http.wire]:72 - http-outgoing-0 << "Content-Length: 287[\r][\n]"
2017-12-13 18:09:24,285 DEBUG [main] [org.apache.http.wire]:72 - http-outgoing-0 << "Connection: keep-alive[\r][\n]"
2017-12-13 18:09:24,285 DEBUG [main] [org.apache.http.wire]:72 - http-outgoing-0 << "Keep-Alive: timeout=8[\r][\n]"
2017-12-13 18:09:24,285 DEBUG [main] [org.apache.http.wire]:72 - http-outgoing-0 << "Cache-Control: no-cache, must-revalidate[\r][\n]"
2017-12-13 18:09:24,285 DEBUG [main] [org.apache.http.wire]:72 - http-outgoing-0 << "[\r][\n]"
2017-12-13 18:09:24,285 DEBUG [main] [org.apache.http.wire]:72 - http-outgoing-0 << "<xml>[\n]"
2017-12-13 18:09:24,286 DEBUG [main] [org.apache.http.wire]:72 - http-outgoing-0 << "<return_code><![CDATA[SUCCESS]]></return_code>[\n]"
2017-12-13 18:09:24,286 DEBUG [main] [org.apache.http.wire]:72 - http-outgoing-0 << "<return_msg><![CDATA[SIGN_ERROR]]></return_msg>[\n]"
2017-12-13 18:09:24,286 DEBUG [main] [org.apache.http.wire]:72 - http-outgoing-0 << "<mchid><![CDATA[1486272382]]></mchid>[\n]"
2017-12-13 18:09:24,286 DEBUG [main] [org.apache.http.wire]:72 - http-outgoing-0 << "<result_code><![CDATA[FAIL]]></result_code>[\n]"
2017-12-13 18:09:24,286 DEBUG [main] [org.apache.http.wire]:72 - http-outgoing-0 << "<err_code><![CDATA[SIGN_ERROR]]></err_code>[\n]"
2017-12-13 18:09:24,287 DEBUG [main] [org.apache.http.wire]:72 - http-outgoing-0 << "<err_code_des><![CDATA[[0xe7][0xad][0xbe][0xe5][0x90][0x8d][0xe9][0x94][0x99][0xe8][0xaf][0xaf]]]></err_code_des>[\n]"
2017-12-13 18:09:24,287 DEBUG [main] [org.apache.http.wire]:86 - http-outgoing-0 << "</xml>"
2017-12-13 18:09:24,291 DEBUG [main] [org.apache.http.headers]:124 - http-outgoing-0 << HTTP/1.1 200 OK
2017-12-13 18:09:24,291 DEBUG [main] [org.apache.http.headers]:127 - http-outgoing-0 << Server: nginx
2017-12-13 18:09:24,291 DEBUG [main] [org.apache.http.headers]:127 - http-outgoing-0 << Date: Wed, 13 Dec 2017 10:09:53 GMT
2017-12-13 18:09:24,291 DEBUG [main] [org.apache.http.headers]:127 - http-outgoing-0 << Content-Type: text/html; charset=UTF-8
2017-12-13 18:09:24,291 DEBUG [main] [org.apache.http.headers]:127 - http-outgoing-0 << Content-Length: 287
2017-12-13 18:09:24,292 DEBUG [main] [org.apache.http.headers]:127 - http-outgoing-0 << Connection: keep-alive
2017-12-13 18:09:24,292 DEBUG [main] [org.apache.http.headers]:127 - http-outgoing-0 << Keep-Alive: timeout=8
2017-12-13 18:09:24,292 DEBUG [main] [org.apache.http.headers]:127 - http-outgoing-0 << Cache-Control: no-cache, must-revalidate
2017-12-13 18:09:24,326 DEBUG [main] [org.apache.http.impl.execchain.MainClientExec]:284 - Connection can be kept alive for 8000 MILLISECONDS
2017-12-13 18:09:24,331 DEBUG [main] [org.apache.http.impl.conn.PoolingHttpClientConnectionManager]:314 - Connection [id: 0][route: {s}->https://api.mch.weixin.qq.com:443][state: SURNAME=37238320, CN=重庆捷路科技有限公司, OU=MMPay, O=Tencent, L=Shenzhen, ST=Guangdong, C=CN] can be kept alive for 8.0 seconds
2017-12-13 18:09:24,331 DEBUG [main] [org.apache.http.impl.conn.PoolingHttpClientConnectionManager]:320 - Connection released: [id: 0][route: {s}->https://api.mch.weixin.qq.com:443][state: SURNAME=37238320, CN=重庆捷路科技有限公司, OU=MMPay, O=Tencent, L=Shenzhen, ST=Guangdong, C=CN][total kept alive: 1; route allocated: 1 of 2; total allocated: 1 of 20]
2017-12-13 18:10:20,510 DEBUG [main] [org.apache.http.client.protocol.RequestAddCookies]:122 - CookieSpec selected: default
2017-12-13 18:10:20,528 DEBUG [main] [org.apache.http.client.protocol.RequestAuthCache]:76 - Auth cache not set in the context
2017-12-13 18:10:20,531 DEBUG [main] [org.apache.http.impl.conn.PoolingHttpClientConnectionManager]:249 - Connection request: [route: {s}->https://api.mch.weixin.qq.com:443][total kept alive: 0; route allocated: 0 of 2; total allocated: 0 of 20]
2017-12-13 18:10:20,552 DEBUG [main] [org.apache.http.impl.conn.PoolingHttpClientConnectionManager]:282 - Connection leased: [id: 0][route: {s}->https://api.mch.weixin.qq.com:443][total kept alive: 0; route allocated: 1 of 2; total allocated: 1 of 20]
2017-12-13 18:10:20,555 DEBUG [main] [org.apache.http.impl.execchain.MainClientExec]:234 - Opening connection {s}->https://api.mch.weixin.qq.com:443
2017-12-13 18:10:20,564 DEBUG [main] [org.apache.http.impl.conn.DefaultHttpClientConnectionOperator]:138 - Connecting to api.mch.weixin.qq.com/182.254.78.168:443
2017-12-13 18:10:20,565 DEBUG [main] [org.apache.http.conn.ssl.SSLConnectionSocketFactory]:335 - Connecting socket to api.mch.weixin.qq.com/182.254.78.168:443 with timeout 0
2017-12-13 18:10:20,674 DEBUG [main] [org.apache.http.conn.ssl.SSLConnectionSocketFactory]:388 - Enabled protocols: [TLSv1]
2017-12-13 18:10:20,674 DEBUG [main] [org.apache.http.conn.ssl.SSLConnectionSocketFactory]:389 - Enabled cipher suites:[TLS_ECDHE_ECDSA_WITH_AES_128_CBC_SHA, TLS_ECDHE_RSA_WITH_AES_128_CBC_SHA, TLS_RSA_WITH_AES_128_CBC_SHA, TLS_ECDH_ECDSA_WITH_AES_128_CBC_SHA, TLS_ECDH_RSA_WITH_AES_128_CBC_SHA, TLS_DHE_RSA_WITH_AES_128_CBC_SHA, TLS_DHE_DSS_WITH_AES_128_CBC_SHA, TLS_ECDHE_ECDSA_WITH_RC4_128_SHA, TLS_ECDHE_RSA_WITH_RC4_128_SHA, SSL_RSA_WITH_RC4_128_SHA, TLS_ECDH_ECDSA_WITH_RC4_128_SHA, TLS_ECDH_RSA_WITH_RC4_128_SHA, TLS_ECDHE_ECDSA_WITH_3DES_EDE_CBC_SHA, TLS_ECDHE_RSA_WITH_3DES_EDE_CBC_SHA, SSL_RSA_WITH_3DES_EDE_CBC_SHA, TLS_ECDH_ECDSA_WITH_3DES_EDE_CBC_SHA, TLS_ECDH_RSA_WITH_3DES_EDE_CBC_SHA, SSL_DHE_RSA_WITH_3DES_EDE_CBC_SHA, SSL_DHE_DSS_WITH_3DES_EDE_CBC_SHA, SSL_RSA_WITH_RC4_128_MD5, TLS_EMPTY_RENEGOTIATION_INFO_SCSV]
2017-12-13 18:10:20,674 DEBUG [main] [org.apache.http.conn.ssl.SSLConnectionSocketFactory]:393 - Starting handshake
2017-12-13 18:10:20,910 DEBUG [main] [org.apache.http.conn.ssl.SSLConnectionSocketFactory]:423 - Secure session established
2017-12-13 18:10:20,911 DEBUG [main] [org.apache.http.conn.ssl.SSLConnectionSocketFactory]:424 -  negotiated protocol: TLSv1
2017-12-13 18:10:20,911 DEBUG [main] [org.apache.http.conn.ssl.SSLConnectionSocketFactory]:425 -  negotiated cipher suite: TLS_ECDHE_RSA_WITH_AES_128_CBC_SHA
2017-12-13 18:10:20,912 DEBUG [main] [org.apache.http.conn.ssl.SSLConnectionSocketFactory]:433 -  peer principal: CN=payapp.weixin.qq.com, OU=R&D, O=Tencent Technology (Shenzhen) Company Limited, L=shenzhen, ST=guangdong, C=CN
2017-12-13 18:10:20,912 DEBUG [main] [org.apache.http.conn.ssl.SSLConnectionSocketFactory]:442 -  peer alternative names: [apihk.mch.weixin.qq.com, pay.weops.qq.com, act.weixin.qq.com, fraud.mch.weixin.qq.com, action.weixin.qq.com, oz.weixin.qq.com, fraudus.mch.weixin.qq.com, apius.mch.weixin.qq.com, api2.mch.weixin.qq.com, api.oz.weixin.qq.com, mch.weixin.qq.com, fraudhk.mch.weixin.qq.com, pay.weixin.qq.com, za.pay.wechat.com, api.mch.weixin.qq.com, api.pay.weixin.qq.com, wx.gtimg.com, payapp.weixin.qq.com]
2017-12-13 18:10:20,912 DEBUG [main] [org.apache.http.conn.ssl.SSLConnectionSocketFactory]:446 -  issuer principal: CN=GeoTrust SSL CA - G3, O=GeoTrust Inc., C=US
2017-12-13 18:10:20,920 DEBUG [main] [org.apache.http.impl.conn.DefaultHttpClientConnectionOperator]:145 - Connection established 192.168.1.199:57295<->182.254.78.168:443
2017-12-13 18:10:20,921 DEBUG [main] [org.apache.http.impl.execchain.MainClientExec]:255 - Executing request POST /mmpaymkttransfers/sendredpack HTTP/1.1
2017-12-13 18:10:20,921 DEBUG [main] [org.apache.http.impl.execchain.MainClientExec]:260 - Target auth state: UNCHALLENGED
2017-12-13 18:10:20,922 DEBUG [main] [org.apache.http.impl.execchain.MainClientExec]:266 - Proxy auth state: UNCHALLENGED
2017-12-13 18:10:20,924 DEBUG [main] [org.apache.http.headers]:135 - http-outgoing-0 >> POST /mmpaymkttransfers/sendredpack HTTP/1.1
2017-12-13 18:10:20,925 DEBUG [main] [org.apache.http.headers]:138 - http-outgoing-0 >> Connection: keep-alive
2017-12-13 18:10:20,925 DEBUG [main] [org.apache.http.headers]:138 - http-outgoing-0 >> Accept: */*
2017-12-13 18:10:20,925 DEBUG [main] [org.apache.http.headers]:138 - http-outgoing-0 >> Content-Type: application/x-www-form-urlencoded; charset=UTF-8
2017-12-13 18:10:20,925 DEBUG [main] [org.apache.http.headers]:138 - http-outgoing-0 >> Host: api.mch.weixin.qq.com
2017-12-13 18:10:20,925 DEBUG [main] [org.apache.http.headers]:138 - http-outgoing-0 >> X-Requested-With: XMLHttpRequest
2017-12-13 18:10:20,926 DEBUG [main] [org.apache.http.headers]:138 - http-outgoing-0 >> Cache-Control: max-age=0
2017-12-13 18:10:20,926 DEBUG [main] [org.apache.http.headers]:138 - http-outgoing-0 >> User-Agent: Mozilla/4.0 (compatible; MSIE 8.0; Windows NT 6.0) 
2017-12-13 18:10:20,926 DEBUG [main] [org.apache.http.headers]:138 - http-outgoing-0 >> Content-Length: 512
2017-12-13 18:10:20,926 DEBUG [main] [org.apache.http.headers]:138 - http-outgoing-0 >> Accept-Encoding: gzip,deflate
2017-12-13 18:10:20,927 DEBUG [main] [org.apache.http.wire]:72 - http-outgoing-0 >> "POST /mmpaymkttransfers/sendredpack HTTP/1.1[\r][\n]"
2017-12-13 18:10:20,927 DEBUG [main] [org.apache.http.wire]:72 - http-outgoing-0 >> "Connection: keep-alive[\r][\n]"
2017-12-13 18:10:20,927 DEBUG [main] [org.apache.http.wire]:72 - http-outgoing-0 >> "Accept: */*[\r][\n]"
2017-12-13 18:10:20,928 DEBUG [main] [org.apache.http.wire]:72 - http-outgoing-0 >> "Content-Type: application/x-www-form-urlencoded; charset=UTF-8[\r][\n]"
2017-12-13 18:10:20,928 DEBUG [main] [org.apache.http.wire]:72 - http-outgoing-0 >> "Host: api.mch.weixin.qq.com[\r][\n]"
2017-12-13 18:10:20,928 DEBUG [main] [org.apache.http.wire]:72 - http-outgoing-0 >> "X-Requested-With: XMLHttpRequest[\r][\n]"
2017-12-13 18:10:20,928 DEBUG [main] [org.apache.http.wire]:72 - http-outgoing-0 >> "Cache-Control: max-age=0[\r][\n]"
2017-12-13 18:10:20,929 DEBUG [main] [org.apache.http.wire]:72 - http-outgoing-0 >> "User-Agent: Mozilla/4.0 (compatible; MSIE 8.0; Windows NT 6.0) [\r][\n]"
2017-12-13 18:10:20,929 DEBUG [main] [org.apache.http.wire]:72 - http-outgoing-0 >> "Content-Length: 512[\r][\n]"
2017-12-13 18:10:20,929 DEBUG [main] [org.apache.http.wire]:72 - http-outgoing-0 >> "Accept-Encoding: gzip,deflate[\r][\n]"
2017-12-13 18:10:20,929 DEBUG [main] [org.apache.http.wire]:72 - http-outgoing-0 >> "[\r][\n]"
2017-12-13 18:10:20,930 DEBUG [main] [org.apache.http.wire]:86 - http-outgoing-0 >> "<xml><nonce_str>690CA61B999848F59C9CCE17F383F62E</nonce_str><mch_billno>611513159819541</mch_billno><mch_id>1486272382</mch_id><wxappid>wxd0c763640d4b8f08</wxappid><send_name>[0xe8][0xbf][0x91][0xe5][0x88][0xb0][0xe5][0xae][0xb6][0xe5][0x85][0xac][0xe4][0xbc][0x97][0xe5][0xb9][0xb3][0xe5][0x8f][0xb0]</send_name><re_openid>o5tP4v0LMeCnKzawLbuiAmDd8pAA</re_openid><total_amount>100</total_amount><total_num>1</total_num><wishing>[0xe6][0xb3][0xa8][0xe5][0x86][0x8c][0xe6][0x96][0xb0][0xe7][0x94][0xa8][0xe6][0x88][0xb7],[0xe4][0xb8][0x87][0xe5][0x85][0x83][0xe7][0xba][0xa2][0xe5][0x8c][0x85][0xe7][0xad][0x89][0xe4][0xbd][0xa0][0xe6][0x8b][0xbf]</wishing><client_ip>192.168.1.199</client_ip><act_name>[0xe6][0xb3][0xa8][0xe5][0x86][0x8c][0xe6][0x9c][0x89][0xe5][0xa5][0x96]</act_name><remark>null</remark><sign>D8FE84C02A13D958F932CE3F61999A1A</sign></xml>"
2017-12-13 18:10:21,664 DEBUG [main] [org.apache.http.wire]:72 - http-outgoing-0 << "HTTP/1.1 200 OK[\r][\n]"
2017-12-13 18:10:21,665 DEBUG [main] [org.apache.http.wire]:72 - http-outgoing-0 << "Server: nginx[\r][\n]"
2017-12-13 18:10:21,665 DEBUG [main] [org.apache.http.wire]:72 - http-outgoing-0 << "Date: Wed, 13 Dec 2017 10:10:50 GMT[\r][\n]"
2017-12-13 18:10:21,665 DEBUG [main] [org.apache.http.wire]:72 - http-outgoing-0 << "Content-Type: text/html; charset=UTF-8[\r][\n]"
2017-12-13 18:10:21,666 DEBUG [main] [org.apache.http.wire]:72 - http-outgoing-0 << "Content-Length: 562[\r][\n]"
2017-12-13 18:10:21,666 DEBUG [main] [org.apache.http.wire]:72 - http-outgoing-0 << "Connection: keep-alive[\r][\n]"
2017-12-13 18:10:21,666 DEBUG [main] [org.apache.http.wire]:72 - http-outgoing-0 << "Keep-Alive: timeout=8[\r][\n]"
2017-12-13 18:10:21,666 DEBUG [main] [org.apache.http.wire]:72 - http-outgoing-0 << "Cache-Control: no-cache, must-revalidate[\r][\n]"
2017-12-13 18:10:21,666 DEBUG [main] [org.apache.http.wire]:72 - http-outgoing-0 << "[\r][\n]"
2017-12-13 18:10:21,667 DEBUG [main] [org.apache.http.wire]:72 - http-outgoing-0 << "<xml>[\n]"
2017-12-13 18:10:21,667 DEBUG [main] [org.apache.http.wire]:72 - http-outgoing-0 << "<return_code><![CDATA[SUCCESS]]></return_code>[\n]"
2017-12-13 18:10:21,667 DEBUG [main] [org.apache.http.wire]:72 - http-outgoing-0 << "<return_msg><![CDATA[[0xe5][0x8f][0x91][0xe6][0x94][0xbe][0xe6][0x88][0x90][0xe5][0x8a][0x9f]]]></return_msg>[\n]"
2017-12-13 18:10:21,667 DEBUG [main] [org.apache.http.wire]:72 - http-outgoing-0 << "<result_code><![CDATA[SUCCESS]]></result_code>[\n]"
2017-12-13 18:10:21,668 DEBUG [main] [org.apache.http.wire]:72 - http-outgoing-0 << "<err_code><![CDATA[SUCCESS]]></err_code>[\n]"
2017-12-13 18:10:21,668 DEBUG [main] [org.apache.http.wire]:72 - http-outgoing-0 << "<err_code_des><![CDATA[[0xe5][0x8f][0x91][0xe6][0x94][0xbe][0xe6][0x88][0x90][0xe5][0x8a][0x9f]]]></err_code_des>[\n]"
2017-12-13 18:10:21,668 DEBUG [main] [org.apache.http.wire]:72 - http-outgoing-0 << "<mch_billno><![CDATA[611513159819541]]></mch_billno>[\n]"
2017-12-13 18:10:21,669 DEBUG [main] [org.apache.http.wire]:72 - http-outgoing-0 << "<mch_id><![CDATA[1486272382]]></mch_id>[\n]"
2017-12-13 18:10:21,669 DEBUG [main] [org.apache.http.wire]:72 - http-outgoing-0 << "<wxappid><![CDATA[wxd0c763640d4b8f08]]></wxappid>[\n]"
2017-12-13 18:10:21,669 DEBUG [main] [org.apache.http.wire]:72 - http-outgoing-0 << "<re_openid><![CDATA[o5tP4v0LMeCnKzawLbuiAmDd8pAA]]></re_openid>[\n]"
2017-12-13 18:10:21,669 DEBUG [main] [org.apache.http.wire]:72 - http-outgoing-0 << "<total_amount>100</total_amount>[\n]"
2017-12-13 18:10:21,669 DEBUG [main] [org.apache.http.wire]:72 - http-outgoing-0 << "<send_listid><![CDATA[1000041701201712133000160768102]]></send_listid>[\n]"
2017-12-13 18:10:21,670 DEBUG [main] [org.apache.http.wire]:86 - http-outgoing-0 << "</xml>"
2017-12-13 18:10:21,674 DEBUG [main] [org.apache.http.headers]:124 - http-outgoing-0 << HTTP/1.1 200 OK
2017-12-13 18:10:21,674 DEBUG [main] [org.apache.http.headers]:127 - http-outgoing-0 << Server: nginx
2017-12-13 18:10:21,674 DEBUG [main] [org.apache.http.headers]:127 - http-outgoing-0 << Date: Wed, 13 Dec 2017 10:10:50 GMT
2017-12-13 18:10:21,674 DEBUG [main] [org.apache.http.headers]:127 - http-outgoing-0 << Content-Type: text/html; charset=UTF-8
2017-12-13 18:10:21,675 DEBUG [main] [org.apache.http.headers]:127 - http-outgoing-0 << Content-Length: 562
2017-12-13 18:10:21,675 DEBUG [main] [org.apache.http.headers]:127 - http-outgoing-0 << Connection: keep-alive
2017-12-13 18:10:21,675 DEBUG [main] [org.apache.http.headers]:127 - http-outgoing-0 << Keep-Alive: timeout=8
2017-12-13 18:10:21,675 DEBUG [main] [org.apache.http.headers]:127 - http-outgoing-0 << Cache-Control: no-cache, must-revalidate
2017-12-13 18:10:21,684 DEBUG [main] [org.apache.http.impl.execchain.MainClientExec]:284 - Connection can be kept alive for 8000 MILLISECONDS
2017-12-13 18:10:21,690 DEBUG [main] [org.apache.http.impl.conn.PoolingHttpClientConnectionManager]:314 - Connection [id: 0][route: {s}->https://api.mch.weixin.qq.com:443][state: SURNAME=37238320, CN=重庆捷路科技有限公司, OU=MMPay, O=Tencent, L=Shenzhen, ST=Guangdong, C=CN] can be kept alive for 8.0 seconds
2017-12-13 18:10:21,690 DEBUG [main] [org.apache.http.impl.conn.PoolingHttpClientConnectionManager]:320 - Connection released: [id: 0][route: {s}->https://api.mch.weixin.qq.com:443][state: SURNAME=37238320, CN=重庆捷路科技有限公司, OU=MMPay, O=Tencent, L=Shenzhen, ST=Guangdong, C=CN][total kept alive: 1; route allocated: 1 of 2; total allocated: 1 of 20]
