2017-12-18 14:11:35,721 DEBUG [main] [org.apache.http.client.protocol.RequestAddCookies]:122 - CookieSpec selected: default
2017-12-18 14:11:35,743 DEBUG [main] [org.apache.http.client.protocol.RequestAuthCache]:76 - Auth cache not set in the context
2017-12-18 14:11:35,745 DEBUG [main] [org.apache.http.impl.conn.PoolingHttpClientConnectionManager]:249 - Connection request: [route: {s}->https://api.mch.weixin.qq.com:443][total kept alive: 0; route allocated: 0 of 2; total allocated: 0 of 20]
2017-12-18 14:11:35,767 DEBUG [main] [org.apache.http.impl.conn.PoolingHttpClientConnectionManager]:282 - Connection leased: [id: 0][route: {s}->https://api.mch.weixin.qq.com:443][total kept alive: 0; route allocated: 1 of 2; total allocated: 1 of 20]
2017-12-18 14:11:35,769 DEBUG [main] [org.apache.http.impl.execchain.MainClientExec]:234 - Opening connection {s}->https://api.mch.weixin.qq.com:443
2017-12-18 14:11:35,780 DEBUG [main] [org.apache.http.impl.conn.DefaultHttpClientConnectionOperator]:138 - Connecting to api.mch.weixin.qq.com/182.254.10.62:443
2017-12-18 14:11:35,781 DEBUG [main] [org.apache.http.conn.ssl.SSLConnectionSocketFactory]:335 - Connecting socket to api.mch.weixin.qq.com/182.254.10.62:443 with timeout 0
2017-12-18 14:11:35,995 DEBUG [main] [org.apache.http.conn.ssl.SSLConnectionSocketFactory]:388 - Enabled protocols: [TLSv1]
2017-12-18 14:11:35,995 DEBUG [main] [org.apache.http.conn.ssl.SSLConnectionSocketFactory]:389 - Enabled cipher suites:[TLS_ECDHE_ECDSA_WITH_AES_128_CBC_SHA, TLS_ECDHE_RSA_WITH_AES_128_CBC_SHA, TLS_RSA_WITH_AES_128_CBC_SHA, TLS_ECDH_ECDSA_WITH_AES_128_CBC_SHA, TLS_ECDH_RSA_WITH_AES_128_CBC_SHA, TLS_DHE_RSA_WITH_AES_128_CBC_SHA, TLS_DHE_DSS_WITH_AES_128_CBC_SHA, TLS_ECDHE_ECDSA_WITH_RC4_128_SHA, TLS_ECDHE_RSA_WITH_RC4_128_SHA, SSL_RSA_WITH_RC4_128_SHA, TLS_ECDH_ECDSA_WITH_RC4_128_SHA, TLS_ECDH_RSA_WITH_RC4_128_SHA, TLS_ECDHE_ECDSA_WITH_3DES_EDE_CBC_SHA, TLS_ECDHE_RSA_WITH_3DES_EDE_CBC_SHA, SSL_RSA_WITH_3DES_EDE_CBC_SHA, TLS_ECDH_ECDSA_WITH_3DES_EDE_CBC_SHA, TLS_ECDH_RSA_WITH_3DES_EDE_CBC_SHA, SSL_DHE_RSA_WITH_3DES_EDE_CBC_SHA, SSL_DHE_DSS_WITH_3DES_EDE_CBC_SHA, SSL_RSA_WITH_RC4_128_MD5, TLS_EMPTY_RENEGOTIATION_INFO_SCSV]
2017-12-18 14:11:35,996 DEBUG [main] [org.apache.http.conn.ssl.SSLConnectionSocketFactory]:393 - Starting handshake
2017-12-18 14:11:36,188 DEBUG [main] [org.apache.http.conn.ssl.SSLConnectionSocketFactory]:423 - Secure session established
2017-12-18 14:11:36,188 DEBUG [main] [org.apache.http.conn.ssl.SSLConnectionSocketFactory]:424 -  negotiated protocol: TLSv1
2017-12-18 14:11:36,189 DEBUG [main] [org.apache.http.conn.ssl.SSLConnectionSocketFactory]:425 -  negotiated cipher suite: TLS_ECDHE_RSA_WITH_AES_128_CBC_SHA
2017-12-18 14:11:36,189 DEBUG [main] [org.apache.http.conn.ssl.SSLConnectionSocketFactory]:433 -  peer principal: CN=payapp.weixin.qq.com, OU=R&D, O=Tencent Technology (Shenzhen) Company Limited, L=shenzhen, ST=guangdong, C=CN
2017-12-18 14:11:36,190 DEBUG [main] [org.apache.http.conn.ssl.SSLConnectionSocketFactory]:442 -  peer alternative names: [apihk.mch.weixin.qq.com, pay.weops.qq.com, act.weixin.qq.com, fraud.mch.weixin.qq.com, action.weixin.qq.com, oz.weixin.qq.com, fraudus.mch.weixin.qq.com, apius.mch.weixin.qq.com, api2.mch.weixin.qq.com, api.oz.weixin.qq.com, mch.weixin.qq.com, fraudhk.mch.weixin.qq.com, pay.weixin.qq.com, za.pay.wechat.com, api.mch.weixin.qq.com, api.pay.weixin.qq.com, wx.gtimg.com, payapp.weixin.qq.com]
2017-12-18 14:11:36,191 DEBUG [main] [org.apache.http.conn.ssl.SSLConnectionSocketFactory]:446 -  issuer principal: CN=GeoTrust SSL CA - G3, O=GeoTrust Inc., C=US
2017-12-18 14:11:36,249 DEBUG [main] [org.apache.http.impl.conn.DefaultHttpClientConnectionOperator]:145 - Connection established 192.168.1.198:60270<->182.254.10.62:443
2017-12-18 14:11:36,250 DEBUG [main] [org.apache.http.impl.execchain.MainClientExec]:255 - Executing request POST /pay/unifiedorder HTTP/1.1
2017-12-18 14:11:36,250 DEBUG [main] [org.apache.http.impl.execchain.MainClientExec]:260 - Target auth state: UNCHALLENGED
2017-12-18 14:11:36,251 DEBUG [main] [org.apache.http.impl.execchain.MainClientExec]:266 - Proxy auth state: UNCHALLENGED
2017-12-18 14:11:36,254 DEBUG [main] [org.apache.http.headers]:135 - http-outgoing-0 >> POST /pay/unifiedorder HTTP/1.1
2017-12-18 14:11:36,254 DEBUG [main] [org.apache.http.headers]:138 - http-outgoing-0 >> Connection: keep-alive
2017-12-18 14:11:36,255 DEBUG [main] [org.apache.http.headers]:138 - http-outgoing-0 >> Accept: */*
2017-12-18 14:11:36,255 DEBUG [main] [org.apache.http.headers]:138 - http-outgoing-0 >> Content-Type: application/x-www-form-urlencoded; charset=UTF-8
2017-12-18 14:11:36,255 DEBUG [main] [org.apache.http.headers]:138 - http-outgoing-0 >> Host: api.mch.weixin.qq.com
2017-12-18 14:11:36,255 DEBUG [main] [org.apache.http.headers]:138 - http-outgoing-0 >> X-Requested-With: XMLHttpRequest
2017-12-18 14:11:36,255 DEBUG [main] [org.apache.http.headers]:138 - http-outgoing-0 >> Cache-Control: max-age=0
2017-12-18 14:11:36,256 DEBUG [main] [org.apache.http.headers]:138 - http-outgoing-0 >> User-Agent: Mozilla/4.0 (compatible; MSIE 8.0; Windows NT 6.0) 
2017-12-18 14:11:36,256 DEBUG [main] [org.apache.http.headers]:138 - http-outgoing-0 >> Content-Length: 515
2017-12-18 14:11:36,256 DEBUG [main] [org.apache.http.headers]:138 - http-outgoing-0 >> Accept-Encoding: gzip,deflate
2017-12-18 14:11:36,257 DEBUG [main] [org.apache.http.wire]:72 - http-outgoing-0 >> "POST /pay/unifiedorder HTTP/1.1[\r][\n]"
2017-12-18 14:11:36,257 DEBUG [main] [org.apache.http.wire]:72 - http-outgoing-0 >> "Connection: keep-alive[\r][\n]"
2017-12-18 14:11:36,257 DEBUG [main] [org.apache.http.wire]:72 - http-outgoing-0 >> "Accept: */*[\r][\n]"
2017-12-18 14:11:36,257 DEBUG [main] [org.apache.http.wire]:72 - http-outgoing-0 >> "Content-Type: application/x-www-form-urlencoded; charset=UTF-8[\r][\n]"
2017-12-18 14:11:36,258 DEBUG [main] [org.apache.http.wire]:72 - http-outgoing-0 >> "Host: api.mch.weixin.qq.com[\r][\n]"
2017-12-18 14:11:36,258 DEBUG [main] [org.apache.http.wire]:72 - http-outgoing-0 >> "X-Requested-With: XMLHttpRequest[\r][\n]"
2017-12-18 14:11:36,258 DEBUG [main] [org.apache.http.wire]:72 - http-outgoing-0 >> "Cache-Control: max-age=0[\r][\n]"
2017-12-18 14:11:36,258 DEBUG [main] [org.apache.http.wire]:72 - http-outgoing-0 >> "User-Agent: Mozilla/4.0 (compatible; MSIE 8.0; Windows NT 6.0) [\r][\n]"
2017-12-18 14:11:36,258 DEBUG [main] [org.apache.http.wire]:72 - http-outgoing-0 >> "Content-Length: 515[\r][\n]"
2017-12-18 14:11:36,259 DEBUG [main] [org.apache.http.wire]:72 - http-outgoing-0 >> "Accept-Encoding: gzip,deflate[\r][\n]"
2017-12-18 14:11:36,259 DEBUG [main] [org.apache.http.wire]:72 - http-outgoing-0 >> "[\r][\n]"
2017-12-18 14:11:36,259 DEBUG [main] [org.apache.http.wire]:72 - http-outgoing-0 >> "<xml>[\n]"
2017-12-18 14:11:36,259 DEBUG [main] [org.apache.http.wire]:72 - http-outgoing-0 >> "  <appid><![CDATA[wxd0c763640d4b8f08]]></appid>[\n]"
2017-12-18 14:11:36,259 DEBUG [main] [org.apache.http.wire]:72 - http-outgoing-0 >> "  <mch_id><![CDATA[1486272382]]></mch_id>[\n]"
2017-12-18 14:11:36,260 DEBUG [main] [org.apache.http.wire]:72 - http-outgoing-0 >> "  <nonce_str><![CDATA[209CC9F367854DA19820212257CDB10F]]></nonce_str>[\n]"
2017-12-18 14:11:36,260 DEBUG [main] [org.apache.http.wire]:72 - http-outgoing-0 >> "  <sign><![CDATA[8E119151DEA230B03E713CD83074EAF4]]></sign>[\n]"
2017-12-18 14:11:36,260 DEBUG [main] [org.apache.http.wire]:72 - http-outgoing-0 >> "  <body><![CDATA[[0xe5][0x85][0x85][0xe5][0x80][0xbc]]]></body>[\n]"
2017-12-18 14:11:36,261 DEBUG [main] [org.apache.http.wire]:72 - http-outgoing-0 >> "  <total_fee><![CDATA[1]]></total_fee>[\n]"
2017-12-18 14:11:36,261 DEBUG [main] [org.apache.http.wire]:72 - http-outgoing-0 >> "  <spbill_create_ip><![CDATA[192.168.1.198]]></spbill_create_ip>[\n]"
2017-12-18 14:11:36,261 DEBUG [main] [org.apache.http.wire]:72 - http-outgoing-0 >> "  <notify_url><![CDATA[]]></notify_url>[\n]"
2017-12-18 14:11:36,261 DEBUG [main] [org.apache.http.wire]:72 - http-outgoing-0 >> "  <trade_type><![CDATA[JSAPI]]></trade_type>[\n]"
2017-12-18 14:11:36,261 DEBUG [main] [org.apache.http.wire]:72 - http-outgoing-0 >> "  <openid><![CDATA[o5tP4v2sRruivGVkBPjL5zvWQQnw]]></openid>[\n]"
2017-12-18 14:11:36,262 DEBUG [main] [org.apache.http.wire]:86 - http-outgoing-0 >> "</xml>"
2017-12-18 14:11:36,334 DEBUG [main] [org.apache.http.wire]:72 - http-outgoing-0 << "HTTP/1.1 200 OK[\r][\n]"
2017-12-18 14:11:36,335 DEBUG [main] [org.apache.http.wire]:72 - http-outgoing-0 << "Server: nginx[\r][\n]"
2017-12-18 14:11:36,335 DEBUG [main] [org.apache.http.wire]:72 - http-outgoing-0 << "Date: Mon, 18 Dec 2017 06:11:51 GMT[\r][\n]"
2017-12-18 14:11:36,335 DEBUG [main] [org.apache.http.wire]:72 - http-outgoing-0 << "Content-Type: text/plain[\r][\n]"
2017-12-18 14:11:36,336 DEBUG [main] [org.apache.http.wire]:72 - http-outgoing-0 << "Content-Length: 105[\r][\n]"
2017-12-18 14:11:36,336 DEBUG [main] [org.apache.http.wire]:72 - http-outgoing-0 << "Connection: keep-alive[\r][\n]"
2017-12-18 14:11:36,336 DEBUG [main] [org.apache.http.wire]:72 - http-outgoing-0 << "Keep-Alive: timeout=8[\r][\n]"
2017-12-18 14:11:36,336 DEBUG [main] [org.apache.http.wire]:72 - http-outgoing-0 << "[\r][\n]"
2017-12-18 14:11:36,336 DEBUG [main] [org.apache.http.wire]:72 - http-outgoing-0 << "<xml><return_code><![CDATA[FAIL]]></return_code>[\n]"
2017-12-18 14:11:36,337 DEBUG [main] [org.apache.http.wire]:72 - http-outgoing-0 << "<return_msg><![CDATA[[0xe7][0xbc][0xba][0xe5][0xb0][0x91][0xe5][0x8f][0x82][0xe6][0x95][0xb0]]]></return_msg>[\n]"
2017-12-18 14:11:36,337 DEBUG [main] [org.apache.http.wire]:86 - http-outgoing-0 << "</xml>"
2017-12-18 14:11:36,341 DEBUG [main] [org.apache.http.headers]:124 - http-outgoing-0 << HTTP/1.1 200 OK
2017-12-18 14:11:36,341 DEBUG [main] [org.apache.http.headers]:127 - http-outgoing-0 << Server: nginx
2017-12-18 14:11:36,341 DEBUG [main] [org.apache.http.headers]:127 - http-outgoing-0 << Date: Mon, 18 Dec 2017 06:11:51 GMT
2017-12-18 14:11:36,341 DEBUG [main] [org.apache.http.headers]:127 - http-outgoing-0 << Content-Type: text/plain
2017-12-18 14:11:36,342 DEBUG [main] [org.apache.http.headers]:127 - http-outgoing-0 << Content-Length: 105
2017-12-18 14:11:36,342 DEBUG [main] [org.apache.http.headers]:127 - http-outgoing-0 << Connection: keep-alive
2017-12-18 14:11:36,342 DEBUG [main] [org.apache.http.headers]:127 - http-outgoing-0 << Keep-Alive: timeout=8
2017-12-18 14:11:36,350 DEBUG [main] [org.apache.http.impl.execchain.MainClientExec]:284 - Connection can be kept alive for 8000 MILLISECONDS
2017-12-18 14:11:36,356 DEBUG [main] [org.apache.http.impl.conn.PoolingHttpClientConnectionManager]:314 - Connection [id: 0][route: {s}->https://api.mch.weixin.qq.com:443] can be kept alive for 8.0 seconds
2017-12-18 14:11:36,356 DEBUG [main] [org.apache.http.impl.conn.PoolingHttpClientConnectionManager]:320 - Connection released: [id: 0][route: {s}->https://api.mch.weixin.qq.com:443][total kept alive: 1; route allocated: 1 of 2; total allocated: 1 of 20]
2017-12-18 14:15:05,296 DEBUG [main] [org.apache.http.client.protocol.RequestAddCookies]:122 - CookieSpec selected: default
2017-12-18 14:15:05,314 DEBUG [main] [org.apache.http.client.protocol.RequestAuthCache]:76 - Auth cache not set in the context
2017-12-18 14:15:05,316 DEBUG [main] [org.apache.http.impl.conn.PoolingHttpClientConnectionManager]:249 - Connection request: [route: {s}->https://api.mch.weixin.qq.com:443][total kept alive: 0; route allocated: 0 of 2; total allocated: 0 of 20]
2017-12-18 14:15:05,339 DEBUG [main] [org.apache.http.impl.conn.PoolingHttpClientConnectionManager]:282 - Connection leased: [id: 0][route: {s}->https://api.mch.weixin.qq.com:443][total kept alive: 0; route allocated: 1 of 2; total allocated: 1 of 20]
2017-12-18 14:15:05,341 DEBUG [main] [org.apache.http.impl.execchain.MainClientExec]:234 - Opening connection {s}->https://api.mch.weixin.qq.com:443
2017-12-18 14:15:05,352 DEBUG [main] [org.apache.http.impl.conn.DefaultHttpClientConnectionOperator]:138 - Connecting to api.mch.weixin.qq.com/182.254.78.168:443
2017-12-18 14:15:05,352 DEBUG [main] [org.apache.http.conn.ssl.SSLConnectionSocketFactory]:335 - Connecting socket to api.mch.weixin.qq.com/182.254.78.168:443 with timeout 0
2017-12-18 14:15:05,591 DEBUG [main] [org.apache.http.conn.ssl.SSLConnectionSocketFactory]:388 - Enabled protocols: [TLSv1]
2017-12-18 14:15:05,591 DEBUG [main] [org.apache.http.conn.ssl.SSLConnectionSocketFactory]:389 - Enabled cipher suites:[TLS_ECDHE_ECDSA_WITH_AES_128_CBC_SHA, TLS_ECDHE_RSA_WITH_AES_128_CBC_SHA, TLS_RSA_WITH_AES_128_CBC_SHA, TLS_ECDH_ECDSA_WITH_AES_128_CBC_SHA, TLS_ECDH_RSA_WITH_AES_128_CBC_SHA, TLS_DHE_RSA_WITH_AES_128_CBC_SHA, TLS_DHE_DSS_WITH_AES_128_CBC_SHA, TLS_ECDHE_ECDSA_WITH_RC4_128_SHA, TLS_ECDHE_RSA_WITH_RC4_128_SHA, SSL_RSA_WITH_RC4_128_SHA, TLS_ECDH_ECDSA_WITH_RC4_128_SHA, TLS_ECDH_RSA_WITH_RC4_128_SHA, TLS_ECDHE_ECDSA_WITH_3DES_EDE_CBC_SHA, TLS_ECDHE_RSA_WITH_3DES_EDE_CBC_SHA, SSL_RSA_WITH_3DES_EDE_CBC_SHA, TLS_ECDH_ECDSA_WITH_3DES_EDE_CBC_SHA, TLS_ECDH_RSA_WITH_3DES_EDE_CBC_SHA, SSL_DHE_RSA_WITH_3DES_EDE_CBC_SHA, SSL_DHE_DSS_WITH_3DES_EDE_CBC_SHA, SSL_RSA_WITH_RC4_128_MD5, TLS_EMPTY_RENEGOTIATION_INFO_SCSV]
2017-12-18 14:15:05,592 DEBUG [main] [org.apache.http.conn.ssl.SSLConnectionSocketFactory]:393 - Starting handshake
2017-12-18 14:15:05,766 DEBUG [main] [org.apache.http.conn.ssl.SSLConnectionSocketFactory]:423 - Secure session established
2017-12-18 14:15:05,767 DEBUG [main] [org.apache.http.conn.ssl.SSLConnectionSocketFactory]:424 -  negotiated protocol: TLSv1
2017-12-18 14:15:05,767 DEBUG [main] [org.apache.http.conn.ssl.SSLConnectionSocketFactory]:425 -  negotiated cipher suite: TLS_ECDHE_RSA_WITH_AES_128_CBC_SHA
2017-12-18 14:15:05,768 DEBUG [main] [org.apache.http.conn.ssl.SSLConnectionSocketFactory]:433 -  peer principal: CN=payapp.weixin.qq.com, OU=R&D, O=Tencent Technology (Shenzhen) Company Limited, L=shenzhen, ST=guangdong, C=CN
2017-12-18 14:15:05,769 DEBUG [main] [org.apache.http.conn.ssl.SSLConnectionSocketFactory]:442 -  peer alternative names: [apihk.mch.weixin.qq.com, pay.weops.qq.com, act.weixin.qq.com, fraud.mch.weixin.qq.com, action.weixin.qq.com, oz.weixin.qq.com, fraudus.mch.weixin.qq.com, apius.mch.weixin.qq.com, api2.mch.weixin.qq.com, api.oz.weixin.qq.com, mch.weixin.qq.com, fraudhk.mch.weixin.qq.com, pay.weixin.qq.com, za.pay.wechat.com, api.mch.weixin.qq.com, api.pay.weixin.qq.com, wx.gtimg.com, payapp.weixin.qq.com]
2017-12-18 14:15:05,769 DEBUG [main] [org.apache.http.conn.ssl.SSLConnectionSocketFactory]:446 -  issuer principal: CN=GeoTrust SSL CA - G3, O=GeoTrust Inc., C=US
2017-12-18 14:15:05,799 DEBUG [main] [org.apache.http.impl.conn.DefaultHttpClientConnectionOperator]:145 - Connection established 192.168.1.198:62484<->182.254.78.168:443
2017-12-18 14:15:05,799 DEBUG [main] [org.apache.http.impl.execchain.MainClientExec]:255 - Executing request POST /pay/unifiedorder HTTP/1.1
2017-12-18 14:15:05,800 DEBUG [main] [org.apache.http.impl.execchain.MainClientExec]:260 - Target auth state: UNCHALLENGED
2017-12-18 14:15:05,801 DEBUG [main] [org.apache.http.impl.execchain.MainClientExec]:266 - Proxy auth state: UNCHALLENGED
2017-12-18 14:15:05,803 DEBUG [main] [org.apache.http.headers]:135 - http-outgoing-0 >> POST /pay/unifiedorder HTTP/1.1
2017-12-18 14:15:05,804 DEBUG [main] [org.apache.http.headers]:138 - http-outgoing-0 >> Connection: keep-alive
2017-12-18 14:15:05,804 DEBUG [main] [org.apache.http.headers]:138 - http-outgoing-0 >> Accept: */*
2017-12-18 14:15:05,804 DEBUG [main] [org.apache.http.headers]:138 - http-outgoing-0 >> Content-Type: application/x-www-form-urlencoded; charset=UTF-8
2017-12-18 14:15:05,804 DEBUG [main] [org.apache.http.headers]:138 - http-outgoing-0 >> Host: api.mch.weixin.qq.com
2017-12-18 14:15:05,805 DEBUG [main] [org.apache.http.headers]:138 - http-outgoing-0 >> X-Requested-With: XMLHttpRequest
2017-12-18 14:15:05,805 DEBUG [main] [org.apache.http.headers]:138 - http-outgoing-0 >> Cache-Control: max-age=0
2017-12-18 14:15:05,805 DEBUG [main] [org.apache.http.headers]:138 - http-outgoing-0 >> User-Agent: Mozilla/4.0 (compatible; MSIE 8.0; Windows NT 6.0) 
2017-12-18 14:15:05,805 DEBUG [main] [org.apache.http.headers]:138 - http-outgoing-0 >> Content-Length: 515
2017-12-18 14:15:05,806 DEBUG [main] [org.apache.http.headers]:138 - http-outgoing-0 >> Accept-Encoding: gzip,deflate
2017-12-18 14:15:05,806 DEBUG [main] [org.apache.http.wire]:72 - http-outgoing-0 >> "POST /pay/unifiedorder HTTP/1.1[\r][\n]"
2017-12-18 14:15:05,807 DEBUG [main] [org.apache.http.wire]:72 - http-outgoing-0 >> "Connection: keep-alive[\r][\n]"
2017-12-18 14:15:05,807 DEBUG [main] [org.apache.http.wire]:72 - http-outgoing-0 >> "Accept: */*[\r][\n]"
2017-12-18 14:15:05,807 DEBUG [main] [org.apache.http.wire]:72 - http-outgoing-0 >> "Content-Type: application/x-www-form-urlencoded; charset=UTF-8[\r][\n]"
2017-12-18 14:15:05,807 DEBUG [main] [org.apache.http.wire]:72 - http-outgoing-0 >> "Host: api.mch.weixin.qq.com[\r][\n]"
2017-12-18 14:15:05,808 DEBUG [main] [org.apache.http.wire]:72 - http-outgoing-0 >> "X-Requested-With: XMLHttpRequest[\r][\n]"
2017-12-18 14:15:05,808 DEBUG [main] [org.apache.http.wire]:72 - http-outgoing-0 >> "Cache-Control: max-age=0[\r][\n]"
2017-12-18 14:15:05,808 DEBUG [main] [org.apache.http.wire]:72 - http-outgoing-0 >> "User-Agent: Mozilla/4.0 (compatible; MSIE 8.0; Windows NT 6.0) [\r][\n]"
2017-12-18 14:15:05,808 DEBUG [main] [org.apache.http.wire]:72 - http-outgoing-0 >> "Content-Length: 515[\r][\n]"
2017-12-18 14:15:05,809 DEBUG [main] [org.apache.http.wire]:72 - http-outgoing-0 >> "Accept-Encoding: gzip,deflate[\r][\n]"
2017-12-18 14:15:05,809 DEBUG [main] [org.apache.http.wire]:72 - http-outgoing-0 >> "[\r][\n]"
2017-12-18 14:15:05,809 DEBUG [main] [org.apache.http.wire]:72 - http-outgoing-0 >> "<xml>[\n]"
2017-12-18 14:15:05,809 DEBUG [main] [org.apache.http.wire]:72 - http-outgoing-0 >> "  <appid><![CDATA[wxd0c763640d4b8f08]]></appid>[\n]"
2017-12-18 14:15:05,810 DEBUG [main] [org.apache.http.wire]:72 - http-outgoing-0 >> "  <mch_id><![CDATA[1486272382]]></mch_id>[\n]"
2017-12-18 14:15:05,810 DEBUG [main] [org.apache.http.wire]:72 - http-outgoing-0 >> "  <nonce_str><![CDATA[6B9B654B7913493AA64173CD5335B685]]></nonce_str>[\n]"
2017-12-18 14:15:05,810 DEBUG [main] [org.apache.http.wire]:72 - http-outgoing-0 >> "  <sign><![CDATA[2DFF0878982E3203E460A154FB6CB3E0]]></sign>[\n]"
2017-12-18 14:15:05,810 DEBUG [main] [org.apache.http.wire]:72 - http-outgoing-0 >> "  <body><![CDATA[[0xe5][0x85][0x85][0xe5][0x80][0xbc]]]></body>[\n]"
2017-12-18 14:15:05,811 DEBUG [main] [org.apache.http.wire]:72 - http-outgoing-0 >> "  <total_fee><![CDATA[1]]></total_fee>[\n]"
2017-12-18 14:15:05,811 DEBUG [main] [org.apache.http.wire]:72 - http-outgoing-0 >> "  <spbill_create_ip><![CDATA[192.168.1.198]]></spbill_create_ip>[\n]"
2017-12-18 14:15:05,811 DEBUG [main] [org.apache.http.wire]:72 - http-outgoing-0 >> "  <notify_url><![CDATA[]]></notify_url>[\n]"
2017-12-18 14:15:05,811 DEBUG [main] [org.apache.http.wire]:72 - http-outgoing-0 >> "  <trade_type><![CDATA[JSAPI]]></trade_type>[\n]"
2017-12-18 14:15:05,811 DEBUG [main] [org.apache.http.wire]:72 - http-outgoing-0 >> "  <openid><![CDATA[o5tP4v2sRruivGVkBPjL5zvWQQnw]]></openid>[\n]"
2017-12-18 14:15:05,812 DEBUG [main] [org.apache.http.wire]:86 - http-outgoing-0 >> "</xml>"
2017-12-18 14:15:05,870 DEBUG [main] [org.apache.http.wire]:72 - http-outgoing-0 << "HTTP/1.1 200 OK[\r][\n]"
2017-12-18 14:15:05,870 DEBUG [main] [org.apache.http.wire]:72 - http-outgoing-0 << "Server: nginx[\r][\n]"
2017-12-18 14:15:05,870 DEBUG [main] [org.apache.http.wire]:72 - http-outgoing-0 << "Date: Mon, 18 Dec 2017 06:15:21 GMT[\r][\n]"
2017-12-18 14:15:05,871 DEBUG [main] [org.apache.http.wire]:72 - http-outgoing-0 << "Content-Type: text/plain[\r][\n]"
2017-12-18 14:15:05,872 DEBUG [main] [org.apache.http.wire]:72 - http-outgoing-0 << "Content-Length: 105[\r][\n]"
2017-12-18 14:15:05,872 DEBUG [main] [org.apache.http.wire]:72 - http-outgoing-0 << "Connection: keep-alive[\r][\n]"
2017-12-18 14:15:05,873 DEBUG [main] [org.apache.http.wire]:72 - http-outgoing-0 << "Keep-Alive: timeout=8[\r][\n]"
2017-12-18 14:15:05,873 DEBUG [main] [org.apache.http.wire]:72 - http-outgoing-0 << "[\r][\n]"
2017-12-18 14:15:05,873 DEBUG [main] [org.apache.http.wire]:72 - http-outgoing-0 << "<xml><return_code><![CDATA[FAIL]]></return_code>[\n]"
2017-12-18 14:15:05,873 DEBUG [main] [org.apache.http.wire]:72 - http-outgoing-0 << "<return_msg><![CDATA[[0xe7][0xbc][0xba][0xe5][0xb0][0x91][0xe5][0x8f][0x82][0xe6][0x95][0xb0]]]></return_msg>[\n]"
2017-12-18 14:15:05,874 DEBUG [main] [org.apache.http.wire]:86 - http-outgoing-0 << "</xml>"
2017-12-18 14:15:05,878 DEBUG [main] [org.apache.http.headers]:124 - http-outgoing-0 << HTTP/1.1 200 OK
2017-12-18 14:15:05,879 DEBUG [main] [org.apache.http.headers]:127 - http-outgoing-0 << Server: nginx
2017-12-18 14:15:05,879 DEBUG [main] [org.apache.http.headers]:127 - http-outgoing-0 << Date: Mon, 18 Dec 2017 06:15:21 GMT
2017-12-18 14:15:05,879 DEBUG [main] [org.apache.http.headers]:127 - http-outgoing-0 << Content-Type: text/plain
2017-12-18 14:15:05,879 DEBUG [main] [org.apache.http.headers]:127 - http-outgoing-0 << Content-Length: 105
2017-12-18 14:15:05,880 DEBUG [main] [org.apache.http.headers]:127 - http-outgoing-0 << Connection: keep-alive
2017-12-18 14:15:05,880 DEBUG [main] [org.apache.http.headers]:127 - http-outgoing-0 << Keep-Alive: timeout=8
2017-12-18 14:15:05,889 DEBUG [main] [org.apache.http.impl.execchain.MainClientExec]:284 - Connection can be kept alive for 8000 MILLISECONDS
2017-12-18 14:15:05,895 DEBUG [main] [org.apache.http.impl.conn.PoolingHttpClientConnectionManager]:314 - Connection [id: 0][route: {s}->https://api.mch.weixin.qq.com:443] can be kept alive for 8.0 seconds
2017-12-18 14:15:05,895 DEBUG [main] [org.apache.http.impl.conn.PoolingHttpClientConnectionManager]:320 - Connection released: [id: 0][route: {s}->https://api.mch.weixin.qq.com:443][total kept alive: 1; route allocated: 1 of 2; total allocated: 1 of 20]
2017-12-18 14:15:47,203 DEBUG [main] [org.apache.http.client.protocol.RequestAddCookies]:122 - CookieSpec selected: default
2017-12-18 14:15:47,223 DEBUG [main] [org.apache.http.client.protocol.RequestAuthCache]:76 - Auth cache not set in the context
2017-12-18 14:15:47,226 DEBUG [main] [org.apache.http.impl.conn.PoolingHttpClientConnectionManager]:249 - Connection request: [route: {s}->https://api.mch.weixin.qq.com:443][total kept alive: 0; route allocated: 0 of 2; total allocated: 0 of 20]
2017-12-18 14:15:47,248 DEBUG [main] [org.apache.http.impl.conn.PoolingHttpClientConnectionManager]:282 - Connection leased: [id: 0][route: {s}->https://api.mch.weixin.qq.com:443][total kept alive: 0; route allocated: 1 of 2; total allocated: 1 of 20]
2017-12-18 14:15:47,251 DEBUG [main] [org.apache.http.impl.execchain.MainClientExec]:234 - Opening connection {s}->https://api.mch.weixin.qq.com:443
2017-12-18 14:15:47,258 DEBUG [main] [org.apache.http.impl.conn.DefaultHttpClientConnectionOperator]:138 - Connecting to api.mch.weixin.qq.com/182.254.78.168:443
2017-12-18 14:15:47,259 DEBUG [main] [org.apache.http.conn.ssl.SSLConnectionSocketFactory]:335 - Connecting socket to api.mch.weixin.qq.com/182.254.78.168:443 with timeout 0
2017-12-18 14:15:47,503 DEBUG [main] [org.apache.http.conn.ssl.SSLConnectionSocketFactory]:388 - Enabled protocols: [TLSv1]
2017-12-18 14:15:47,504 DEBUG [main] [org.apache.http.conn.ssl.SSLConnectionSocketFactory]:389 - Enabled cipher suites:[TLS_ECDHE_ECDSA_WITH_AES_128_CBC_SHA, TLS_ECDHE_RSA_WITH_AES_128_CBC_SHA, TLS_RSA_WITH_AES_128_CBC_SHA, TLS_ECDH_ECDSA_WITH_AES_128_CBC_SHA, TLS_ECDH_RSA_WITH_AES_128_CBC_SHA, TLS_DHE_RSA_WITH_AES_128_CBC_SHA, TLS_DHE_DSS_WITH_AES_128_CBC_SHA, TLS_ECDHE_ECDSA_WITH_RC4_128_SHA, TLS_ECDHE_RSA_WITH_RC4_128_SHA, SSL_RSA_WITH_RC4_128_SHA, TLS_ECDH_ECDSA_WITH_RC4_128_SHA, TLS_ECDH_RSA_WITH_RC4_128_SHA, TLS_ECDHE_ECDSA_WITH_3DES_EDE_CBC_SHA, TLS_ECDHE_RSA_WITH_3DES_EDE_CBC_SHA, SSL_RSA_WITH_3DES_EDE_CBC_SHA, TLS_ECDH_ECDSA_WITH_3DES_EDE_CBC_SHA, TLS_ECDH_RSA_WITH_3DES_EDE_CBC_SHA, SSL_DHE_RSA_WITH_3DES_EDE_CBC_SHA, SSL_DHE_DSS_WITH_3DES_EDE_CBC_SHA, SSL_RSA_WITH_RC4_128_MD5, TLS_EMPTY_RENEGOTIATION_INFO_SCSV]
2017-12-18 14:15:47,504 DEBUG [main] [org.apache.http.conn.ssl.SSLConnectionSocketFactory]:393 - Starting handshake
2017-12-18 14:15:47,691 DEBUG [main] [org.apache.http.conn.ssl.SSLConnectionSocketFactory]:423 - Secure session established
2017-12-18 14:15:47,692 DEBUG [main] [org.apache.http.conn.ssl.SSLConnectionSocketFactory]:424 -  negotiated protocol: TLSv1
2017-12-18 14:15:47,692 DEBUG [main] [org.apache.http.conn.ssl.SSLConnectionSocketFactory]:425 -  negotiated cipher suite: TLS_ECDHE_RSA_WITH_AES_128_CBC_SHA
2017-12-18 14:15:47,693 DEBUG [main] [org.apache.http.conn.ssl.SSLConnectionSocketFactory]:433 -  peer principal: CN=payapp.weixin.qq.com, OU=R&D, O=Tencent Technology (Shenzhen) Company Limited, L=shenzhen, ST=guangdong, C=CN
2017-12-18 14:15:47,694 DEBUG [main] [org.apache.http.conn.ssl.SSLConnectionSocketFactory]:442 -  peer alternative names: [apihk.mch.weixin.qq.com, pay.weops.qq.com, act.weixin.qq.com, fraud.mch.weixin.qq.com, action.weixin.qq.com, oz.weixin.qq.com, fraudus.mch.weixin.qq.com, apius.mch.weixin.qq.com, api2.mch.weixin.qq.com, api.oz.weixin.qq.com, mch.weixin.qq.com, fraudhk.mch.weixin.qq.com, pay.weixin.qq.com, za.pay.wechat.com, api.mch.weixin.qq.com, api.pay.weixin.qq.com, wx.gtimg.com, payapp.weixin.qq.com]
2017-12-18 14:15:47,694 DEBUG [main] [org.apache.http.conn.ssl.SSLConnectionSocketFactory]:446 -  issuer principal: CN=GeoTrust SSL CA - G3, O=GeoTrust Inc., C=US
2017-12-18 14:15:47,720 DEBUG [main] [org.apache.http.impl.conn.DefaultHttpClientConnectionOperator]:145 - Connection established 192.168.1.198:63074<->182.254.78.168:443
2017-12-18 14:15:47,721 DEBUG [main] [org.apache.http.impl.execchain.MainClientExec]:255 - Executing request POST /pay/unifiedorder HTTP/1.1
2017-12-18 14:15:47,721 DEBUG [main] [org.apache.http.impl.execchain.MainClientExec]:260 - Target auth state: UNCHALLENGED
2017-12-18 14:15:47,722 DEBUG [main] [org.apache.http.impl.execchain.MainClientExec]:266 - Proxy auth state: UNCHALLENGED
2017-12-18 14:15:47,725 DEBUG [main] [org.apache.http.headers]:135 - http-outgoing-0 >> POST /pay/unifiedorder HTTP/1.1
2017-12-18 14:15:47,725 DEBUG [main] [org.apache.http.headers]:138 - http-outgoing-0 >> Connection: keep-alive
2017-12-18 14:15:47,725 DEBUG [main] [org.apache.http.headers]:138 - http-outgoing-0 >> Accept: */*
2017-12-18 14:15:47,726 DEBUG [main] [org.apache.http.headers]:138 - http-outgoing-0 >> Content-Type: application/x-www-form-urlencoded; charset=UTF-8
2017-12-18 14:15:47,726 DEBUG [main] [org.apache.http.headers]:138 - http-outgoing-0 >> Host: api.mch.weixin.qq.com
2017-12-18 14:15:47,726 DEBUG [main] [org.apache.http.headers]:138 - http-outgoing-0 >> X-Requested-With: XMLHttpRequest
2017-12-18 14:15:47,726 DEBUG [main] [org.apache.http.headers]:138 - http-outgoing-0 >> Cache-Control: max-age=0
2017-12-18 14:15:47,726 DEBUG [main] [org.apache.http.headers]:138 - http-outgoing-0 >> User-Agent: Mozilla/4.0 (compatible; MSIE 8.0; Windows NT 6.0) 
2017-12-18 14:15:47,727 DEBUG [main] [org.apache.http.headers]:138 - http-outgoing-0 >> Content-Length: 574
2017-12-18 14:15:47,727 DEBUG [main] [org.apache.http.headers]:138 - http-outgoing-0 >> Accept-Encoding: gzip,deflate
2017-12-18 14:15:47,727 DEBUG [main] [org.apache.http.wire]:72 - http-outgoing-0 >> "POST /pay/unifiedorder HTTP/1.1[\r][\n]"
2017-12-18 14:15:47,728 DEBUG [main] [org.apache.http.wire]:72 - http-outgoing-0 >> "Connection: keep-alive[\r][\n]"
2017-12-18 14:15:47,728 DEBUG [main] [org.apache.http.wire]:72 - http-outgoing-0 >> "Accept: */*[\r][\n]"
2017-12-18 14:15:47,728 DEBUG [main] [org.apache.http.wire]:72 - http-outgoing-0 >> "Content-Type: application/x-www-form-urlencoded; charset=UTF-8[\r][\n]"
2017-12-18 14:15:47,728 DEBUG [main] [org.apache.http.wire]:72 - http-outgoing-0 >> "Host: api.mch.weixin.qq.com[\r][\n]"
2017-12-18 14:15:47,728 DEBUG [main] [org.apache.http.wire]:72 - http-outgoing-0 >> "X-Requested-With: XMLHttpRequest[\r][\n]"
2017-12-18 14:15:47,729 DEBUG [main] [org.apache.http.wire]:72 - http-outgoing-0 >> "Cache-Control: max-age=0[\r][\n]"
2017-12-18 14:15:47,729 DEBUG [main] [org.apache.http.wire]:72 - http-outgoing-0 >> "User-Agent: Mozilla/4.0 (compatible; MSIE 8.0; Windows NT 6.0) [\r][\n]"
2017-12-18 14:15:47,729 DEBUG [main] [org.apache.http.wire]:72 - http-outgoing-0 >> "Content-Length: 574[\r][\n]"
2017-12-18 14:15:47,729 DEBUG [main] [org.apache.http.wire]:72 - http-outgoing-0 >> "Accept-Encoding: gzip,deflate[\r][\n]"
2017-12-18 14:15:47,729 DEBUG [main] [org.apache.http.wire]:72 - http-outgoing-0 >> "[\r][\n]"
2017-12-18 14:15:47,730 DEBUG [main] [org.apache.http.wire]:72 - http-outgoing-0 >> "<xml>[\n]"
2017-12-18 14:15:47,730 DEBUG [main] [org.apache.http.wire]:72 - http-outgoing-0 >> "  <appid><![CDATA[wxd0c763640d4b8f08]]></appid>[\n]"
2017-12-18 14:15:47,730 DEBUG [main] [org.apache.http.wire]:72 - http-outgoing-0 >> "  <mch_id><![CDATA[1486272382]]></mch_id>[\n]"
2017-12-18 14:15:47,730 DEBUG [main] [org.apache.http.wire]:72 - http-outgoing-0 >> "  <nonce_str><![CDATA[11859E2F83A4447B87048842544F735A]]></nonce_str>[\n]"
2017-12-18 14:15:47,730 DEBUG [main] [org.apache.http.wire]:72 - http-outgoing-0 >> "  <sign><![CDATA[10DE79FA189BA8952E25FAF19AEBC2E2]]></sign>[\n]"
2017-12-18 14:15:47,731 DEBUG [main] [org.apache.http.wire]:72 - http-outgoing-0 >> "  <body><![CDATA[[0xe5][0x85][0x85][0xe5][0x80][0xbc]]]></body>[\n]"
2017-12-18 14:15:47,731 DEBUG [main] [org.apache.http.wire]:72 - http-outgoing-0 >> "  <out_trade_no><![CDATA[211513577746107]]></out_trade_no>[\n]"
2017-12-18 14:15:47,731 DEBUG [main] [org.apache.http.wire]:72 - http-outgoing-0 >> "  <total_fee><![CDATA[1]]></total_fee>[\n]"
2017-12-18 14:15:47,731 DEBUG [main] [org.apache.http.wire]:72 - http-outgoing-0 >> "  <spbill_create_ip><![CDATA[192.168.1.198]]></spbill_create_ip>[\n]"
2017-12-18 14:15:47,731 DEBUG [main] [org.apache.http.wire]:72 - http-outgoing-0 >> "  <notify_url><![CDATA[]]></notify_url>[\n]"
2017-12-18 14:15:47,732 DEBUG [main] [org.apache.http.wire]:72 - http-outgoing-0 >> "  <trade_type><![CDATA[JSAPI]]></trade_type>[\n]"
2017-12-18 14:15:47,732 DEBUG [main] [org.apache.http.wire]:72 - http-outgoing-0 >> "  <openid><![CDATA[o5tP4v2sRruivGVkBPjL5zvWQQnw]]></openid>[\n]"
2017-12-18 14:15:47,732 DEBUG [main] [org.apache.http.wire]:86 - http-outgoing-0 >> "</xml>"
2017-12-18 14:15:47,821 DEBUG [main] [org.apache.http.wire]:72 - http-outgoing-0 << "HTTP/1.1 200 OK[\r][\n]"
2017-12-18 14:15:47,821 DEBUG [main] [org.apache.http.wire]:72 - http-outgoing-0 << "Server: nginx[\r][\n]"
2017-12-18 14:15:47,821 DEBUG [main] [org.apache.http.wire]:72 - http-outgoing-0 << "Date: Mon, 18 Dec 2017 06:16:03 GMT[\r][\n]"
2017-12-18 14:15:47,822 DEBUG [main] [org.apache.http.wire]:72 - http-outgoing-0 << "Content-Type: text/plain[\r][\n]"
2017-12-18 14:15:47,822 DEBUG [main] [org.apache.http.wire]:72 - http-outgoing-0 << "Content-Length: 178[\r][\n]"
2017-12-18 14:15:47,822 DEBUG [main] [org.apache.http.wire]:72 - http-outgoing-0 << "Connection: keep-alive[\r][\n]"
2017-12-18 14:15:47,822 DEBUG [main] [org.apache.http.wire]:72 - http-outgoing-0 << "Keep-Alive: timeout=8[\r][\n]"
2017-12-18 14:15:47,822 DEBUG [main] [org.apache.http.wire]:72 - http-outgoing-0 << "[\r][\n]"
2017-12-18 14:15:47,822 DEBUG [main] [org.apache.http.wire]:72 - http-outgoing-0 << "<xml><return_code><![CDATA[FAIL]]></return_code>[\n]"
2017-12-18 14:15:47,823 DEBUG [main] [org.apache.http.wire]:72 - http-outgoing-0 << "<return_msg><![CDATA[[0xe5][0x95][0x86][0xe6][0x88][0xb7][0xe5][0x8f][0xb7][0xe8][0xaf][0xa5][0xe4][0xba][0xa7][0xe5][0x93][0x81][0xe6][0x9d][0x83][0xe9][0x99][0x90][0xe6][0x9c][0xaa][0xe5][0xbc][0x80][0xe9][0x80][0x9a][0xef][0xbc][0x8c][0xe8][0xaf][0xb7][0xe5][0x89][0x8d][0xe5][0xbe][0x80][0xe5][0x95][0x86][0xe6][0x88][0xb7][0xe5][0xb9][0xb3][0xe5][0x8f][0xb0]>[0xe4][0xba][0xa7][0xe5][0x93][0x81][0xe4][0xb8][0xad][0xe5][0xbf][0x83][0xe6][0xa3][0x80][0xe6][0x9f][0xa5][0xe5][0x90][0x8e][0xe9][0x87][0x8d][0xe8][0xaf][0x95]]]></return_msg>[\n]"
2017-12-18 14:15:47,823 DEBUG [main] [org.apache.http.wire]:86 - http-outgoing-0 << "</xml>"
2017-12-18 14:15:47,827 DEBUG [main] [org.apache.http.headers]:124 - http-outgoing-0 << HTTP/1.1 200 OK
2017-12-18 14:15:47,827 DEBUG [main] [org.apache.http.headers]:127 - http-outgoing-0 << Server: nginx
2017-12-18 14:15:47,827 DEBUG [main] [org.apache.http.headers]:127 - http-outgoing-0 << Date: Mon, 18 Dec 2017 06:16:03 GMT
2017-12-18 14:15:47,828 DEBUG [main] [org.apache.http.headers]:127 - http-outgoing-0 << Content-Type: text/plain
2017-12-18 14:15:47,828 DEBUG [main] [org.apache.http.headers]:127 - http-outgoing-0 << Content-Length: 178
2017-12-18 14:15:47,828 DEBUG [main] [org.apache.http.headers]:127 - http-outgoing-0 << Connection: keep-alive
2017-12-18 14:15:47,828 DEBUG [main] [org.apache.http.headers]:127 - http-outgoing-0 << Keep-Alive: timeout=8
2017-12-18 14:15:47,836 DEBUG [main] [org.apache.http.impl.execchain.MainClientExec]:284 - Connection can be kept alive for 8000 MILLISECONDS
2017-12-18 14:15:47,841 DEBUG [main] [org.apache.http.impl.conn.PoolingHttpClientConnectionManager]:314 - Connection [id: 0][route: {s}->https://api.mch.weixin.qq.com:443] can be kept alive for 8.0 seconds
2017-12-18 14:15:47,842 DEBUG [main] [org.apache.http.impl.conn.PoolingHttpClientConnectionManager]:320 - Connection released: [id: 0][route: {s}->https://api.mch.weixin.qq.com:443][total kept alive: 1; route allocated: 1 of 2; total allocated: 1 of 20]
2017-12-18 14:17:43,375 DEBUG [main] [org.apache.http.client.protocol.RequestAddCookies]:122 - CookieSpec selected: default
2017-12-18 14:17:43,395 DEBUG [main] [org.apache.http.client.protocol.RequestAuthCache]:76 - Auth cache not set in the context
2017-12-18 14:17:43,397 DEBUG [main] [org.apache.http.impl.conn.PoolingHttpClientConnectionManager]:249 - Connection request: [route: {s}->https://api.mch.weixin.qq.com:443][total kept alive: 0; route allocated: 0 of 2; total allocated: 0 of 20]
2017-12-18 14:17:43,422 DEBUG [main] [org.apache.http.impl.conn.PoolingHttpClientConnectionManager]:282 - Connection leased: [id: 0][route: {s}->https://api.mch.weixin.qq.com:443][total kept alive: 0; route allocated: 1 of 2; total allocated: 1 of 20]
2017-12-18 14:17:43,425 DEBUG [main] [org.apache.http.impl.execchain.MainClientExec]:234 - Opening connection {s}->https://api.mch.weixin.qq.com:443
2017-12-18 14:17:43,434 DEBUG [main] [org.apache.http.impl.conn.DefaultHttpClientConnectionOperator]:138 - Connecting to api.mch.weixin.qq.com/182.254.10.62:443
2017-12-18 14:17:43,435 DEBUG [main] [org.apache.http.conn.ssl.SSLConnectionSocketFactory]:335 - Connecting socket to api.mch.weixin.qq.com/182.254.10.62:443 with timeout 0
2017-12-18 14:17:43,668 DEBUG [main] [org.apache.http.conn.ssl.SSLConnectionSocketFactory]:388 - Enabled protocols: [TLSv1]
2017-12-18 14:17:43,668 DEBUG [main] [org.apache.http.conn.ssl.SSLConnectionSocketFactory]:389 - Enabled cipher suites:[TLS_ECDHE_ECDSA_WITH_AES_128_CBC_SHA, TLS_ECDHE_RSA_WITH_AES_128_CBC_SHA, TLS_RSA_WITH_AES_128_CBC_SHA, TLS_ECDH_ECDSA_WITH_AES_128_CBC_SHA, TLS_ECDH_RSA_WITH_AES_128_CBC_SHA, TLS_DHE_RSA_WITH_AES_128_CBC_SHA, TLS_DHE_DSS_WITH_AES_128_CBC_SHA, TLS_ECDHE_ECDSA_WITH_RC4_128_SHA, TLS_ECDHE_RSA_WITH_RC4_128_SHA, SSL_RSA_WITH_RC4_128_SHA, TLS_ECDH_ECDSA_WITH_RC4_128_SHA, TLS_ECDH_RSA_WITH_RC4_128_SHA, TLS_ECDHE_ECDSA_WITH_3DES_EDE_CBC_SHA, TLS_ECDHE_RSA_WITH_3DES_EDE_CBC_SHA, SSL_RSA_WITH_3DES_EDE_CBC_SHA, TLS_ECDH_ECDSA_WITH_3DES_EDE_CBC_SHA, TLS_ECDH_RSA_WITH_3DES_EDE_CBC_SHA, SSL_DHE_RSA_WITH_3DES_EDE_CBC_SHA, SSL_DHE_DSS_WITH_3DES_EDE_CBC_SHA, SSL_RSA_WITH_RC4_128_MD5, TLS_EMPTY_RENEGOTIATION_INFO_SCSV]
2017-12-18 14:17:43,669 DEBUG [main] [org.apache.http.conn.ssl.SSLConnectionSocketFactory]:393 - Starting handshake
2017-12-18 14:17:43,839 DEBUG [main] [org.apache.http.conn.ssl.SSLConnectionSocketFactory]:423 - Secure session established
2017-12-18 14:17:43,839 DEBUG [main] [org.apache.http.conn.ssl.SSLConnectionSocketFactory]:424 -  negotiated protocol: TLSv1
2017-12-18 14:17:43,840 DEBUG [main] [org.apache.http.conn.ssl.SSLConnectionSocketFactory]:425 -  negotiated cipher suite: TLS_ECDHE_RSA_WITH_AES_128_CBC_SHA
2017-12-18 14:17:43,840 DEBUG [main] [org.apache.http.conn.ssl.SSLConnectionSocketFactory]:433 -  peer principal: CN=payapp.weixin.qq.com, OU=R&D, O=Tencent Technology (Shenzhen) Company Limited, L=shenzhen, ST=guangdong, C=CN
2017-12-18 14:17:43,841 DEBUG [main] [org.apache.http.conn.ssl.SSLConnectionSocketFactory]:442 -  peer alternative names: [apihk.mch.weixin.qq.com, pay.weops.qq.com, act.weixin.qq.com, fraud.mch.weixin.qq.com, action.weixin.qq.com, oz.weixin.qq.com, fraudus.mch.weixin.qq.com, apius.mch.weixin.qq.com, api2.mch.weixin.qq.com, api.oz.weixin.qq.com, mch.weixin.qq.com, fraudhk.mch.weixin.qq.com, pay.weixin.qq.com, za.pay.wechat.com, api.mch.weixin.qq.com, api.pay.weixin.qq.com, wx.gtimg.com, payapp.weixin.qq.com]
2017-12-18 14:17:43,842 DEBUG [main] [org.apache.http.conn.ssl.SSLConnectionSocketFactory]:446 -  issuer principal: CN=GeoTrust SSL CA - G3, O=GeoTrust Inc., C=US
2017-12-18 14:17:43,867 DEBUG [main] [org.apache.http.impl.conn.DefaultHttpClientConnectionOperator]:145 - Connection established 192.168.1.198:64376<->182.254.10.62:443
2017-12-18 14:17:43,868 DEBUG [main] [org.apache.http.impl.execchain.MainClientExec]:255 - Executing request POST /pay/unifiedorder HTTP/1.1
2017-12-18 14:17:43,868 DEBUG [main] [org.apache.http.impl.execchain.MainClientExec]:260 - Target auth state: UNCHALLENGED
2017-12-18 14:17:43,869 DEBUG [main] [org.apache.http.impl.execchain.MainClientExec]:266 - Proxy auth state: UNCHALLENGED
2017-12-18 14:17:43,871 DEBUG [main] [org.apache.http.headers]:135 - http-outgoing-0 >> POST /pay/unifiedorder HTTP/1.1
2017-12-18 14:17:43,872 DEBUG [main] [org.apache.http.headers]:138 - http-outgoing-0 >> Connection: keep-alive
2017-12-18 14:17:43,872 DEBUG [main] [org.apache.http.headers]:138 - http-outgoing-0 >> Accept: */*
2017-12-18 14:17:43,872 DEBUG [main] [org.apache.http.headers]:138 - http-outgoing-0 >> Content-Type: application/x-www-form-urlencoded; charset=UTF-8
2017-12-18 14:17:43,872 DEBUG [main] [org.apache.http.headers]:138 - http-outgoing-0 >> Host: api.mch.weixin.qq.com
2017-12-18 14:17:43,872 DEBUG [main] [org.apache.http.headers]:138 - http-outgoing-0 >> X-Requested-With: XMLHttpRequest
2017-12-18 14:17:43,873 DEBUG [main] [org.apache.http.headers]:138 - http-outgoing-0 >> Cache-Control: max-age=0
2017-12-18 14:17:43,873 DEBUG [main] [org.apache.http.headers]:138 - http-outgoing-0 >> User-Agent: Mozilla/4.0 (compatible; MSIE 8.0; Windows NT 6.0) 
2017-12-18 14:17:43,873 DEBUG [main] [org.apache.http.headers]:138 - http-outgoing-0 >> Content-Length: 574
2017-12-18 14:17:43,873 DEBUG [main] [org.apache.http.headers]:138 - http-outgoing-0 >> Accept-Encoding: gzip,deflate
2017-12-18 14:17:43,874 DEBUG [main] [org.apache.http.wire]:72 - http-outgoing-0 >> "POST /pay/unifiedorder HTTP/1.1[\r][\n]"
2017-12-18 14:17:43,874 DEBUG [main] [org.apache.http.wire]:72 - http-outgoing-0 >> "Connection: keep-alive[\r][\n]"
2017-12-18 14:17:43,874 DEBUG [main] [org.apache.http.wire]:72 - http-outgoing-0 >> "Accept: */*[\r][\n]"
2017-12-18 14:17:43,875 DEBUG [main] [org.apache.http.wire]:72 - http-outgoing-0 >> "Content-Type: application/x-www-form-urlencoded; charset=UTF-8[\r][\n]"
2017-12-18 14:17:43,875 DEBUG [main] [org.apache.http.wire]:72 - http-outgoing-0 >> "Host: api.mch.weixin.qq.com[\r][\n]"
2017-12-18 14:17:43,875 DEBUG [main] [org.apache.http.wire]:72 - http-outgoing-0 >> "X-Requested-With: XMLHttpRequest[\r][\n]"
2017-12-18 14:17:43,875 DEBUG [main] [org.apache.http.wire]:72 - http-outgoing-0 >> "Cache-Control: max-age=0[\r][\n]"
2017-12-18 14:17:43,875 DEBUG [main] [org.apache.http.wire]:72 - http-outgoing-0 >> "User-Agent: Mozilla/4.0 (compatible; MSIE 8.0; Windows NT 6.0) [\r][\n]"
2017-12-18 14:17:43,876 DEBUG [main] [org.apache.http.wire]:72 - http-outgoing-0 >> "Content-Length: 574[\r][\n]"
2017-12-18 14:17:43,876 DEBUG [main] [org.apache.http.wire]:72 - http-outgoing-0 >> "Accept-Encoding: gzip,deflate[\r][\n]"
2017-12-18 14:17:43,876 DEBUG [main] [org.apache.http.wire]:72 - http-outgoing-0 >> "[\r][\n]"
2017-12-18 14:17:43,876 DEBUG [main] [org.apache.http.wire]:72 - http-outgoing-0 >> "<xml>[\n]"
2017-12-18 14:17:43,876 DEBUG [main] [org.apache.http.wire]:72 - http-outgoing-0 >> "  <appid><![CDATA[wxd0c763640d4b8f08]]></appid>[\n]"
2017-12-18 14:17:43,877 DEBUG [main] [org.apache.http.wire]:72 - http-outgoing-0 >> "  <mch_id><![CDATA[1486272382]]></mch_id>[\n]"
2017-12-18 14:17:43,877 DEBUG [main] [org.apache.http.wire]:72 - http-outgoing-0 >> "  <nonce_str><![CDATA[A277051C380741E2A5E793C2D7663250]]></nonce_str>[\n]"
2017-12-18 14:17:43,877 DEBUG [main] [org.apache.http.wire]:72 - http-outgoing-0 >> "  <sign><![CDATA[F2B315F92480029FE389BDAC195DCDA0]]></sign>[\n]"
2017-12-18 14:17:43,877 DEBUG [main] [org.apache.http.wire]:72 - http-outgoing-0 >> "  <body><![CDATA[[0xe5][0x85][0x85][0xe5][0x80][0xbc]]]></body>[\n]"
2017-12-18 14:17:43,878 DEBUG [main] [org.apache.http.wire]:72 - http-outgoing-0 >> "  <out_trade_no><![CDATA[401513577862262]]></out_trade_no>[\n]"
2017-12-18 14:17:43,878 DEBUG [main] [org.apache.http.wire]:72 - http-outgoing-0 >> "  <total_fee><![CDATA[1]]></total_fee>[\n]"
2017-12-18 14:17:43,878 DEBUG [main] [org.apache.http.wire]:72 - http-outgoing-0 >> "  <spbill_create_ip><![CDATA[192.168.1.198]]></spbill_create_ip>[\n]"
2017-12-18 14:17:43,878 DEBUG [main] [org.apache.http.wire]:72 - http-outgoing-0 >> "  <notify_url><![CDATA[]]></notify_url>[\n]"
2017-12-18 14:17:43,878 DEBUG [main] [org.apache.http.wire]:72 - http-outgoing-0 >> "  <trade_type><![CDATA[JSAPI]]></trade_type>[\n]"
2017-12-18 14:17:43,879 DEBUG [main] [org.apache.http.wire]:72 - http-outgoing-0 >> "  <openid><![CDATA[o5tP4v2sRruivGVkBPjL5zvWQQnw]]></openid>[\n]"
2017-12-18 14:17:43,879 DEBUG [main] [org.apache.http.wire]:86 - http-outgoing-0 >> "</xml>"
2017-12-18 14:17:43,939 DEBUG [main] [org.apache.http.wire]:72 - http-outgoing-0 << "HTTP/1.1 200 OK[\r][\n]"
2017-12-18 14:17:43,939 DEBUG [main] [org.apache.http.wire]:72 - http-outgoing-0 << "Server: nginx[\r][\n]"
2017-12-18 14:17:43,939 DEBUG [main] [org.apache.http.wire]:72 - http-outgoing-0 << "Date: Mon, 18 Dec 2017 06:17:59 GMT[\r][\n]"
2017-12-18 14:17:43,940 DEBUG [main] [org.apache.http.wire]:72 - http-outgoing-0 << "Content-Type: text/plain[\r][\n]"
2017-12-18 14:17:43,940 DEBUG [main] [org.apache.http.wire]:72 - http-outgoing-0 << "Content-Length: 178[\r][\n]"
2017-12-18 14:17:43,940 DEBUG [main] [org.apache.http.wire]:72 - http-outgoing-0 << "Connection: keep-alive[\r][\n]"
2017-12-18 14:17:43,940 DEBUG [main] [org.apache.http.wire]:72 - http-outgoing-0 << "Keep-Alive: timeout=8[\r][\n]"
2017-12-18 14:17:43,940 DEBUG [main] [org.apache.http.wire]:72 - http-outgoing-0 << "[\r][\n]"
2017-12-18 14:17:43,941 DEBUG [main] [org.apache.http.wire]:72 - http-outgoing-0 << "<xml><return_code><![CDATA[FAIL]]></return_code>[\n]"
2017-12-18 14:17:43,941 DEBUG [main] [org.apache.http.wire]:72 - http-outgoing-0 << "<return_msg><![CDATA[[0xe5][0x95][0x86][0xe6][0x88][0xb7][0xe5][0x8f][0xb7][0xe8][0xaf][0xa5][0xe4][0xba][0xa7][0xe5][0x93][0x81][0xe6][0x9d][0x83][0xe9][0x99][0x90][0xe6][0x9c][0xaa][0xe5][0xbc][0x80][0xe9][0x80][0x9a][0xef][0xbc][0x8c][0xe8][0xaf][0xb7][0xe5][0x89][0x8d][0xe5][0xbe][0x80][0xe5][0x95][0x86][0xe6][0x88][0xb7][0xe5][0xb9][0xb3][0xe5][0x8f][0xb0]>[0xe4][0xba][0xa7][0xe5][0x93][0x81][0xe4][0xb8][0xad][0xe5][0xbf][0x83][0xe6][0xa3][0x80][0xe6][0x9f][0xa5][0xe5][0x90][0x8e][0xe9][0x87][0x8d][0xe8][0xaf][0x95]]]></return_msg>[\n]"
2017-12-18 14:17:43,941 DEBUG [main] [org.apache.http.wire]:86 - http-outgoing-0 << "</xml>"
2017-12-18 14:17:43,945 DEBUG [main] [org.apache.http.headers]:124 - http-outgoing-0 << HTTP/1.1 200 OK
2017-12-18 14:17:43,946 DEBUG [main] [org.apache.http.headers]:127 - http-outgoing-0 << Server: nginx
2017-12-18 14:17:43,946 DEBUG [main] [org.apache.http.headers]:127 - http-outgoing-0 << Date: Mon, 18 Dec 2017 06:17:59 GMT
2017-12-18 14:17:43,946 DEBUG [main] [org.apache.http.headers]:127 - http-outgoing-0 << Content-Type: text/plain
2017-12-18 14:17:43,947 DEBUG [main] [org.apache.http.headers]:127 - http-outgoing-0 << Content-Length: 178
2017-12-18 14:17:43,947 DEBUG [main] [org.apache.http.headers]:127 - http-outgoing-0 << Connection: keep-alive
2017-12-18 14:17:43,947 DEBUG [main] [org.apache.http.headers]:127 - http-outgoing-0 << Keep-Alive: timeout=8
2017-12-18 14:17:43,955 DEBUG [main] [org.apache.http.impl.execchain.MainClientExec]:284 - Connection can be kept alive for 8000 MILLISECONDS
2017-12-18 14:17:43,961 DEBUG [main] [org.apache.http.impl.conn.PoolingHttpClientConnectionManager]:314 - Connection [id: 0][route: {s}->https://api.mch.weixin.qq.com:443] can be kept alive for 8.0 seconds
2017-12-18 14:17:43,962 DEBUG [main] [org.apache.http.impl.conn.PoolingHttpClientConnectionManager]:320 - Connection released: [id: 0][route: {s}->https://api.mch.weixin.qq.com:443][total kept alive: 1; route allocated: 1 of 2; total allocated: 1 of 20]
