2017-12-15 17:34:24,309 DEBUG [main] [org.apache.http.client.protocol.RequestAddCookies]:122 - CookieSpec selected: default
2017-12-15 17:34:24,330 DEBUG [main] [org.apache.http.client.protocol.RequestAuthCache]:76 - Auth cache not set in the context
2017-12-15 17:34:24,333 DEBUG [main] [org.apache.http.impl.conn.PoolingHttpClientConnectionManager]:249 - Connection request: [route: {s}->https://api.mch.weixin.qq.com:443][total kept alive: 0; route allocated: 0 of 2; total allocated: 0 of 20]
2017-12-15 17:34:24,355 DEBUG [main] [org.apache.http.impl.conn.PoolingHttpClientConnectionManager]:282 - Connection leased: [id: 0][route: {s}->https://api.mch.weixin.qq.com:443][total kept alive: 0; route allocated: 1 of 2; total allocated: 1 of 20]
2017-12-15 17:34:24,358 DEBUG [main] [org.apache.http.impl.execchain.MainClientExec]:234 - Opening connection {s}->https://api.mch.weixin.qq.com:443
2017-12-15 17:34:24,368 DEBUG [main] [org.apache.http.impl.conn.DefaultHttpClientConnectionOperator]:138 - Connecting to api.mch.weixin.qq.com/182.254.78.168:443
2017-12-15 17:34:24,368 DEBUG [main] [org.apache.http.conn.ssl.SSLConnectionSocketFactory]:335 - Connecting socket to api.mch.weixin.qq.com/182.254.78.168:443 with timeout 0
2017-12-15 17:34:24,476 DEBUG [main] [org.apache.http.conn.ssl.SSLConnectionSocketFactory]:388 - Enabled protocols: [TLSv1]
2017-12-15 17:34:24,478 DEBUG [main] [org.apache.http.conn.ssl.SSLConnectionSocketFactory]:389 - Enabled cipher suites:[TLS_ECDHE_ECDSA_WITH_AES_128_CBC_SHA, TLS_ECDHE_RSA_WITH_AES_128_CBC_SHA, TLS_RSA_WITH_AES_128_CBC_SHA, TLS_ECDH_ECDSA_WITH_AES_128_CBC_SHA, TLS_ECDH_RSA_WITH_AES_128_CBC_SHA, TLS_DHE_RSA_WITH_AES_128_CBC_SHA, TLS_DHE_DSS_WITH_AES_128_CBC_SHA, TLS_ECDHE_ECDSA_WITH_RC4_128_SHA, TLS_ECDHE_RSA_WITH_RC4_128_SHA, SSL_RSA_WITH_RC4_128_SHA, TLS_ECDH_ECDSA_WITH_RC4_128_SHA, TLS_ECDH_RSA_WITH_RC4_128_SHA, TLS_ECDHE_ECDSA_WITH_3DES_EDE_CBC_SHA, TLS_ECDHE_RSA_WITH_3DES_EDE_CBC_SHA, SSL_RSA_WITH_3DES_EDE_CBC_SHA, TLS_ECDH_ECDSA_WITH_3DES_EDE_CBC_SHA, TLS_ECDH_RSA_WITH_3DES_EDE_CBC_SHA, SSL_DHE_RSA_WITH_3DES_EDE_CBC_SHA, SSL_DHE_DSS_WITH_3DES_EDE_CBC_SHA, SSL_RSA_WITH_RC4_128_MD5, TLS_EMPTY_RENEGOTIATION_INFO_SCSV]
2017-12-15 17:34:24,478 DEBUG [main] [org.apache.http.conn.ssl.SSLConnectionSocketFactory]:393 - Starting handshake
2017-12-15 17:34:24,715 DEBUG [main] [org.apache.http.conn.ssl.SSLConnectionSocketFactory]:423 - Secure session established
2017-12-15 17:34:24,715 DEBUG [main] [org.apache.http.conn.ssl.SSLConnectionSocketFactory]:424 -  negotiated protocol: TLSv1
2017-12-15 17:34:24,715 DEBUG [main] [org.apache.http.conn.ssl.SSLConnectionSocketFactory]:425 -  negotiated cipher suite: TLS_ECDHE_RSA_WITH_AES_128_CBC_SHA
2017-12-15 17:34:24,716 DEBUG [main] [org.apache.http.conn.ssl.SSLConnectionSocketFactory]:433 -  peer principal: CN=payapp.weixin.qq.com, OU=R&D, O=Tencent Technology (Shenzhen) Company Limited, L=shenzhen, ST=guangdong, C=CN
2017-12-15 17:34:24,716 DEBUG [main] [org.apache.http.conn.ssl.SSLConnectionSocketFactory]:442 -  peer alternative names: [apihk.mch.weixin.qq.com, pay.weops.qq.com, act.weixin.qq.com, fraud.mch.weixin.qq.com, action.weixin.qq.com, oz.weixin.qq.com, fraudus.mch.weixin.qq.com, apius.mch.weixin.qq.com, api2.mch.weixin.qq.com, api.oz.weixin.qq.com, mch.weixin.qq.com, fraudhk.mch.weixin.qq.com, pay.weixin.qq.com, za.pay.wechat.com, api.mch.weixin.qq.com, api.pay.weixin.qq.com, wx.gtimg.com, payapp.weixin.qq.com]
2017-12-15 17:34:24,716 DEBUG [main] [org.apache.http.conn.ssl.SSLConnectionSocketFactory]:446 -  issuer principal: CN=GeoTrust SSL CA - G3, O=GeoTrust Inc., C=US
2017-12-15 17:34:24,723 DEBUG [main] [org.apache.http.impl.conn.DefaultHttpClientConnectionOperator]:145 - Connection established 192.168.1.199:61216<->182.254.78.168:443
2017-12-15 17:34:24,724 DEBUG [main] [org.apache.http.impl.execchain.MainClientExec]:255 - Executing request POST /mmpaymkttransfers/sendredpack HTTP/1.1
2017-12-15 17:34:24,724 DEBUG [main] [org.apache.http.impl.execchain.MainClientExec]:260 - Target auth state: UNCHALLENGED
2017-12-15 17:34:24,725 DEBUG [main] [org.apache.http.impl.execchain.MainClientExec]:266 - Proxy auth state: UNCHALLENGED
2017-12-15 17:34:24,727 DEBUG [main] [org.apache.http.headers]:135 - http-outgoing-0 >> POST /mmpaymkttransfers/sendredpack HTTP/1.1
2017-12-15 17:34:24,727 DEBUG [main] [org.apache.http.headers]:138 - http-outgoing-0 >> Connection: keep-alive
2017-12-15 17:34:24,728 DEBUG [main] [org.apache.http.headers]:138 - http-outgoing-0 >> Accept: */*
2017-12-15 17:34:24,728 DEBUG [main] [org.apache.http.headers]:138 - http-outgoing-0 >> Content-Type: application/x-www-form-urlencoded; charset=UTF-8
2017-12-15 17:34:24,728 DEBUG [main] [org.apache.http.headers]:138 - http-outgoing-0 >> Host: api.mch.weixin.qq.com
2017-12-15 17:34:24,728 DEBUG [main] [org.apache.http.headers]:138 - http-outgoing-0 >> X-Requested-With: XMLHttpRequest
2017-12-15 17:34:24,728 DEBUG [main] [org.apache.http.headers]:138 - http-outgoing-0 >> Cache-Control: max-age=0
2017-12-15 17:34:24,729 DEBUG [main] [org.apache.http.headers]:138 - http-outgoing-0 >> User-Agent: Mozilla/4.0 (compatible; MSIE 8.0; Windows NT 6.0) 
2017-12-15 17:34:24,729 DEBUG [main] [org.apache.http.headers]:138 - http-outgoing-0 >> Content-Length: 512
2017-12-15 17:34:24,729 DEBUG [main] [org.apache.http.headers]:138 - http-outgoing-0 >> Accept-Encoding: gzip,deflate
2017-12-15 17:34:24,730 DEBUG [main] [org.apache.http.wire]:72 - http-outgoing-0 >> "POST /mmpaymkttransfers/sendredpack HTTP/1.1[\r][\n]"
2017-12-15 17:34:24,730 DEBUG [main] [org.apache.http.wire]:72 - http-outgoing-0 >> "Connection: keep-alive[\r][\n]"
2017-12-15 17:34:24,730 DEBUG [main] [org.apache.http.wire]:72 - http-outgoing-0 >> "Accept: */*[\r][\n]"
2017-12-15 17:34:24,730 DEBUG [main] [org.apache.http.wire]:72 - http-outgoing-0 >> "Content-Type: application/x-www-form-urlencoded; charset=UTF-8[\r][\n]"
2017-12-15 17:34:24,730 DEBUG [main] [org.apache.http.wire]:72 - http-outgoing-0 >> "Host: api.mch.weixin.qq.com[\r][\n]"
2017-12-15 17:34:24,731 DEBUG [main] [org.apache.http.wire]:72 - http-outgoing-0 >> "X-Requested-With: XMLHttpRequest[\r][\n]"
2017-12-15 17:34:24,731 DEBUG [main] [org.apache.http.wire]:72 - http-outgoing-0 >> "Cache-Control: max-age=0[\r][\n]"
2017-12-15 17:34:24,731 DEBUG [main] [org.apache.http.wire]:72 - http-outgoing-0 >> "User-Agent: Mozilla/4.0 (compatible; MSIE 8.0; Windows NT 6.0) [\r][\n]"
2017-12-15 17:34:24,731 DEBUG [main] [org.apache.http.wire]:72 - http-outgoing-0 >> "Content-Length: 512[\r][\n]"
2017-12-15 17:34:24,731 DEBUG [main] [org.apache.http.wire]:72 - http-outgoing-0 >> "Accept-Encoding: gzip,deflate[\r][\n]"
2017-12-15 17:34:24,732 DEBUG [main] [org.apache.http.wire]:72 - http-outgoing-0 >> "[\r][\n]"
2017-12-15 17:34:24,732 DEBUG [main] [org.apache.http.wire]:86 - http-outgoing-0 >> "<xml><nonce_str>249FD55DC6C34B2D88B4106ACD414BC7</nonce_str><mch_billno>711513330463365</mch_billno><mch_id>1486272382</mch_id><wxappid>wxd0c763640d4b8f08</wxappid><send_name>[0xe8][0xbf][0x91][0xe5][0x88][0xb0][0xe5][0xae][0xb6][0xe5][0x85][0xac][0xe4][0xbc][0x97][0xe5][0xb9][0xb3][0xe5][0x8f][0xb0]</send_name><re_openid>o5tP4v2sRruivGVkBPjL5zvWQQnw</re_openid><total_amount>100</total_amount><total_num>1</total_num><wishing>[0xe6][0xb3][0xa8][0xe5][0x86][0x8c][0xe6][0x96][0xb0][0xe7][0x94][0xa8][0xe6][0x88][0xb7],[0xe4][0xb8][0x87][0xe5][0x85][0x83][0xe7][0xba][0xa2][0xe5][0x8c][0x85][0xe7][0xad][0x89][0xe4][0xbd][0xa0][0xe6][0x8b][0xbf]</wishing><client_ip>192.168.1.199</client_ip><act_name>[0xe6][0xb3][0xa8][0xe5][0x86][0x8c][0xe6][0x9c][0x89][0xe5][0xa5][0x96]</act_name><remark>null</remark><sign>3EF63C863C579273E51D4BA7B9CF4965</sign></xml>"
2017-12-15 17:34:25,649 DEBUG [main] [org.apache.http.wire]:72 - http-outgoing-0 << "HTTP/1.1 200 OK[\r][\n]"
2017-12-15 17:34:25,649 DEBUG [main] [org.apache.http.wire]:72 - http-outgoing-0 << "Server: nginx[\r][\n]"
2017-12-15 17:34:25,650 DEBUG [main] [org.apache.http.wire]:72 - http-outgoing-0 << "Date: Fri, 15 Dec 2017 09:34:51 GMT[\r][\n]"
2017-12-15 17:34:25,650 DEBUG [main] [org.apache.http.wire]:72 - http-outgoing-0 << "Content-Type: text/html; charset=UTF-8[\r][\n]"
2017-12-15 17:34:25,650 DEBUG [main] [org.apache.http.wire]:72 - http-outgoing-0 << "Content-Length: 562[\r][\n]"
2017-12-15 17:34:25,650 DEBUG [main] [org.apache.http.wire]:72 - http-outgoing-0 << "Connection: keep-alive[\r][\n]"
2017-12-15 17:34:25,651 DEBUG [main] [org.apache.http.wire]:72 - http-outgoing-0 << "Keep-Alive: timeout=8[\r][\n]"
2017-12-15 17:34:25,651 DEBUG [main] [org.apache.http.wire]:72 - http-outgoing-0 << "Cache-Control: no-cache, must-revalidate[\r][\n]"
2017-12-15 17:34:25,651 DEBUG [main] [org.apache.http.wire]:72 - http-outgoing-0 << "[\r][\n]"
2017-12-15 17:34:25,651 DEBUG [main] [org.apache.http.wire]:72 - http-outgoing-0 << "<xml>[\n]"
2017-12-15 17:34:25,651 DEBUG [main] [org.apache.http.wire]:72 - http-outgoing-0 << "<return_code><![CDATA[SUCCESS]]></return_code>[\n]"
2017-12-15 17:34:25,652 DEBUG [main] [org.apache.http.wire]:72 - http-outgoing-0 << "<return_msg><![CDATA[[0xe5][0x8f][0x91][0xe6][0x94][0xbe][0xe6][0x88][0x90][0xe5][0x8a][0x9f]]]></return_msg>[\n]"
2017-12-15 17:34:25,652 DEBUG [main] [org.apache.http.wire]:72 - http-outgoing-0 << "<result_code><![CDATA[SUCCESS]]></result_code>[\n]"
2017-12-15 17:34:25,652 DEBUG [main] [org.apache.http.wire]:72 - http-outgoing-0 << "<err_code><![CDATA[SUCCESS]]></err_code>[\n]"
2017-12-15 17:34:25,652 DEBUG [main] [org.apache.http.wire]:72 - http-outgoing-0 << "<err_code_des><![CDATA[[0xe5][0x8f][0x91][0xe6][0x94][0xbe][0xe6][0x88][0x90][0xe5][0x8a][0x9f]]]></err_code_des>[\n]"
2017-12-15 17:34:25,653 DEBUG [main] [org.apache.http.wire]:72 - http-outgoing-0 << "<mch_billno><![CDATA[711513330463365]]></mch_billno>[\n]"
2017-12-15 17:34:25,653 DEBUG [main] [org.apache.http.wire]:72 - http-outgoing-0 << "<mch_id><![CDATA[1486272382]]></mch_id>[\n]"
2017-12-15 17:34:25,653 DEBUG [main] [org.apache.http.wire]:72 - http-outgoing-0 << "<wxappid><![CDATA[wxd0c763640d4b8f08]]></wxappid>[\n]"
2017-12-15 17:34:25,653 DEBUG [main] [org.apache.http.wire]:72 - http-outgoing-0 << "<re_openid><![CDATA[o5tP4v2sRruivGVkBPjL5zvWQQnw]]></re_openid>[\n]"
2017-12-15 17:34:25,654 DEBUG [main] [org.apache.http.wire]:72 - http-outgoing-0 << "<total_amount>100</total_amount>[\n]"
2017-12-15 17:34:25,654 DEBUG [main] [org.apache.http.wire]:72 - http-outgoing-0 << "<send_listid><![CDATA[1000041701201712153000164887243]]></send_listid>[\n]"
2017-12-15 17:34:25,654 DEBUG [main] [org.apache.http.wire]:86 - http-outgoing-0 << "</xml>"
2017-12-15 17:34:25,658 DEBUG [main] [org.apache.http.headers]:124 - http-outgoing-0 << HTTP/1.1 200 OK
2017-12-15 17:34:25,659 DEBUG [main] [org.apache.http.headers]:127 - http-outgoing-0 << Server: nginx
2017-12-15 17:34:25,659 DEBUG [main] [org.apache.http.headers]:127 - http-outgoing-0 << Date: Fri, 15 Dec 2017 09:34:51 GMT
2017-12-15 17:34:25,659 DEBUG [main] [org.apache.http.headers]:127 - http-outgoing-0 << Content-Type: text/html; charset=UTF-8
2017-12-15 17:34:25,659 DEBUG [main] [org.apache.http.headers]:127 - http-outgoing-0 << Content-Length: 562
2017-12-15 17:34:25,660 DEBUG [main] [org.apache.http.headers]:127 - http-outgoing-0 << Connection: keep-alive
2017-12-15 17:34:25,660 DEBUG [main] [org.apache.http.headers]:127 - http-outgoing-0 << Keep-Alive: timeout=8
2017-12-15 17:34:25,660 DEBUG [main] [org.apache.http.headers]:127 - http-outgoing-0 << Cache-Control: no-cache, must-revalidate
2017-12-15 17:34:25,669 DEBUG [main] [org.apache.http.impl.execchain.MainClientExec]:284 - Connection can be kept alive for 8000 MILLISECONDS
2017-12-15 17:34:25,675 DEBUG [main] [org.apache.http.impl.conn.PoolingHttpClientConnectionManager]:314 - Connection [id: 0][route: {s}->https://api.mch.weixin.qq.com:443][state: SURNAME=37238320, CN=重庆捷路科技有限公司, OU=MMPay, O=Tencent, L=Shenzhen, ST=Guangdong, C=CN] can be kept alive for 8.0 seconds
2017-12-15 17:34:25,676 DEBUG [main] [org.apache.http.impl.conn.PoolingHttpClientConnectionManager]:320 - Connection released: [id: 0][route: {s}->https://api.mch.weixin.qq.com:443][state: SURNAME=37238320, CN=重庆捷路科技有限公司, OU=MMPay, O=Tencent, L=Shenzhen, ST=Guangdong, C=CN][total kept alive: 1; route allocated: 1 of 2; total allocated: 1 of 20]
2017-12-15 17:36:27,396 DEBUG [main] [org.apache.http.client.protocol.RequestAddCookies]:122 - CookieSpec selected: default
2017-12-15 17:36:27,414 DEBUG [main] [org.apache.http.client.protocol.RequestAuthCache]:76 - Auth cache not set in the context
2017-12-15 17:36:27,417 DEBUG [main] [org.apache.http.impl.conn.PoolingHttpClientConnectionManager]:249 - Connection request: [route: {s}->https://api.mch.weixin.qq.com:443][total kept alive: 0; route allocated: 0 of 2; total allocated: 0 of 20]
2017-12-15 17:36:27,441 DEBUG [main] [org.apache.http.impl.conn.PoolingHttpClientConnectionManager]:282 - Connection leased: [id: 0][route: {s}->https://api.mch.weixin.qq.com:443][total kept alive: 0; route allocated: 1 of 2; total allocated: 1 of 20]
2017-12-15 17:36:27,443 DEBUG [main] [org.apache.http.impl.execchain.MainClientExec]:234 - Opening connection {s}->https://api.mch.weixin.qq.com:443
2017-12-15 17:36:27,452 DEBUG [main] [org.apache.http.impl.conn.DefaultHttpClientConnectionOperator]:138 - Connecting to api.mch.weixin.qq.com/182.254.10.62:443
2017-12-15 17:36:27,453 DEBUG [main] [org.apache.http.conn.ssl.SSLConnectionSocketFactory]:335 - Connecting socket to api.mch.weixin.qq.com/182.254.10.62:443 with timeout 0
2017-12-15 17:36:27,560 DEBUG [main] [org.apache.http.conn.ssl.SSLConnectionSocketFactory]:388 - Enabled protocols: [TLSv1]
2017-12-15 17:36:27,560 DEBUG [main] [org.apache.http.conn.ssl.SSLConnectionSocketFactory]:389 - Enabled cipher suites:[TLS_ECDHE_ECDSA_WITH_AES_128_CBC_SHA, TLS_ECDHE_RSA_WITH_AES_128_CBC_SHA, TLS_RSA_WITH_AES_128_CBC_SHA, TLS_ECDH_ECDSA_WITH_AES_128_CBC_SHA, TLS_ECDH_RSA_WITH_AES_128_CBC_SHA, TLS_DHE_RSA_WITH_AES_128_CBC_SHA, TLS_DHE_DSS_WITH_AES_128_CBC_SHA, TLS_ECDHE_ECDSA_WITH_RC4_128_SHA, TLS_ECDHE_RSA_WITH_RC4_128_SHA, SSL_RSA_WITH_RC4_128_SHA, TLS_ECDH_ECDSA_WITH_RC4_128_SHA, TLS_ECDH_RSA_WITH_RC4_128_SHA, TLS_ECDHE_ECDSA_WITH_3DES_EDE_CBC_SHA, TLS_ECDHE_RSA_WITH_3DES_EDE_CBC_SHA, SSL_RSA_WITH_3DES_EDE_CBC_SHA, TLS_ECDH_ECDSA_WITH_3DES_EDE_CBC_SHA, TLS_ECDH_RSA_WITH_3DES_EDE_CBC_SHA, SSL_DHE_RSA_WITH_3DES_EDE_CBC_SHA, SSL_DHE_DSS_WITH_3DES_EDE_CBC_SHA, SSL_RSA_WITH_RC4_128_MD5, TLS_EMPTY_RENEGOTIATION_INFO_SCSV]
2017-12-15 17:36:27,560 DEBUG [main] [org.apache.http.conn.ssl.SSLConnectionSocketFactory]:393 - Starting handshake
2017-12-15 17:36:27,792 DEBUG [main] [org.apache.http.conn.ssl.SSLConnectionSocketFactory]:423 - Secure session established
2017-12-15 17:36:27,792 DEBUG [main] [org.apache.http.conn.ssl.SSLConnectionSocketFactory]:424 -  negotiated protocol: TLSv1
2017-12-15 17:36:27,792 DEBUG [main] [org.apache.http.conn.ssl.SSLConnectionSocketFactory]:425 -  negotiated cipher suite: TLS_ECDHE_RSA_WITH_AES_128_CBC_SHA
2017-12-15 17:36:27,793 DEBUG [main] [org.apache.http.conn.ssl.SSLConnectionSocketFactory]:433 -  peer principal: CN=payapp.weixin.qq.com, OU=R&D, O=Tencent Technology (Shenzhen) Company Limited, L=shenzhen, ST=guangdong, C=CN
2017-12-15 17:36:27,793 DEBUG [main] [org.apache.http.conn.ssl.SSLConnectionSocketFactory]:442 -  peer alternative names: [apihk.mch.weixin.qq.com, pay.weops.qq.com, act.weixin.qq.com, fraud.mch.weixin.qq.com, action.weixin.qq.com, oz.weixin.qq.com, fraudus.mch.weixin.qq.com, apius.mch.weixin.qq.com, api2.mch.weixin.qq.com, api.oz.weixin.qq.com, mch.weixin.qq.com, fraudhk.mch.weixin.qq.com, pay.weixin.qq.com, za.pay.wechat.com, api.mch.weixin.qq.com, api.pay.weixin.qq.com, wx.gtimg.com, payapp.weixin.qq.com]
2017-12-15 17:36:27,794 DEBUG [main] [org.apache.http.conn.ssl.SSLConnectionSocketFactory]:446 -  issuer principal: CN=GeoTrust SSL CA - G3, O=GeoTrust Inc., C=US
2017-12-15 17:36:27,801 DEBUG [main] [org.apache.http.impl.conn.DefaultHttpClientConnectionOperator]:145 - Connection established 192.168.1.199:62476<->182.254.10.62:443
2017-12-15 17:36:27,801 DEBUG [main] [org.apache.http.impl.execchain.MainClientExec]:255 - Executing request POST /mmpaymkttransfers/sendredpack HTTP/1.1
2017-12-15 17:36:27,802 DEBUG [main] [org.apache.http.impl.execchain.MainClientExec]:260 - Target auth state: UNCHALLENGED
2017-12-15 17:36:27,803 DEBUG [main] [org.apache.http.impl.execchain.MainClientExec]:266 - Proxy auth state: UNCHALLENGED
2017-12-15 17:36:27,805 DEBUG [main] [org.apache.http.headers]:135 - http-outgoing-0 >> POST /mmpaymkttransfers/sendredpack HTTP/1.1
2017-12-15 17:36:27,805 DEBUG [main] [org.apache.http.headers]:138 - http-outgoing-0 >> Connection: keep-alive
2017-12-15 17:36:27,806 DEBUG [main] [org.apache.http.headers]:138 - http-outgoing-0 >> Accept: */*
2017-12-15 17:36:27,806 DEBUG [main] [org.apache.http.headers]:138 - http-outgoing-0 >> Content-Type: application/x-www-form-urlencoded; charset=UTF-8
2017-12-15 17:36:27,806 DEBUG [main] [org.apache.http.headers]:138 - http-outgoing-0 >> Host: api.mch.weixin.qq.com
2017-12-15 17:36:27,806 DEBUG [main] [org.apache.http.headers]:138 - http-outgoing-0 >> X-Requested-With: XMLHttpRequest
2017-12-15 17:36:27,806 DEBUG [main] [org.apache.http.headers]:138 - http-outgoing-0 >> Cache-Control: max-age=0
2017-12-15 17:36:27,807 DEBUG [main] [org.apache.http.headers]:138 - http-outgoing-0 >> User-Agent: Mozilla/4.0 (compatible; MSIE 8.0; Windows NT 6.0) 
2017-12-15 17:36:27,807 DEBUG [main] [org.apache.http.headers]:138 - http-outgoing-0 >> Content-Length: 672
2017-12-15 17:36:27,807 DEBUG [main] [org.apache.http.headers]:138 - http-outgoing-0 >> Accept-Encoding: gzip,deflate
2017-12-15 17:36:27,808 DEBUG [main] [org.apache.http.wire]:72 - http-outgoing-0 >> "POST /mmpaymkttransfers/sendredpack HTTP/1.1[\r][\n]"
2017-12-15 17:36:27,808 DEBUG [main] [org.apache.http.wire]:72 - http-outgoing-0 >> "Connection: keep-alive[\r][\n]"
2017-12-15 17:36:27,808 DEBUG [main] [org.apache.http.wire]:72 - http-outgoing-0 >> "Accept: */*[\r][\n]"
2017-12-15 17:36:27,808 DEBUG [main] [org.apache.http.wire]:72 - http-outgoing-0 >> "Content-Type: application/x-www-form-urlencoded; charset=UTF-8[\r][\n]"
2017-12-15 17:36:27,809 DEBUG [main] [org.apache.http.wire]:72 - http-outgoing-0 >> "Host: api.mch.weixin.qq.com[\r][\n]"
2017-12-15 17:36:27,809 DEBUG [main] [org.apache.http.wire]:72 - http-outgoing-0 >> "X-Requested-With: XMLHttpRequest[\r][\n]"
2017-12-15 17:36:27,809 DEBUG [main] [org.apache.http.wire]:72 - http-outgoing-0 >> "Cache-Control: max-age=0[\r][\n]"
2017-12-15 17:36:27,809 DEBUG [main] [org.apache.http.wire]:72 - http-outgoing-0 >> "User-Agent: Mozilla/4.0 (compatible; MSIE 8.0; Windows NT 6.0) [\r][\n]"
2017-12-15 17:36:27,810 DEBUG [main] [org.apache.http.wire]:72 - http-outgoing-0 >> "Content-Length: 672[\r][\n]"
2017-12-15 17:36:27,810 DEBUG [main] [org.apache.http.wire]:72 - http-outgoing-0 >> "Accept-Encoding: gzip,deflate[\r][\n]"
2017-12-15 17:36:27,810 DEBUG [main] [org.apache.http.wire]:72 - http-outgoing-0 >> "[\r][\n]"
2017-12-15 17:36:27,810 DEBUG [main] [org.apache.http.wire]:72 - http-outgoing-0 >> "<xml>[\n]"
2017-12-15 17:36:27,810 DEBUG [main] [org.apache.http.wire]:72 - http-outgoing-0 >> "  <nonce_str><![CDATA[6C91C756C5C041BC837725C87D33BB7D]]></nonce_str>[\n]"
2017-12-15 17:36:27,811 DEBUG [main] [org.apache.http.wire]:72 - http-outgoing-0 >> "  <mch_billno><![CDATA[241513330586192]]></mch_billno>[\n]"
2017-12-15 17:36:27,811 DEBUG [main] [org.apache.http.wire]:72 - http-outgoing-0 >> "  <mch_id><![CDATA[1486272382]]></mch_id>[\n]"
2017-12-15 17:36:27,811 DEBUG [main] [org.apache.http.wire]:72 - http-outgoing-0 >> "  <wxappid><![CDATA[wxd0c763640d4b8f08]]></wxappid>[\n]"
2017-12-15 17:36:27,811 DEBUG [main] [org.apache.http.wire]:72 - http-outgoing-0 >> "  <send_name><![CDATA[[0xe8][0xbf][0x91][0xe5][0x88][0xb0][0xe5][0xae][0xb6][0xe5][0x85][0xac][0xe4][0xbc][0x97][0xe5][0xb9][0xb3][0xe5][0x8f][0xb0]]]></send_name>[\n]"
2017-12-15 17:36:27,812 DEBUG [main] [org.apache.http.wire]:72 - http-outgoing-0 >> "  <re_openid><![CDATA[o5tP4v2sRruivGVkBPjL5zvWQQnw]]></re_openid>[\n]"
2017-12-15 17:36:27,812 DEBUG [main] [org.apache.http.wire]:72 - http-outgoing-0 >> "  <total_amount><![CDATA[100]]></total_amount>[\n]"
2017-12-15 17:36:27,812 DEBUG [main] [org.apache.http.wire]:72 - http-outgoing-0 >> "  <total_num><![CDATA[1]]></total_num>[\n]"
2017-12-15 17:36:27,812 DEBUG [main] [org.apache.http.wire]:72 - http-outgoing-0 >> "  <wishing><![CDATA[[0xe6][0xb3][0xa8][0xe5][0x86][0x8c][0xe6][0x96][0xb0][0xe7][0x94][0xa8][0xe6][0x88][0xb7],[0xe4][0xb8][0x87][0xe5][0x85][0x83][0xe7][0xba][0xa2][0xe5][0x8c][0x85][0xe7][0xad][0x89][0xe4][0xbd][0xa0][0xe6][0x8b][0xbf]]]></wishing>[\n]"
2017-12-15 17:36:27,813 DEBUG [main] [org.apache.http.wire]:72 - http-outgoing-0 >> "  <client_ip><![CDATA[192.168.1.199]]></client_ip>[\n]"
2017-12-15 17:36:27,813 DEBUG [main] [org.apache.http.wire]:72 - http-outgoing-0 >> "  <act_name><![CDATA[[0xe6][0xb3][0xa8][0xe5][0x86][0x8c][0xe6][0x9c][0x89][0xe5][0xa5][0x96]]]></act_name>[\n]"
2017-12-15 17:36:27,813 DEBUG [main] [org.apache.http.wire]:72 - http-outgoing-0 >> "  <sign><![CDATA[62A450986E1DC2D86C8F62725613F293]]></sign>[\n]"
2017-12-15 17:36:27,813 DEBUG [main] [org.apache.http.wire]:86 - http-outgoing-0 >> "</xml>"
2017-12-15 17:36:27,959 DEBUG [main] [org.apache.http.wire]:72 - http-outgoing-0 << "HTTP/1.1 200 OK[\r][\n]"
2017-12-15 17:36:27,959 DEBUG [main] [org.apache.http.wire]:72 - http-outgoing-0 << "Server: nginx[\r][\n]"
2017-12-15 17:36:27,960 DEBUG [main] [org.apache.http.wire]:72 - http-outgoing-0 << "Date: Fri, 15 Dec 2017 09:36:53 GMT[\r][\n]"
2017-12-15 17:36:27,960 DEBUG [main] [org.apache.http.wire]:72 - http-outgoing-0 << "Content-Type: text/html; charset=UTF-8[\r][\n]"
2017-12-15 17:36:27,960 DEBUG [main] [org.apache.http.wire]:72 - http-outgoing-0 << "Content-Length: 491[\r][\n]"
2017-12-15 17:36:27,960 DEBUG [main] [org.apache.http.wire]:72 - http-outgoing-0 << "Connection: keep-alive[\r][\n]"
2017-12-15 17:36:27,960 DEBUG [main] [org.apache.http.wire]:72 - http-outgoing-0 << "Keep-Alive: timeout=8[\r][\n]"
2017-12-15 17:36:27,961 DEBUG [main] [org.apache.http.wire]:72 - http-outgoing-0 << "Cache-Control: no-cache, must-revalidate[\r][\n]"
2017-12-15 17:36:27,961 DEBUG [main] [org.apache.http.wire]:72 - http-outgoing-0 << "[\r][\n]"
2017-12-15 17:36:27,961 DEBUG [main] [org.apache.http.wire]:72 - http-outgoing-0 << "<xml>[\n]"
2017-12-15 17:36:27,961 DEBUG [main] [org.apache.http.wire]:72 - http-outgoing-0 << "<return_code><![CDATA[SUCCESS]]></return_code>[\n]"
2017-12-15 17:36:27,962 DEBUG [main] [org.apache.http.wire]:72 - http-outgoing-0 << "<return_msg><![CDATA[[0xe7][0xad][0xbe][0xe5][0x90][0x8d][0xe9][0x94][0x99][0xe8][0xaf][0xaf]]]></return_msg>[\n]"
2017-12-15 17:36:27,962 DEBUG [main] [org.apache.http.wire]:72 - http-outgoing-0 << "<result_code><![CDATA[FAIL]]></result_code>[\n]"
2017-12-15 17:36:27,962 DEBUG [main] [org.apache.http.wire]:72 - http-outgoing-0 << "<err_code><![CDATA[SIGN_ERROR]]></err_code>[\n]"
2017-12-15 17:36:27,962 DEBUG [main] [org.apache.http.wire]:72 - http-outgoing-0 << "<err_code_des><![CDATA[[0xe7][0xad][0xbe][0xe5][0x90][0x8d][0xe9][0x94][0x99][0xe8][0xaf][0xaf]]]></err_code_des>[\n]"
2017-12-15 17:36:27,963 DEBUG [main] [org.apache.http.wire]:72 - http-outgoing-0 << "<mch_billno><![CDATA[241513330586192]]></mch_billno>[\n]"
2017-12-15 17:36:27,963 DEBUG [main] [org.apache.http.wire]:72 - http-outgoing-0 << "<mch_id><![CDATA[1486272382]]></mch_id>[\n]"
2017-12-15 17:36:27,963 DEBUG [main] [org.apache.http.wire]:72 - http-outgoing-0 << "<wxappid><![CDATA[wxd0c763640d4b8f08]]></wxappid>[\n]"
2017-12-15 17:36:27,964 DEBUG [main] [org.apache.http.wire]:72 - http-outgoing-0 << "<re_openid><![CDATA[o5tP4v2sRruivGVkBPjL5zvWQQnw]]></re_openid>[\n]"
2017-12-15 17:36:27,964 DEBUG [main] [org.apache.http.wire]:72 - http-outgoing-0 << "<total_amount>100</total_amount>[\n]"
2017-12-15 17:36:27,964 DEBUG [main] [org.apache.http.wire]:86 - http-outgoing-0 << "</xml>"
2017-12-15 17:36:27,968 DEBUG [main] [org.apache.http.headers]:124 - http-outgoing-0 << HTTP/1.1 200 OK
2017-12-15 17:36:27,968 DEBUG [main] [org.apache.http.headers]:127 - http-outgoing-0 << Server: nginx
2017-12-15 17:36:27,969 DEBUG [main] [org.apache.http.headers]:127 - http-outgoing-0 << Date: Fri, 15 Dec 2017 09:36:53 GMT
2017-12-15 17:36:27,969 DEBUG [main] [org.apache.http.headers]:127 - http-outgoing-0 << Content-Type: text/html; charset=UTF-8
2017-12-15 17:36:27,969 DEBUG [main] [org.apache.http.headers]:127 - http-outgoing-0 << Content-Length: 491
2017-12-15 17:36:27,969 DEBUG [main] [org.apache.http.headers]:127 - http-outgoing-0 << Connection: keep-alive
2017-12-15 17:36:27,969 DEBUG [main] [org.apache.http.headers]:127 - http-outgoing-0 << Keep-Alive: timeout=8
2017-12-15 17:36:27,970 DEBUG [main] [org.apache.http.headers]:127 - http-outgoing-0 << Cache-Control: no-cache, must-revalidate
2017-12-15 17:36:27,979 DEBUG [main] [org.apache.http.impl.execchain.MainClientExec]:284 - Connection can be kept alive for 8000 MILLISECONDS
2017-12-15 17:36:27,985 DEBUG [main] [org.apache.http.impl.conn.PoolingHttpClientConnectionManager]:314 - Connection [id: 0][route: {s}->https://api.mch.weixin.qq.com:443][state: SURNAME=37238320, CN=重庆捷路科技有限公司, OU=MMPay, O=Tencent, L=Shenzhen, ST=Guangdong, C=CN] can be kept alive for 8.0 seconds
2017-12-15 17:36:27,986 DEBUG [main] [org.apache.http.impl.conn.PoolingHttpClientConnectionManager]:320 - Connection released: [id: 0][route: {s}->https://api.mch.weixin.qq.com:443][state: SURNAME=37238320, CN=重庆捷路科技有限公司, OU=MMPay, O=Tencent, L=Shenzhen, ST=Guangdong, C=CN][total kept alive: 1; route allocated: 1 of 2; total allocated: 1 of 20]
2017-12-15 17:39:01,174 DEBUG [main] [org.apache.http.client.protocol.RequestAddCookies]:122 - CookieSpec selected: default
2017-12-15 17:39:01,192 DEBUG [main] [org.apache.http.client.protocol.RequestAuthCache]:76 - Auth cache not set in the context
2017-12-15 17:39:01,195 DEBUG [main] [org.apache.http.impl.conn.PoolingHttpClientConnectionManager]:249 - Connection request: [route: {s}->https://api.mch.weixin.qq.com:443][total kept alive: 0; route allocated: 0 of 2; total allocated: 0 of 20]
2017-12-15 17:39:01,215 DEBUG [main] [org.apache.http.impl.conn.PoolingHttpClientConnectionManager]:282 - Connection leased: [id: 0][route: {s}->https://api.mch.weixin.qq.com:443][total kept alive: 0; route allocated: 1 of 2; total allocated: 1 of 20]
2017-12-15 17:39:01,218 DEBUG [main] [org.apache.http.impl.execchain.MainClientExec]:234 - Opening connection {s}->https://api.mch.weixin.qq.com:443
2017-12-15 17:39:01,245 DEBUG [main] [org.apache.http.impl.conn.DefaultHttpClientConnectionOperator]:138 - Connecting to api.mch.weixin.qq.com/182.254.78.168:443
2017-12-15 17:39:01,245 DEBUG [main] [org.apache.http.conn.ssl.SSLConnectionSocketFactory]:335 - Connecting socket to api.mch.weixin.qq.com/182.254.78.168:443 with timeout 0
2017-12-15 17:39:01,361 DEBUG [main] [org.apache.http.conn.ssl.SSLConnectionSocketFactory]:388 - Enabled protocols: [TLSv1]
2017-12-15 17:39:01,362 DEBUG [main] [org.apache.http.conn.ssl.SSLConnectionSocketFactory]:389 - Enabled cipher suites:[TLS_ECDHE_ECDSA_WITH_AES_128_CBC_SHA, TLS_ECDHE_RSA_WITH_AES_128_CBC_SHA, TLS_RSA_WITH_AES_128_CBC_SHA, TLS_ECDH_ECDSA_WITH_AES_128_CBC_SHA, TLS_ECDH_RSA_WITH_AES_128_CBC_SHA, TLS_DHE_RSA_WITH_AES_128_CBC_SHA, TLS_DHE_DSS_WITH_AES_128_CBC_SHA, TLS_ECDHE_ECDSA_WITH_RC4_128_SHA, TLS_ECDHE_RSA_WITH_RC4_128_SHA, SSL_RSA_WITH_RC4_128_SHA, TLS_ECDH_ECDSA_WITH_RC4_128_SHA, TLS_ECDH_RSA_WITH_RC4_128_SHA, TLS_ECDHE_ECDSA_WITH_3DES_EDE_CBC_SHA, TLS_ECDHE_RSA_WITH_3DES_EDE_CBC_SHA, SSL_RSA_WITH_3DES_EDE_CBC_SHA, TLS_ECDH_ECDSA_WITH_3DES_EDE_CBC_SHA, TLS_ECDH_RSA_WITH_3DES_EDE_CBC_SHA, SSL_DHE_RSA_WITH_3DES_EDE_CBC_SHA, SSL_DHE_DSS_WITH_3DES_EDE_CBC_SHA, SSL_RSA_WITH_RC4_128_MD5, TLS_EMPTY_RENEGOTIATION_INFO_SCSV]
2017-12-15 17:39:01,362 DEBUG [main] [org.apache.http.conn.ssl.SSLConnectionSocketFactory]:393 - Starting handshake
2017-12-15 17:39:01,596 DEBUG [main] [org.apache.http.conn.ssl.SSLConnectionSocketFactory]:423 - Secure session established
2017-12-15 17:39:01,597 DEBUG [main] [org.apache.http.conn.ssl.SSLConnectionSocketFactory]:424 -  negotiated protocol: TLSv1
2017-12-15 17:39:01,597 DEBUG [main] [org.apache.http.conn.ssl.SSLConnectionSocketFactory]:425 -  negotiated cipher suite: TLS_ECDHE_RSA_WITH_AES_128_CBC_SHA
2017-12-15 17:39:01,598 DEBUG [main] [org.apache.http.conn.ssl.SSLConnectionSocketFactory]:433 -  peer principal: CN=payapp.weixin.qq.com, OU=R&D, O=Tencent Technology (Shenzhen) Company Limited, L=shenzhen, ST=guangdong, C=CN
2017-12-15 17:39:01,598 DEBUG [main] [org.apache.http.conn.ssl.SSLConnectionSocketFactory]:442 -  peer alternative names: [apihk.mch.weixin.qq.com, pay.weops.qq.com, act.weixin.qq.com, fraud.mch.weixin.qq.com, action.weixin.qq.com, oz.weixin.qq.com, fraudus.mch.weixin.qq.com, apius.mch.weixin.qq.com, api2.mch.weixin.qq.com, api.oz.weixin.qq.com, mch.weixin.qq.com, fraudhk.mch.weixin.qq.com, pay.weixin.qq.com, za.pay.wechat.com, api.mch.weixin.qq.com, api.pay.weixin.qq.com, wx.gtimg.com, payapp.weixin.qq.com]
2017-12-15 17:39:01,598 DEBUG [main] [org.apache.http.conn.ssl.SSLConnectionSocketFactory]:446 -  issuer principal: CN=GeoTrust SSL CA - G3, O=GeoTrust Inc., C=US
2017-12-15 17:39:01,606 DEBUG [main] [org.apache.http.impl.conn.DefaultHttpClientConnectionOperator]:145 - Connection established 192.168.1.199:64085<->182.254.78.168:443
2017-12-15 17:39:01,606 DEBUG [main] [org.apache.http.impl.execchain.MainClientExec]:255 - Executing request POST /mmpaymkttransfers/sendredpack HTTP/1.1
2017-12-15 17:39:01,606 DEBUG [main] [org.apache.http.impl.execchain.MainClientExec]:260 - Target auth state: UNCHALLENGED
2017-12-15 17:39:01,607 DEBUG [main] [org.apache.http.impl.execchain.MainClientExec]:266 - Proxy auth state: UNCHALLENGED
2017-12-15 17:39:01,609 DEBUG [main] [org.apache.http.headers]:135 - http-outgoing-0 >> POST /mmpaymkttransfers/sendredpack HTTP/1.1
2017-12-15 17:39:01,609 DEBUG [main] [org.apache.http.headers]:138 - http-outgoing-0 >> Connection: keep-alive
2017-12-15 17:39:01,610 DEBUG [main] [org.apache.http.headers]:138 - http-outgoing-0 >> Accept: */*
2017-12-15 17:39:01,610 DEBUG [main] [org.apache.http.headers]:138 - http-outgoing-0 >> Content-Type: application/x-www-form-urlencoded; charset=UTF-8
2017-12-15 17:39:01,610 DEBUG [main] [org.apache.http.headers]:138 - http-outgoing-0 >> Host: api.mch.weixin.qq.com
2017-12-15 17:39:01,610 DEBUG [main] [org.apache.http.headers]:138 - http-outgoing-0 >> X-Requested-With: XMLHttpRequest
2017-12-15 17:39:01,610 DEBUG [main] [org.apache.http.headers]:138 - http-outgoing-0 >> Cache-Control: max-age=0
2017-12-15 17:39:01,610 DEBUG [main] [org.apache.http.headers]:138 - http-outgoing-0 >> User-Agent: Mozilla/4.0 (compatible; MSIE 8.0; Windows NT 6.0) 
2017-12-15 17:39:01,611 DEBUG [main] [org.apache.http.headers]:138 - http-outgoing-0 >> Content-Length: 713
2017-12-15 17:39:01,611 DEBUG [main] [org.apache.http.headers]:138 - http-outgoing-0 >> Accept-Encoding: gzip,deflate
2017-12-15 17:39:01,611 DEBUG [main] [org.apache.http.wire]:72 - http-outgoing-0 >> "POST /mmpaymkttransfers/sendredpack HTTP/1.1[\r][\n]"
2017-12-15 17:39:01,611 DEBUG [main] [org.apache.http.wire]:72 - http-outgoing-0 >> "Connection: keep-alive[\r][\n]"
2017-12-15 17:39:01,612 DEBUG [main] [org.apache.http.wire]:72 - http-outgoing-0 >> "Accept: */*[\r][\n]"
2017-12-15 17:39:01,612 DEBUG [main] [org.apache.http.wire]:72 - http-outgoing-0 >> "Content-Type: application/x-www-form-urlencoded; charset=UTF-8[\r][\n]"
2017-12-15 17:39:01,612 DEBUG [main] [org.apache.http.wire]:72 - http-outgoing-0 >> "Host: api.mch.weixin.qq.com[\r][\n]"
2017-12-15 17:39:01,612 DEBUG [main] [org.apache.http.wire]:72 - http-outgoing-0 >> "X-Requested-With: XMLHttpRequest[\r][\n]"
2017-12-15 17:39:01,612 DEBUG [main] [org.apache.http.wire]:72 - http-outgoing-0 >> "Cache-Control: max-age=0[\r][\n]"
2017-12-15 17:39:01,613 DEBUG [main] [org.apache.http.wire]:72 - http-outgoing-0 >> "User-Agent: Mozilla/4.0 (compatible; MSIE 8.0; Windows NT 6.0) [\r][\n]"
2017-12-15 17:39:01,613 DEBUG [main] [org.apache.http.wire]:72 - http-outgoing-0 >> "Content-Length: 713[\r][\n]"
2017-12-15 17:39:01,614 DEBUG [main] [org.apache.http.wire]:72 - http-outgoing-0 >> "Accept-Encoding: gzip,deflate[\r][\n]"
2017-12-15 17:39:01,614 DEBUG [main] [org.apache.http.wire]:72 - http-outgoing-0 >> "[\r][\n]"
2017-12-15 17:39:01,614 DEBUG [main] [org.apache.http.wire]:72 - http-outgoing-0 >> "<xml>[\n]"
2017-12-15 17:39:01,614 DEBUG [main] [org.apache.http.wire]:72 - http-outgoing-0 >> "  <nonce_str><![CDATA[7D275194FB7241D889B6FFF650EAF680]]></nonce_str>[\n]"
2017-12-15 17:39:01,614 DEBUG [main] [org.apache.http.wire]:72 - http-outgoing-0 >> "  <mch_billno><![CDATA[641513330740044]]></mch_billno>[\n]"
2017-12-15 17:39:01,615 DEBUG [main] [org.apache.http.wire]:72 - http-outgoing-0 >> "  <mch_id><![CDATA[1486272382]]></mch_id>[\n]"
2017-12-15 17:39:01,615 DEBUG [main] [org.apache.http.wire]:72 - http-outgoing-0 >> "  <wxappid><![CDATA[wxd0c763640d4b8f08]]></wxappid>[\n]"
2017-12-15 17:39:01,615 DEBUG [main] [org.apache.http.wire]:72 - http-outgoing-0 >> "  <send_name><![CDATA[[0xe8][0xbf][0x91][0xe5][0x88][0xb0][0xe5][0xae][0xb6][0xe5][0x85][0xac][0xe4][0xbc][0x97][0xe5][0xb9][0xb3][0xe5][0x8f][0xb0]]]></send_name>[\n]"
2017-12-15 17:39:01,615 DEBUG [main] [org.apache.http.wire]:72 - http-outgoing-0 >> "  <re_openid><![CDATA[o5tP4v2sRruivGVkBPjL5zvWQQnw]]></re_openid>[\n]"
2017-12-15 17:39:01,616 DEBUG [main] [org.apache.http.wire]:72 - http-outgoing-0 >> "  <total_amount><![CDATA[100]]></total_amount>[\n]"
2017-12-15 17:39:01,616 DEBUG [main] [org.apache.http.wire]:72 - http-outgoing-0 >> "  <total_num><![CDATA[1]]></total_num>[\n]"
2017-12-15 17:39:01,616 DEBUG [main] [org.apache.http.wire]:72 - http-outgoing-0 >> "  <wishing><![CDATA[[0xe6][0xb3][0xa8][0xe5][0x86][0x8c][0xe6][0x96][0xb0][0xe7][0x94][0xa8][0xe6][0x88][0xb7],[0xe4][0xb8][0x87][0xe5][0x85][0x83][0xe7][0xba][0xa2][0xe5][0x8c][0x85][0xe7][0xad][0x89][0xe4][0xbd][0xa0][0xe6][0x8b][0xbf]]]></wishing>[\n]"
2017-12-15 17:39:01,616 DEBUG [main] [org.apache.http.wire]:72 - http-outgoing-0 >> "  <client_ip><![CDATA[192.168.1.199]]></client_ip>[\n]"
2017-12-15 17:39:01,616 DEBUG [main] [org.apache.http.wire]:72 - http-outgoing-0 >> "  <act_name><![CDATA[[0xe6][0xb3][0xa8][0xe5][0x86][0x8c][0xe6][0x9c][0x89][0xe5][0xa5][0x96]]]></act_name>[\n]"
2017-12-15 17:39:01,617 DEBUG [main] [org.apache.http.wire]:72 - http-outgoing-0 >> "  <remark><![CDATA[[0xe8][0xbf][0x91][0xe5][0x88][0xb0][0xe5][0xae][0xb6]]]></remark>[\n]"
2017-12-15 17:39:01,617 DEBUG [main] [org.apache.http.wire]:72 - http-outgoing-0 >> "  <sign><![CDATA[A2530D4003D3EE299C84A3A6C09F42A5]]></sign>[\n]"
2017-12-15 17:39:01,617 DEBUG [main] [org.apache.http.wire]:86 - http-outgoing-0 >> "</xml>"
2017-12-15 17:39:02,284 DEBUG [main] [org.apache.http.wire]:72 - http-outgoing-0 << "HTTP/1.1 200 OK[\r][\n]"
2017-12-15 17:39:02,285 DEBUG [main] [org.apache.http.wire]:72 - http-outgoing-0 << "Server: nginx[\r][\n]"
2017-12-15 17:39:02,285 DEBUG [main] [org.apache.http.wire]:72 - http-outgoing-0 << "Date: Fri, 15 Dec 2017 09:39:28 GMT[\r][\n]"
2017-12-15 17:39:02,285 DEBUG [main] [org.apache.http.wire]:72 - http-outgoing-0 << "Content-Type: text/html; charset=UTF-8[\r][\n]"
2017-12-15 17:39:02,285 DEBUG [main] [org.apache.http.wire]:72 - http-outgoing-0 << "Content-Length: 562[\r][\n]"
2017-12-15 17:39:02,285 DEBUG [main] [org.apache.http.wire]:72 - http-outgoing-0 << "Connection: keep-alive[\r][\n]"
2017-12-15 17:39:02,286 DEBUG [main] [org.apache.http.wire]:72 - http-outgoing-0 << "Keep-Alive: timeout=8[\r][\n]"
2017-12-15 17:39:02,286 DEBUG [main] [org.apache.http.wire]:72 - http-outgoing-0 << "Cache-Control: no-cache, must-revalidate[\r][\n]"
2017-12-15 17:39:02,286 DEBUG [main] [org.apache.http.wire]:72 - http-outgoing-0 << "[\r][\n]"
2017-12-15 17:39:02,286 DEBUG [main] [org.apache.http.wire]:72 - http-outgoing-0 << "<xml>[\n]"
2017-12-15 17:39:02,287 DEBUG [main] [org.apache.http.wire]:72 - http-outgoing-0 << "<return_code><![CDATA[SUCCESS]]></return_code>[\n]"
2017-12-15 17:39:02,287 DEBUG [main] [org.apache.http.wire]:72 - http-outgoing-0 << "<return_msg><![CDATA[[0xe5][0x8f][0x91][0xe6][0x94][0xbe][0xe6][0x88][0x90][0xe5][0x8a][0x9f]]]></return_msg>[\n]"
2017-12-15 17:39:02,288 DEBUG [main] [org.apache.http.wire]:72 - http-outgoing-0 << "<result_code><![CDATA[SUCCESS]]></result_code>[\n]"
2017-12-15 17:39:02,288 DEBUG [main] [org.apache.http.wire]:72 - http-outgoing-0 << "<err_code><![CDATA[SUCCESS]]></err_code>[\n]"
2017-12-15 17:39:02,288 DEBUG [main] [org.apache.http.wire]:72 - http-outgoing-0 << "<err_code_des><![CDATA[[0xe5][0x8f][0x91][0xe6][0x94][0xbe][0xe6][0x88][0x90][0xe5][0x8a][0x9f]]]></err_code_des>[\n]"
2017-12-15 17:39:02,288 DEBUG [main] [org.apache.http.wire]:72 - http-outgoing-0 << "<mch_billno><![CDATA[641513330740044]]></mch_billno>[\n]"
2017-12-15 17:39:02,289 DEBUG [main] [org.apache.http.wire]:72 - http-outgoing-0 << "<mch_id><![CDATA[1486272382]]></mch_id>[\n]"
2017-12-15 17:39:02,289 DEBUG [main] [org.apache.http.wire]:72 - http-outgoing-0 << "<wxappid><![CDATA[wxd0c763640d4b8f08]]></wxappid>[\n]"
2017-12-15 17:39:02,289 DEBUG [main] [org.apache.http.wire]:72 - http-outgoing-0 << "<re_openid><![CDATA[o5tP4v2sRruivGVkBPjL5zvWQQnw]]></re_openid>[\n]"
2017-12-15 17:39:02,289 DEBUG [main] [org.apache.http.wire]:72 - http-outgoing-0 << "<total_amount>100</total_amount>[\n]"
2017-12-15 17:39:02,290 DEBUG [main] [org.apache.http.wire]:72 - http-outgoing-0 << "<send_listid><![CDATA[1000041701201712153000161791212]]></send_listid>[\n]"
2017-12-15 17:39:02,290 DEBUG [main] [org.apache.http.wire]:86 - http-outgoing-0 << "</xml>"
2017-12-15 17:39:02,294 DEBUG [main] [org.apache.http.headers]:124 - http-outgoing-0 << HTTP/1.1 200 OK
2017-12-15 17:39:02,294 DEBUG [main] [org.apache.http.headers]:127 - http-outgoing-0 << Server: nginx
2017-12-15 17:39:02,295 DEBUG [main] [org.apache.http.headers]:127 - http-outgoing-0 << Date: Fri, 15 Dec 2017 09:39:28 GMT
2017-12-15 17:39:02,295 DEBUG [main] [org.apache.http.headers]:127 - http-outgoing-0 << Content-Type: text/html; charset=UTF-8
2017-12-15 17:39:02,295 DEBUG [main] [org.apache.http.headers]:127 - http-outgoing-0 << Content-Length: 562
2017-12-15 17:39:02,295 DEBUG [main] [org.apache.http.headers]:127 - http-outgoing-0 << Connection: keep-alive
2017-12-15 17:39:02,295 DEBUG [main] [org.apache.http.headers]:127 - http-outgoing-0 << Keep-Alive: timeout=8
2017-12-15 17:39:02,296 DEBUG [main] [org.apache.http.headers]:127 - http-outgoing-0 << Cache-Control: no-cache, must-revalidate
2017-12-15 17:39:02,304 DEBUG [main] [org.apache.http.impl.execchain.MainClientExec]:284 - Connection can be kept alive for 8000 MILLISECONDS
2017-12-15 17:39:02,309 DEBUG [main] [org.apache.http.impl.conn.PoolingHttpClientConnectionManager]:314 - Connection [id: 0][route: {s}->https://api.mch.weixin.qq.com:443][state: SURNAME=37238320, CN=重庆捷路科技有限公司, OU=MMPay, O=Tencent, L=Shenzhen, ST=Guangdong, C=CN] can be kept alive for 8.0 seconds
2017-12-15 17:39:02,310 DEBUG [main] [org.apache.http.impl.conn.PoolingHttpClientConnectionManager]:320 - Connection released: [id: 0][route: {s}->https://api.mch.weixin.qq.com:443][state: SURNAME=37238320, CN=重庆捷路科技有限公司, OU=MMPay, O=Tencent, L=Shenzhen, ST=Guangdong, C=CN][total kept alive: 1; route allocated: 1 of 2; total allocated: 1 of 20]
2017-12-15 17:39:35,555 DEBUG [main] [org.apache.http.client.protocol.RequestAddCookies]:122 - CookieSpec selected: default
2017-12-15 17:39:35,573 DEBUG [main] [org.apache.http.client.protocol.RequestAuthCache]:76 - Auth cache not set in the context
2017-12-15 17:39:35,576 DEBUG [main] [org.apache.http.impl.conn.PoolingHttpClientConnectionManager]:249 - Connection request: [route: {s}->https://api.mch.weixin.qq.com:443][total kept alive: 0; route allocated: 0 of 2; total allocated: 0 of 20]
2017-12-15 17:39:35,597 DEBUG [main] [org.apache.http.impl.conn.PoolingHttpClientConnectionManager]:282 - Connection leased: [id: 0][route: {s}->https://api.mch.weixin.qq.com:443][total kept alive: 0; route allocated: 1 of 2; total allocated: 1 of 20]
2017-12-15 17:39:35,600 DEBUG [main] [org.apache.http.impl.execchain.MainClientExec]:234 - Opening connection {s}->https://api.mch.weixin.qq.com:443
2017-12-15 17:39:35,606 DEBUG [main] [org.apache.http.impl.conn.DefaultHttpClientConnectionOperator]:138 - Connecting to api.mch.weixin.qq.com/182.254.78.168:443
2017-12-15 17:39:35,607 DEBUG [main] [org.apache.http.conn.ssl.SSLConnectionSocketFactory]:335 - Connecting socket to api.mch.weixin.qq.com/182.254.78.168:443 with timeout 0
2017-12-15 17:39:35,713 DEBUG [main] [org.apache.http.conn.ssl.SSLConnectionSocketFactory]:388 - Enabled protocols: [TLSv1]
2017-12-15 17:39:35,713 DEBUG [main] [org.apache.http.conn.ssl.SSLConnectionSocketFactory]:389 - Enabled cipher suites:[TLS_ECDHE_ECDSA_WITH_AES_128_CBC_SHA, TLS_ECDHE_RSA_WITH_AES_128_CBC_SHA, TLS_RSA_WITH_AES_128_CBC_SHA, TLS_ECDH_ECDSA_WITH_AES_128_CBC_SHA, TLS_ECDH_RSA_WITH_AES_128_CBC_SHA, TLS_DHE_RSA_WITH_AES_128_CBC_SHA, TLS_DHE_DSS_WITH_AES_128_CBC_SHA, TLS_ECDHE_ECDSA_WITH_RC4_128_SHA, TLS_ECDHE_RSA_WITH_RC4_128_SHA, SSL_RSA_WITH_RC4_128_SHA, TLS_ECDH_ECDSA_WITH_RC4_128_SHA, TLS_ECDH_RSA_WITH_RC4_128_SHA, TLS_ECDHE_ECDSA_WITH_3DES_EDE_CBC_SHA, TLS_ECDHE_RSA_WITH_3DES_EDE_CBC_SHA, SSL_RSA_WITH_3DES_EDE_CBC_SHA, TLS_ECDH_ECDSA_WITH_3DES_EDE_CBC_SHA, TLS_ECDH_RSA_WITH_3DES_EDE_CBC_SHA, SSL_DHE_RSA_WITH_3DES_EDE_CBC_SHA, SSL_DHE_DSS_WITH_3DES_EDE_CBC_SHA, SSL_RSA_WITH_RC4_128_MD5, TLS_EMPTY_RENEGOTIATION_INFO_SCSV]
2017-12-15 17:39:35,714 DEBUG [main] [org.apache.http.conn.ssl.SSLConnectionSocketFactory]:393 - Starting handshake
2017-12-15 17:39:35,932 DEBUG [main] [org.apache.http.conn.ssl.SSLConnectionSocketFactory]:423 - Secure session established
2017-12-15 17:39:35,932 DEBUG [main] [org.apache.http.conn.ssl.SSLConnectionSocketFactory]:424 -  negotiated protocol: TLSv1
2017-12-15 17:39:35,933 DEBUG [main] [org.apache.http.conn.ssl.SSLConnectionSocketFactory]:425 -  negotiated cipher suite: TLS_ECDHE_RSA_WITH_AES_128_CBC_SHA
2017-12-15 17:39:35,933 DEBUG [main] [org.apache.http.conn.ssl.SSLConnectionSocketFactory]:433 -  peer principal: CN=payapp.weixin.qq.com, OU=R&D, O=Tencent Technology (Shenzhen) Company Limited, L=shenzhen, ST=guangdong, C=CN
2017-12-15 17:39:35,934 DEBUG [main] [org.apache.http.conn.ssl.SSLConnectionSocketFactory]:442 -  peer alternative names: [apihk.mch.weixin.qq.com, pay.weops.qq.com, act.weixin.qq.com, fraud.mch.weixin.qq.com, action.weixin.qq.com, oz.weixin.qq.com, fraudus.mch.weixin.qq.com, apius.mch.weixin.qq.com, api2.mch.weixin.qq.com, api.oz.weixin.qq.com, mch.weixin.qq.com, fraudhk.mch.weixin.qq.com, pay.weixin.qq.com, za.pay.wechat.com, api.mch.weixin.qq.com, api.pay.weixin.qq.com, wx.gtimg.com, payapp.weixin.qq.com]
2017-12-15 17:39:35,935 DEBUG [main] [org.apache.http.conn.ssl.SSLConnectionSocketFactory]:446 -  issuer principal: CN=GeoTrust SSL CA - G3, O=GeoTrust Inc., C=US
2017-12-15 17:39:35,943 DEBUG [main] [org.apache.http.impl.conn.DefaultHttpClientConnectionOperator]:145 - Connection established 192.168.1.199:64511<->182.254.78.168:443
2017-12-15 17:39:35,943 DEBUG [main] [org.apache.http.impl.execchain.MainClientExec]:255 - Executing request POST /mmpaymkttransfers/sendredpack HTTP/1.1
2017-12-15 17:39:35,944 DEBUG [main] [org.apache.http.impl.execchain.MainClientExec]:260 - Target auth state: UNCHALLENGED
2017-12-15 17:39:35,945 DEBUG [main] [org.apache.http.impl.execchain.MainClientExec]:266 - Proxy auth state: UNCHALLENGED
2017-12-15 17:39:35,947 DEBUG [main] [org.apache.http.headers]:135 - http-outgoing-0 >> POST /mmpaymkttransfers/sendredpack HTTP/1.1
2017-12-15 17:39:35,947 DEBUG [main] [org.apache.http.headers]:138 - http-outgoing-0 >> Connection: keep-alive
2017-12-15 17:39:35,947 DEBUG [main] [org.apache.http.headers]:138 - http-outgoing-0 >> Accept: */*
2017-12-15 17:39:35,948 DEBUG [main] [org.apache.http.headers]:138 - http-outgoing-0 >> Content-Type: application/x-www-form-urlencoded; charset=UTF-8
2017-12-15 17:39:35,948 DEBUG [main] [org.apache.http.headers]:138 - http-outgoing-0 >> Host: api.mch.weixin.qq.com
2017-12-15 17:39:35,948 DEBUG [main] [org.apache.http.headers]:138 - http-outgoing-0 >> X-Requested-With: XMLHttpRequest
2017-12-15 17:39:35,948 DEBUG [main] [org.apache.http.headers]:138 - http-outgoing-0 >> Cache-Control: max-age=0
2017-12-15 17:39:35,949 DEBUG [main] [org.apache.http.headers]:138 - http-outgoing-0 >> User-Agent: Mozilla/4.0 (compatible; MSIE 8.0; Windows NT 6.0) 
2017-12-15 17:39:35,949 DEBUG [main] [org.apache.http.headers]:138 - http-outgoing-0 >> Content-Length: 704
2017-12-15 17:39:35,949 DEBUG [main] [org.apache.http.headers]:138 - http-outgoing-0 >> Accept-Encoding: gzip,deflate
2017-12-15 17:39:35,950 DEBUG [main] [org.apache.http.wire]:72 - http-outgoing-0 >> "POST /mmpaymkttransfers/sendredpack HTTP/1.1[\r][\n]"
2017-12-15 17:39:35,950 DEBUG [main] [org.apache.http.wire]:72 - http-outgoing-0 >> "Connection: keep-alive[\r][\n]"
2017-12-15 17:39:35,950 DEBUG [main] [org.apache.http.wire]:72 - http-outgoing-0 >> "Accept: */*[\r][\n]"
2017-12-15 17:39:35,951 DEBUG [main] [org.apache.http.wire]:72 - http-outgoing-0 >> "Content-Type: application/x-www-form-urlencoded; charset=UTF-8[\r][\n]"
2017-12-15 17:39:35,951 DEBUG [main] [org.apache.http.wire]:72 - http-outgoing-0 >> "Host: api.mch.weixin.qq.com[\r][\n]"
2017-12-15 17:39:35,951 DEBUG [main] [org.apache.http.wire]:72 - http-outgoing-0 >> "X-Requested-With: XMLHttpRequest[\r][\n]"
2017-12-15 17:39:35,951 DEBUG [main] [org.apache.http.wire]:72 - http-outgoing-0 >> "Cache-Control: max-age=0[\r][\n]"
2017-12-15 17:39:35,951 DEBUG [main] [org.apache.http.wire]:72 - http-outgoing-0 >> "User-Agent: Mozilla/4.0 (compatible; MSIE 8.0; Windows NT 6.0) [\r][\n]"
2017-12-15 17:39:35,952 DEBUG [main] [org.apache.http.wire]:72 - http-outgoing-0 >> "Content-Length: 704[\r][\n]"
2017-12-15 17:39:35,952 DEBUG [main] [org.apache.http.wire]:72 - http-outgoing-0 >> "Accept-Encoding: gzip,deflate[\r][\n]"
2017-12-15 17:39:35,952 DEBUG [main] [org.apache.http.wire]:72 - http-outgoing-0 >> "[\r][\n]"
2017-12-15 17:39:35,952 DEBUG [main] [org.apache.http.wire]:72 - http-outgoing-0 >> "<xml>[\n]"
2017-12-15 17:39:35,953 DEBUG [main] [org.apache.http.wire]:72 - http-outgoing-0 >> "  <nonce_str><![CDATA[3B1F5BA71DFD4209A5CF915EB565008C]]></nonce_str>[\n]"
2017-12-15 17:39:35,953 DEBUG [main] [org.apache.http.wire]:72 - http-outgoing-0 >> "  <mch_billno><![CDATA[821513330774412]]></mch_billno>[\n]"
2017-12-15 17:39:35,953 DEBUG [main] [org.apache.http.wire]:72 - http-outgoing-0 >> "  <mch_id><![CDATA[1486272382]]></mch_id>[\n]"
2017-12-15 17:39:35,953 DEBUG [main] [org.apache.http.wire]:72 - http-outgoing-0 >> "  <wxappid><![CDATA[wxd0c763640d4b8f08]]></wxappid>[\n]"
2017-12-15 17:39:35,953 DEBUG [main] [org.apache.http.wire]:72 - http-outgoing-0 >> "  <send_name><![CDATA[[0xe8][0xbf][0x91][0xe5][0x88][0xb0][0xe5][0xae][0xb6][0xe5][0x85][0xac][0xe4][0xbc][0x97][0xe5][0xb9][0xb3][0xe5][0x8f][0xb0]]]></send_name>[\n]"
2017-12-15 17:39:35,954 DEBUG [main] [org.apache.http.wire]:72 - http-outgoing-0 >> "  <re_openid><![CDATA[o5tP4v2sRruivGVkBPjL5zvWQQnw]]></re_openid>[\n]"
2017-12-15 17:39:35,954 DEBUG [main] [org.apache.http.wire]:72 - http-outgoing-0 >> "  <total_amount><![CDATA[100]]></total_amount>[\n]"
2017-12-15 17:39:35,954 DEBUG [main] [org.apache.http.wire]:72 - http-outgoing-0 >> "  <total_num><![CDATA[1]]></total_num>[\n]"
2017-12-15 17:39:35,954 DEBUG [main] [org.apache.http.wire]:72 - http-outgoing-0 >> "  <wishing><![CDATA[[0xe6][0xb3][0xa8][0xe5][0x86][0x8c][0xe6][0x96][0xb0][0xe7][0x94][0xa8][0xe6][0x88][0xb7],[0xe4][0xb8][0x87][0xe5][0x85][0x83][0xe7][0xba][0xa2][0xe5][0x8c][0x85][0xe7][0xad][0x89][0xe4][0xbd][0xa0][0xe6][0x8b][0xbf]]]></wishing>[\n]"
2017-12-15 17:39:35,955 DEBUG [main] [org.apache.http.wire]:72 - http-outgoing-0 >> "  <client_ip><![CDATA[192.168.1.199]]></client_ip>[\n]"
2017-12-15 17:39:35,955 DEBUG [main] [org.apache.http.wire]:72 - http-outgoing-0 >> "  <act_name><![CDATA[[0xe6][0xb3][0xa8][0xe5][0x86][0x8c][0xe6][0x9c][0x89][0xe5][0xa5][0x96]]]></act_name>[\n]"
2017-12-15 17:39:35,955 DEBUG [main] [org.apache.http.wire]:72 - http-outgoing-0 >> "  <remark><![CDATA[]]></remark>[\n]"
2017-12-15 17:39:35,955 DEBUG [main] [org.apache.http.wire]:72 - http-outgoing-0 >> "  <sign><![CDATA[EF7C92B253D6F4EEF8CD4DE6BD2DE33F]]></sign>[\n]"
2017-12-15 17:39:35,956 DEBUG [main] [org.apache.http.wire]:86 - http-outgoing-0 >> "</xml>"
2017-12-15 17:39:36,244 DEBUG [main] [org.apache.http.wire]:72 - http-outgoing-0 << "HTTP/1.1 200 OK[\r][\n]"
2017-12-15 17:39:36,244 DEBUG [main] [org.apache.http.wire]:72 - http-outgoing-0 << "Server: nginx[\r][\n]"
2017-12-15 17:39:36,245 DEBUG [main] [org.apache.http.wire]:72 - http-outgoing-0 << "Date: Fri, 15 Dec 2017 09:40:02 GMT[\r][\n]"
2017-12-15 17:39:36,245 DEBUG [main] [org.apache.http.wire]:72 - http-outgoing-0 << "Content-Type: text/html; charset=UTF-8[\r][\n]"
2017-12-15 17:39:36,245 DEBUG [main] [org.apache.http.wire]:72 - http-outgoing-0 << "Content-Length: 491[\r][\n]"
2017-12-15 17:39:36,245 DEBUG [main] [org.apache.http.wire]:72 - http-outgoing-0 << "Connection: keep-alive[\r][\n]"
2017-12-15 17:39:36,246 DEBUG [main] [org.apache.http.wire]:72 - http-outgoing-0 << "Keep-Alive: timeout=8[\r][\n]"
2017-12-15 17:39:36,246 DEBUG [main] [org.apache.http.wire]:72 - http-outgoing-0 << "Cache-Control: no-cache, must-revalidate[\r][\n]"
2017-12-15 17:39:36,247 DEBUG [main] [org.apache.http.wire]:72 - http-outgoing-0 << "[\r][\n]"
2017-12-15 17:39:36,247 DEBUG [main] [org.apache.http.wire]:72 - http-outgoing-0 << "<xml>[\n]"
2017-12-15 17:39:36,247 DEBUG [main] [org.apache.http.wire]:72 - http-outgoing-0 << "<return_code><![CDATA[SUCCESS]]></return_code>[\n]"
2017-12-15 17:39:36,247 DEBUG [main] [org.apache.http.wire]:72 - http-outgoing-0 << "<return_msg><![CDATA[[0xe7][0xad][0xbe][0xe5][0x90][0x8d][0xe9][0x94][0x99][0xe8][0xaf][0xaf]]]></return_msg>[\n]"
2017-12-15 17:39:36,248 DEBUG [main] [org.apache.http.wire]:72 - http-outgoing-0 << "<result_code><![CDATA[FAIL]]></result_code>[\n]"
2017-12-15 17:39:36,248 DEBUG [main] [org.apache.http.wire]:72 - http-outgoing-0 << "<err_code><![CDATA[SIGN_ERROR]]></err_code>[\n]"
2017-12-15 17:39:36,248 DEBUG [main] [org.apache.http.wire]:72 - http-outgoing-0 << "<err_code_des><![CDATA[[0xe7][0xad][0xbe][0xe5][0x90][0x8d][0xe9][0x94][0x99][0xe8][0xaf][0xaf]]]></err_code_des>[\n]"
2017-12-15 17:39:36,248 DEBUG [main] [org.apache.http.wire]:72 - http-outgoing-0 << "<mch_billno><![CDATA[821513330774412]]></mch_billno>[\n]"
2017-12-15 17:39:36,249 DEBUG [main] [org.apache.http.wire]:72 - http-outgoing-0 << "<mch_id><![CDATA[1486272382]]></mch_id>[\n]"
2017-12-15 17:39:36,249 DEBUG [main] [org.apache.http.wire]:72 - http-outgoing-0 << "<wxappid><![CDATA[wxd0c763640d4b8f08]]></wxappid>[\n]"
2017-12-15 17:39:36,249 DEBUG [main] [org.apache.http.wire]:72 - http-outgoing-0 << "<re_openid><![CDATA[o5tP4v2sRruivGVkBPjL5zvWQQnw]]></re_openid>[\n]"
2017-12-15 17:39:36,249 DEBUG [main] [org.apache.http.wire]:72 - http-outgoing-0 << "<total_amount>100</total_amount>[\n]"
2017-12-15 17:39:36,249 DEBUG [main] [org.apache.http.wire]:86 - http-outgoing-0 << "</xml>"
2017-12-15 17:39:36,253 DEBUG [main] [org.apache.http.headers]:124 - http-outgoing-0 << HTTP/1.1 200 OK
2017-12-15 17:39:36,253 DEBUG [main] [org.apache.http.headers]:127 - http-outgoing-0 << Server: nginx
2017-12-15 17:39:36,253 DEBUG [main] [org.apache.http.headers]:127 - http-outgoing-0 << Date: Fri, 15 Dec 2017 09:40:02 GMT
2017-12-15 17:39:36,254 DEBUG [main] [org.apache.http.headers]:127 - http-outgoing-0 << Content-Type: text/html; charset=UTF-8
2017-12-15 17:39:36,254 DEBUG [main] [org.apache.http.headers]:127 - http-outgoing-0 << Content-Length: 491
2017-12-15 17:39:36,254 DEBUG [main] [org.apache.http.headers]:127 - http-outgoing-0 << Connection: keep-alive
2017-12-15 17:39:36,254 DEBUG [main] [org.apache.http.headers]:127 - http-outgoing-0 << Keep-Alive: timeout=8
2017-12-15 17:39:36,254 DEBUG [main] [org.apache.http.headers]:127 - http-outgoing-0 << Cache-Control: no-cache, must-revalidate
2017-12-15 17:39:36,262 DEBUG [main] [org.apache.http.impl.execchain.MainClientExec]:284 - Connection can be kept alive for 8000 MILLISECONDS
2017-12-15 17:39:36,267 DEBUG [main] [org.apache.http.impl.conn.PoolingHttpClientConnectionManager]:314 - Connection [id: 0][route: {s}->https://api.mch.weixin.qq.com:443][state: SURNAME=37238320, CN=重庆捷路科技有限公司, OU=MMPay, O=Tencent, L=Shenzhen, ST=Guangdong, C=CN] can be kept alive for 8.0 seconds
2017-12-15 17:39:36,268 DEBUG [main] [org.apache.http.impl.conn.PoolingHttpClientConnectionManager]:320 - Connection released: [id: 0][route: {s}->https://api.mch.weixin.qq.com:443][state: SURNAME=37238320, CN=重庆捷路科技有限公司, OU=MMPay, O=Tencent, L=Shenzhen, ST=Guangdong, C=CN][total kept alive: 1; route allocated: 1 of 2; total allocated: 1 of 20]
2017-12-15 17:39:50,788 DEBUG [main] [org.apache.http.client.protocol.RequestAddCookies]:122 - CookieSpec selected: default
2017-12-15 17:39:50,807 DEBUG [main] [org.apache.http.client.protocol.RequestAuthCache]:76 - Auth cache not set in the context
2017-12-15 17:39:50,810 DEBUG [main] [org.apache.http.impl.conn.PoolingHttpClientConnectionManager]:249 - Connection request: [route: {s}->https://api.mch.weixin.qq.com:443][total kept alive: 0; route allocated: 0 of 2; total allocated: 0 of 20]
2017-12-15 17:39:50,833 DEBUG [main] [org.apache.http.impl.conn.PoolingHttpClientConnectionManager]:282 - Connection leased: [id: 0][route: {s}->https://api.mch.weixin.qq.com:443][total kept alive: 0; route allocated: 1 of 2; total allocated: 1 of 20]
2017-12-15 17:39:50,835 DEBUG [main] [org.apache.http.impl.execchain.MainClientExec]:234 - Opening connection {s}->https://api.mch.weixin.qq.com:443
2017-12-15 17:39:50,841 DEBUG [main] [org.apache.http.impl.conn.DefaultHttpClientConnectionOperator]:138 - Connecting to api.mch.weixin.qq.com/182.254.78.168:443
2017-12-15 17:39:50,842 DEBUG [main] [org.apache.http.conn.ssl.SSLConnectionSocketFactory]:335 - Connecting socket to api.mch.weixin.qq.com/182.254.78.168:443 with timeout 0
2017-12-15 17:39:50,948 DEBUG [main] [org.apache.http.conn.ssl.SSLConnectionSocketFactory]:388 - Enabled protocols: [TLSv1]
2017-12-15 17:39:50,948 DEBUG [main] [org.apache.http.conn.ssl.SSLConnectionSocketFactory]:389 - Enabled cipher suites:[TLS_ECDHE_ECDSA_WITH_AES_128_CBC_SHA, TLS_ECDHE_RSA_WITH_AES_128_CBC_SHA, TLS_RSA_WITH_AES_128_CBC_SHA, TLS_ECDH_ECDSA_WITH_AES_128_CBC_SHA, TLS_ECDH_RSA_WITH_AES_128_CBC_SHA, TLS_DHE_RSA_WITH_AES_128_CBC_SHA, TLS_DHE_DSS_WITH_AES_128_CBC_SHA, TLS_ECDHE_ECDSA_WITH_RC4_128_SHA, TLS_ECDHE_RSA_WITH_RC4_128_SHA, SSL_RSA_WITH_RC4_128_SHA, TLS_ECDH_ECDSA_WITH_RC4_128_SHA, TLS_ECDH_RSA_WITH_RC4_128_SHA, TLS_ECDHE_ECDSA_WITH_3DES_EDE_CBC_SHA, TLS_ECDHE_RSA_WITH_3DES_EDE_CBC_SHA, SSL_RSA_WITH_3DES_EDE_CBC_SHA, TLS_ECDH_ECDSA_WITH_3DES_EDE_CBC_SHA, TLS_ECDH_RSA_WITH_3DES_EDE_CBC_SHA, SSL_DHE_RSA_WITH_3DES_EDE_CBC_SHA, SSL_DHE_DSS_WITH_3DES_EDE_CBC_SHA, SSL_RSA_WITH_RC4_128_MD5, TLS_EMPTY_RENEGOTIATION_INFO_SCSV]
2017-12-15 17:39:50,949 DEBUG [main] [org.apache.http.conn.ssl.SSLConnectionSocketFactory]:393 - Starting handshake
2017-12-15 17:39:51,166 DEBUG [main] [org.apache.http.conn.ssl.SSLConnectionSocketFactory]:423 - Secure session established
2017-12-15 17:39:51,166 DEBUG [main] [org.apache.http.conn.ssl.SSLConnectionSocketFactory]:424 -  negotiated protocol: TLSv1
2017-12-15 17:39:51,167 DEBUG [main] [org.apache.http.conn.ssl.SSLConnectionSocketFactory]:425 -  negotiated cipher suite: TLS_ECDHE_RSA_WITH_AES_128_CBC_SHA
2017-12-15 17:39:51,167 DEBUG [main] [org.apache.http.conn.ssl.SSLConnectionSocketFactory]:433 -  peer principal: CN=payapp.weixin.qq.com, OU=R&D, O=Tencent Technology (Shenzhen) Company Limited, L=shenzhen, ST=guangdong, C=CN
2017-12-15 17:39:51,168 DEBUG [main] [org.apache.http.conn.ssl.SSLConnectionSocketFactory]:442 -  peer alternative names: [apihk.mch.weixin.qq.com, pay.weops.qq.com, act.weixin.qq.com, fraud.mch.weixin.qq.com, action.weixin.qq.com, oz.weixin.qq.com, fraudus.mch.weixin.qq.com, apius.mch.weixin.qq.com, api2.mch.weixin.qq.com, api.oz.weixin.qq.com, mch.weixin.qq.com, fraudhk.mch.weixin.qq.com, pay.weixin.qq.com, za.pay.wechat.com, api.mch.weixin.qq.com, api.pay.weixin.qq.com, wx.gtimg.com, payapp.weixin.qq.com]
2017-12-15 17:39:51,168 DEBUG [main] [org.apache.http.conn.ssl.SSLConnectionSocketFactory]:446 -  issuer principal: CN=GeoTrust SSL CA - G3, O=GeoTrust Inc., C=US
2017-12-15 17:39:51,175 DEBUG [main] [org.apache.http.impl.conn.DefaultHttpClientConnectionOperator]:145 - Connection established 192.168.1.199:64761<->182.254.78.168:443
2017-12-15 17:39:51,176 DEBUG [main] [org.apache.http.impl.execchain.MainClientExec]:255 - Executing request POST /mmpaymkttransfers/sendredpack HTTP/1.1
2017-12-15 17:39:51,176 DEBUG [main] [org.apache.http.impl.execchain.MainClientExec]:260 - Target auth state: UNCHALLENGED
2017-12-15 17:39:51,177 DEBUG [main] [org.apache.http.impl.execchain.MainClientExec]:266 - Proxy auth state: UNCHALLENGED
2017-12-15 17:39:51,179 DEBUG [main] [org.apache.http.headers]:135 - http-outgoing-0 >> POST /mmpaymkttransfers/sendredpack HTTP/1.1
2017-12-15 17:39:51,179 DEBUG [main] [org.apache.http.headers]:138 - http-outgoing-0 >> Connection: keep-alive
2017-12-15 17:39:51,179 DEBUG [main] [org.apache.http.headers]:138 - http-outgoing-0 >> Accept: */*
2017-12-15 17:39:51,179 DEBUG [main] [org.apache.http.headers]:138 - http-outgoing-0 >> Content-Type: application/x-www-form-urlencoded; charset=UTF-8
2017-12-15 17:39:51,180 DEBUG [main] [org.apache.http.headers]:138 - http-outgoing-0 >> Host: api.mch.weixin.qq.com
2017-12-15 17:39:51,180 DEBUG [main] [org.apache.http.headers]:138 - http-outgoing-0 >> X-Requested-With: XMLHttpRequest
2017-12-15 17:39:51,180 DEBUG [main] [org.apache.http.headers]:138 - http-outgoing-0 >> Cache-Control: max-age=0
2017-12-15 17:39:51,180 DEBUG [main] [org.apache.http.headers]:138 - http-outgoing-0 >> User-Agent: Mozilla/4.0 (compatible; MSIE 8.0; Windows NT 6.0) 
2017-12-15 17:39:51,180 DEBUG [main] [org.apache.http.headers]:138 - http-outgoing-0 >> Content-Length: 713
2017-12-15 17:39:51,180 DEBUG [main] [org.apache.http.headers]:138 - http-outgoing-0 >> Accept-Encoding: gzip,deflate
2017-12-15 17:39:51,181 DEBUG [main] [org.apache.http.wire]:72 - http-outgoing-0 >> "POST /mmpaymkttransfers/sendredpack HTTP/1.1[\r][\n]"
2017-12-15 17:39:51,181 DEBUG [main] [org.apache.http.wire]:72 - http-outgoing-0 >> "Connection: keep-alive[\r][\n]"
2017-12-15 17:39:51,181 DEBUG [main] [org.apache.http.wire]:72 - http-outgoing-0 >> "Accept: */*[\r][\n]"
2017-12-15 17:39:51,182 DEBUG [main] [org.apache.http.wire]:72 - http-outgoing-0 >> "Content-Type: application/x-www-form-urlencoded; charset=UTF-8[\r][\n]"
2017-12-15 17:39:51,182 DEBUG [main] [org.apache.http.wire]:72 - http-outgoing-0 >> "Host: api.mch.weixin.qq.com[\r][\n]"
2017-12-15 17:39:51,182 DEBUG [main] [org.apache.http.wire]:72 - http-outgoing-0 >> "X-Requested-With: XMLHttpRequest[\r][\n]"
2017-12-15 17:39:51,182 DEBUG [main] [org.apache.http.wire]:72 - http-outgoing-0 >> "Cache-Control: max-age=0[\r][\n]"
2017-12-15 17:39:51,182 DEBUG [main] [org.apache.http.wire]:72 - http-outgoing-0 >> "User-Agent: Mozilla/4.0 (compatible; MSIE 8.0; Windows NT 6.0) [\r][\n]"
2017-12-15 17:39:51,183 DEBUG [main] [org.apache.http.wire]:72 - http-outgoing-0 >> "Content-Length: 713[\r][\n]"
2017-12-15 17:39:51,183 DEBUG [main] [org.apache.http.wire]:72 - http-outgoing-0 >> "Accept-Encoding: gzip,deflate[\r][\n]"
2017-12-15 17:39:51,184 DEBUG [main] [org.apache.http.wire]:72 - http-outgoing-0 >> "[\r][\n]"
2017-12-15 17:39:51,184 DEBUG [main] [org.apache.http.wire]:72 - http-outgoing-0 >> "<xml>[\n]"
2017-12-15 17:39:51,184 DEBUG [main] [org.apache.http.wire]:72 - http-outgoing-0 >> "  <nonce_str><![CDATA[A62B3BB3A327428AA2A775BCF7F7FB4D]]></nonce_str>[\n]"
2017-12-15 17:39:51,184 DEBUG [main] [org.apache.http.wire]:72 - http-outgoing-0 >> "  <mch_billno><![CDATA[131513330789612]]></mch_billno>[\n]"
2017-12-15 17:39:51,184 DEBUG [main] [org.apache.http.wire]:72 - http-outgoing-0 >> "  <mch_id><![CDATA[1486272382]]></mch_id>[\n]"
2017-12-15 17:39:51,185 DEBUG [main] [org.apache.http.wire]:72 - http-outgoing-0 >> "  <wxappid><![CDATA[wxd0c763640d4b8f08]]></wxappid>[\n]"
2017-12-15 17:39:51,185 DEBUG [main] [org.apache.http.wire]:72 - http-outgoing-0 >> "  <send_name><![CDATA[[0xe8][0xbf][0x91][0xe5][0x88][0xb0][0xe5][0xae][0xb6][0xe5][0x85][0xac][0xe4][0xbc][0x97][0xe5][0xb9][0xb3][0xe5][0x8f][0xb0]]]></send_name>[\n]"
2017-12-15 17:39:51,185 DEBUG [main] [org.apache.http.wire]:72 - http-outgoing-0 >> "  <re_openid><![CDATA[o5tP4v2sRruivGVkBPjL5zvWQQnw]]></re_openid>[\n]"
2017-12-15 17:39:51,185 DEBUG [main] [org.apache.http.wire]:72 - http-outgoing-0 >> "  <total_amount><![CDATA[100]]></total_amount>[\n]"
2017-12-15 17:39:51,186 DEBUG [main] [org.apache.http.wire]:72 - http-outgoing-0 >> "  <total_num><![CDATA[1]]></total_num>[\n]"
2017-12-15 17:39:51,186 DEBUG [main] [org.apache.http.wire]:72 - http-outgoing-0 >> "  <wishing><![CDATA[[0xe6][0xb3][0xa8][0xe5][0x86][0x8c][0xe6][0x96][0xb0][0xe7][0x94][0xa8][0xe6][0x88][0xb7],[0xe4][0xb8][0x87][0xe5][0x85][0x83][0xe7][0xba][0xa2][0xe5][0x8c][0x85][0xe7][0xad][0x89][0xe4][0xbd][0xa0][0xe6][0x8b][0xbf]]]></wishing>[\n]"
2017-12-15 17:39:51,186 DEBUG [main] [org.apache.http.wire]:72 - http-outgoing-0 >> "  <client_ip><![CDATA[192.168.1.199]]></client_ip>[\n]"
2017-12-15 17:39:51,186 DEBUG [main] [org.apache.http.wire]:72 - http-outgoing-0 >> "  <act_name><![CDATA[[0xe6][0xb3][0xa8][0xe5][0x86][0x8c][0xe6][0x9c][0x89][0xe5][0xa5][0x96]]]></act_name>[\n]"
2017-12-15 17:39:51,186 DEBUG [main] [org.apache.http.wire]:72 - http-outgoing-0 >> "  <remark><![CDATA[[0xe8][0xbf][0x91][0xe5][0x88][0xb0][0xe5][0xae][0xb6]]]></remark>[\n]"
2017-12-15 17:39:51,187 DEBUG [main] [org.apache.http.wire]:72 - http-outgoing-0 >> "  <sign><![CDATA[BAB8D763D8D68134CA323A427BD03B12]]></sign>[\n]"
2017-12-15 17:39:51,187 DEBUG [main] [org.apache.http.wire]:86 - http-outgoing-0 >> "</xml>"
2017-12-15 17:39:52,082 DEBUG [main] [org.apache.http.wire]:72 - http-outgoing-0 << "HTTP/1.1 200 OK[\r][\n]"
2017-12-15 17:39:52,083 DEBUG [main] [org.apache.http.wire]:72 - http-outgoing-0 << "Server: nginx[\r][\n]"
2017-12-15 17:39:52,083 DEBUG [main] [org.apache.http.wire]:72 - http-outgoing-0 << "Date: Fri, 15 Dec 2017 09:40:18 GMT[\r][\n]"
2017-12-15 17:39:52,083 DEBUG [main] [org.apache.http.wire]:72 - http-outgoing-0 << "Content-Type: text/html; charset=UTF-8[\r][\n]"
2017-12-15 17:39:52,084 DEBUG [main] [org.apache.http.wire]:72 - http-outgoing-0 << "Content-Length: 562[\r][\n]"
2017-12-15 17:39:52,084 DEBUG [main] [org.apache.http.wire]:72 - http-outgoing-0 << "Connection: keep-alive[\r][\n]"
2017-12-15 17:39:52,084 DEBUG [main] [org.apache.http.wire]:72 - http-outgoing-0 << "Keep-Alive: timeout=8[\r][\n]"
2017-12-15 17:39:52,084 DEBUG [main] [org.apache.http.wire]:72 - http-outgoing-0 << "Cache-Control: no-cache, must-revalidate[\r][\n]"
2017-12-15 17:39:52,085 DEBUG [main] [org.apache.http.wire]:72 - http-outgoing-0 << "[\r][\n]"
2017-12-15 17:39:52,085 DEBUG [main] [org.apache.http.wire]:72 - http-outgoing-0 << "<xml>[\n]"
2017-12-15 17:39:52,085 DEBUG [main] [org.apache.http.wire]:72 - http-outgoing-0 << "<return_code><![CDATA[SUCCESS]]></return_code>[\n]"
2017-12-15 17:39:52,085 DEBUG [main] [org.apache.http.wire]:72 - http-outgoing-0 << "<return_msg><![CDATA[[0xe5][0x8f][0x91][0xe6][0x94][0xbe][0xe6][0x88][0x90][0xe5][0x8a][0x9f]]]></return_msg>[\n]"
2017-12-15 17:39:52,085 DEBUG [main] [org.apache.http.wire]:72 - http-outgoing-0 << "<result_code><![CDATA[SUCCESS]]></result_code>[\n]"
2017-12-15 17:39:52,086 DEBUG [main] [org.apache.http.wire]:72 - http-outgoing-0 << "<err_code><![CDATA[SUCCESS]]></err_code>[\n]"
2017-12-15 17:39:52,086 DEBUG [main] [org.apache.http.wire]:72 - http-outgoing-0 << "<err_code_des><![CDATA[[0xe5][0x8f][0x91][0xe6][0x94][0xbe][0xe6][0x88][0x90][0xe5][0x8a][0x9f]]]></err_code_des>[\n]"
2017-12-15 17:39:52,086 DEBUG [main] [org.apache.http.wire]:72 - http-outgoing-0 << "<mch_billno><![CDATA[131513330789612]]></mch_billno>[\n]"
2017-12-15 17:39:52,086 DEBUG [main] [org.apache.http.wire]:72 - http-outgoing-0 << "<mch_id><![CDATA[1486272382]]></mch_id>[\n]"
2017-12-15 17:39:52,087 DEBUG [main] [org.apache.http.wire]:72 - http-outgoing-0 << "<wxappid><![CDATA[wxd0c763640d4b8f08]]></wxappid>[\n]"
2017-12-15 17:39:52,087 DEBUG [main] [org.apache.http.wire]:72 - http-outgoing-0 << "<re_openid><![CDATA[o5tP4v2sRruivGVkBPjL5zvWQQnw]]></re_openid>[\n]"
2017-12-15 17:39:52,087 DEBUG [main] [org.apache.http.wire]:72 - http-outgoing-0 << "<total_amount>100</total_amount>[\n]"
2017-12-15 17:39:52,087 DEBUG [main] [org.apache.http.wire]:72 - http-outgoing-0 << "<send_listid><![CDATA[1000041701201712153000162728164]]></send_listid>[\n]"
2017-12-15 17:39:52,088 DEBUG [main] [org.apache.http.wire]:86 - http-outgoing-0 << "</xml>"
2017-12-15 17:39:52,092 DEBUG [main] [org.apache.http.headers]:124 - http-outgoing-0 << HTTP/1.1 200 OK
2017-12-15 17:39:52,092 DEBUG [main] [org.apache.http.headers]:127 - http-outgoing-0 << Server: nginx
2017-12-15 17:39:52,092 DEBUG [main] [org.apache.http.headers]:127 - http-outgoing-0 << Date: Fri, 15 Dec 2017 09:40:18 GMT
2017-12-15 17:39:52,092 DEBUG [main] [org.apache.http.headers]:127 - http-outgoing-0 << Content-Type: text/html; charset=UTF-8
2017-12-15 17:39:52,093 DEBUG [main] [org.apache.http.headers]:127 - http-outgoing-0 << Content-Length: 562
2017-12-15 17:39:52,093 DEBUG [main] [org.apache.http.headers]:127 - http-outgoing-0 << Connection: keep-alive
2017-12-15 17:39:52,093 DEBUG [main] [org.apache.http.headers]:127 - http-outgoing-0 << Keep-Alive: timeout=8
2017-12-15 17:39:52,093 DEBUG [main] [org.apache.http.headers]:127 - http-outgoing-0 << Cache-Control: no-cache, must-revalidate
2017-12-15 17:39:52,101 DEBUG [main] [org.apache.http.impl.execchain.MainClientExec]:284 - Connection can be kept alive for 8000 MILLISECONDS
2017-12-15 17:39:52,106 DEBUG [main] [org.apache.http.impl.conn.PoolingHttpClientConnectionManager]:314 - Connection [id: 0][route: {s}->https://api.mch.weixin.qq.com:443][state: SURNAME=37238320, CN=重庆捷路科技有限公司, OU=MMPay, O=Tencent, L=Shenzhen, ST=Guangdong, C=CN] can be kept alive for 8.0 seconds
2017-12-15 17:39:52,107 DEBUG [main] [org.apache.http.impl.conn.PoolingHttpClientConnectionManager]:320 - Connection released: [id: 0][route: {s}->https://api.mch.weixin.qq.com:443][state: SURNAME=37238320, CN=重庆捷路科技有限公司, OU=MMPay, O=Tencent, L=Shenzhen, ST=Guangdong, C=CN][total kept alive: 1; route allocated: 1 of 2; total allocated: 1 of 20]
