2017-12-19 09:13:40,773 DEBUG [main] [org.apache.http.client.protocol.RequestAddCookies]:122 - CookieSpec selected: default
2017-12-19 09:13:40,836 DEBUG [main] [org.apache.http.client.protocol.RequestAuthCache]:76 - Auth cache not set in the context
2017-12-19 09:13:40,836 DEBUG [main] [org.apache.http.impl.conn.PoolingHttpClientConnectionManager]:249 - Connection request: [route: {s}->https://api.mch.weixin.qq.com:443][total kept alive: 0; route allocated: 0 of 2; total allocated: 0 of 20]
2017-12-19 09:13:40,883 DEBUG [main] [org.apache.http.impl.conn.PoolingHttpClientConnectionManager]:282 - Connection leased: [id: 0][route: {s}->https://api.mch.weixin.qq.com:443][total kept alive: 0; route allocated: 1 of 2; total allocated: 1 of 20]
2017-12-19 09:13:40,883 DEBUG [main] [org.apache.http.impl.execchain.MainClientExec]:234 - Opening connection {s}->https://api.mch.weixin.qq.com:443
2017-12-19 09:13:41,023 DEBUG [main] [org.apache.http.impl.conn.DefaultHttpClientConnectionOperator]:138 - Connecting to api.mch.weixin.qq.com/182.254.10.62:443
2017-12-19 09:13:41,023 DEBUG [main] [org.apache.http.conn.ssl.SSLConnectionSocketFactory]:335 - Connecting socket to api.mch.weixin.qq.com/182.254.10.62:443 with timeout 0
2017-12-19 09:13:41,335 DEBUG [main] [org.apache.http.conn.ssl.SSLConnectionSocketFactory]:388 - Enabled protocols: [TLSv1]
2017-12-19 09:13:41,335 DEBUG [main] [org.apache.http.conn.ssl.SSLConnectionSocketFactory]:389 - Enabled cipher suites:[TLS_ECDHE_ECDSA_WITH_AES_128_CBC_SHA, TLS_ECDHE_RSA_WITH_AES_128_CBC_SHA, TLS_RSA_WITH_AES_128_CBC_SHA, TLS_ECDH_ECDSA_WITH_AES_128_CBC_SHA, TLS_ECDH_RSA_WITH_AES_128_CBC_SHA, TLS_DHE_RSA_WITH_AES_128_CBC_SHA, TLS_DHE_DSS_WITH_AES_128_CBC_SHA, TLS_ECDHE_ECDSA_WITH_RC4_128_SHA, TLS_ECDHE_RSA_WITH_RC4_128_SHA, SSL_RSA_WITH_RC4_128_SHA, TLS_ECDH_ECDSA_WITH_RC4_128_SHA, TLS_ECDH_RSA_WITH_RC4_128_SHA, TLS_ECDHE_ECDSA_WITH_3DES_EDE_CBC_SHA, TLS_ECDHE_RSA_WITH_3DES_EDE_CBC_SHA, SSL_RSA_WITH_3DES_EDE_CBC_SHA, TLS_ECDH_ECDSA_WITH_3DES_EDE_CBC_SHA, TLS_ECDH_RSA_WITH_3DES_EDE_CBC_SHA, SSL_DHE_RSA_WITH_3DES_EDE_CBC_SHA, SSL_DHE_DSS_WITH_3DES_EDE_CBC_SHA, SSL_RSA_WITH_RC4_128_MD5, TLS_EMPTY_RENEGOTIATION_INFO_SCSV]
2017-12-19 09:13:41,413 DEBUG [main] [org.apache.http.conn.ssl.SSLConnectionSocketFactory]:393 - Starting handshake
2017-12-19 09:13:41,679 DEBUG [main] [org.apache.http.conn.ssl.SSLConnectionSocketFactory]:423 - Secure session established
2017-12-19 09:13:41,679 DEBUG [main] [org.apache.http.conn.ssl.SSLConnectionSocketFactory]:424 -  negotiated protocol: TLSv1
2017-12-19 09:13:41,679 DEBUG [main] [org.apache.http.conn.ssl.SSLConnectionSocketFactory]:425 -  negotiated cipher suite: TLS_ECDHE_RSA_WITH_AES_128_CBC_SHA
2017-12-19 09:13:41,679 DEBUG [main] [org.apache.http.conn.ssl.SSLConnectionSocketFactory]:433 -  peer principal: CN=payapp.weixin.qq.com, OU=R&D, O=Tencent Technology (Shenzhen) Company Limited, L=shenzhen, ST=guangdong, C=CN
2017-12-19 09:13:41,679 DEBUG [main] [org.apache.http.conn.ssl.SSLConnectionSocketFactory]:442 -  peer alternative names: [apihk.mch.weixin.qq.com, pay.weops.qq.com, act.weixin.qq.com, fraud.mch.weixin.qq.com, action.weixin.qq.com, oz.weixin.qq.com, fraudus.mch.weixin.qq.com, apius.mch.weixin.qq.com, api2.mch.weixin.qq.com, api.oz.weixin.qq.com, mch.weixin.qq.com, fraudhk.mch.weixin.qq.com, pay.weixin.qq.com, za.pay.wechat.com, api.mch.weixin.qq.com, api.pay.weixin.qq.com, wx.gtimg.com, payapp.weixin.qq.com]
2017-12-19 09:13:41,679 DEBUG [main] [org.apache.http.conn.ssl.SSLConnectionSocketFactory]:446 -  issuer principal: CN=GeoTrust SSL CA - G3, O=GeoTrust Inc., C=US
2017-12-19 09:13:41,742 DEBUG [main] [org.apache.http.impl.conn.DefaultHttpClientConnectionOperator]:145 - Connection established 192.168.1.198:49546<->182.254.10.62:443
2017-12-19 09:13:41,742 DEBUG [main] [org.apache.http.impl.execchain.MainClientExec]:255 - Executing request POST /pay/unifiedorder HTTP/1.1
2017-12-19 09:13:41,742 DEBUG [main] [org.apache.http.impl.execchain.MainClientExec]:260 - Target auth state: UNCHALLENGED
2017-12-19 09:13:41,757 DEBUG [main] [org.apache.http.impl.execchain.MainClientExec]:266 - Proxy auth state: UNCHALLENGED
2017-12-19 09:13:41,757 DEBUG [main] [org.apache.http.headers]:135 - http-outgoing-0 >> POST /pay/unifiedorder HTTP/1.1
2017-12-19 09:13:41,757 DEBUG [main] [org.apache.http.headers]:138 - http-outgoing-0 >> Connection: keep-alive
2017-12-19 09:13:41,757 DEBUG [main] [org.apache.http.headers]:138 - http-outgoing-0 >> Accept: */*
2017-12-19 09:13:41,757 DEBUG [main] [org.apache.http.headers]:138 - http-outgoing-0 >> Content-Type: application/x-www-form-urlencoded; charset=UTF-8
2017-12-19 09:13:41,757 DEBUG [main] [org.apache.http.headers]:138 - http-outgoing-0 >> Host: api.mch.weixin.qq.com
2017-12-19 09:13:41,757 DEBUG [main] [org.apache.http.headers]:138 - http-outgoing-0 >> X-Requested-With: XMLHttpRequest
2017-12-19 09:13:41,757 DEBUG [main] [org.apache.http.headers]:138 - http-outgoing-0 >> Cache-Control: max-age=0
2017-12-19 09:13:41,757 DEBUG [main] [org.apache.http.headers]:138 - http-outgoing-0 >> User-Agent: Mozilla/4.0 (compatible; MSIE 8.0; Windows NT 6.0) 
2017-12-19 09:13:41,757 DEBUG [main] [org.apache.http.headers]:138 - http-outgoing-0 >> Content-Length: 574
2017-12-19 09:13:41,757 DEBUG [main] [org.apache.http.headers]:138 - http-outgoing-0 >> Accept-Encoding: gzip,deflate
2017-12-19 09:13:41,757 DEBUG [main] [org.apache.http.wire]:72 - http-outgoing-0 >> "POST /pay/unifiedorder HTTP/1.1[\r][\n]"
2017-12-19 09:13:41,757 DEBUG [main] [org.apache.http.wire]:72 - http-outgoing-0 >> "Connection: keep-alive[\r][\n]"
2017-12-19 09:13:41,757 DEBUG [main] [org.apache.http.wire]:72 - http-outgoing-0 >> "Accept: */*[\r][\n]"
2017-12-19 09:13:41,757 DEBUG [main] [org.apache.http.wire]:72 - http-outgoing-0 >> "Content-Type: application/x-www-form-urlencoded; charset=UTF-8[\r][\n]"
2017-12-19 09:13:41,757 DEBUG [main] [org.apache.http.wire]:72 - http-outgoing-0 >> "Host: api.mch.weixin.qq.com[\r][\n]"
2017-12-19 09:13:41,757 DEBUG [main] [org.apache.http.wire]:72 - http-outgoing-0 >> "X-Requested-With: XMLHttpRequest[\r][\n]"
2017-12-19 09:13:41,757 DEBUG [main] [org.apache.http.wire]:72 - http-outgoing-0 >> "Cache-Control: max-age=0[\r][\n]"
2017-12-19 09:13:41,757 DEBUG [main] [org.apache.http.wire]:72 - http-outgoing-0 >> "User-Agent: Mozilla/4.0 (compatible; MSIE 8.0; Windows NT 6.0) [\r][\n]"
2017-12-19 09:13:41,757 DEBUG [main] [org.apache.http.wire]:72 - http-outgoing-0 >> "Content-Length: 574[\r][\n]"
2017-12-19 09:13:41,757 DEBUG [main] [org.apache.http.wire]:72 - http-outgoing-0 >> "Accept-Encoding: gzip,deflate[\r][\n]"
2017-12-19 09:13:41,757 DEBUG [main] [org.apache.http.wire]:72 - http-outgoing-0 >> "[\r][\n]"
2017-12-19 09:13:41,757 DEBUG [main] [org.apache.http.wire]:72 - http-outgoing-0 >> "<xml>[\n]"
2017-12-19 09:13:41,757 DEBUG [main] [org.apache.http.wire]:72 - http-outgoing-0 >> "  <appid><![CDATA[wxd0c763640d4b8f08]]></appid>[\n]"
2017-12-19 09:13:41,757 DEBUG [main] [org.apache.http.wire]:72 - http-outgoing-0 >> "  <mch_id><![CDATA[1486272382]]></mch_id>[\n]"
2017-12-19 09:13:41,757 DEBUG [main] [org.apache.http.wire]:72 - http-outgoing-0 >> "  <nonce_str><![CDATA[FA7BA2A8831F4A6FB6F94C7D26063130]]></nonce_str>[\n]"
2017-12-19 09:13:41,757 DEBUG [main] [org.apache.http.wire]:72 - http-outgoing-0 >> "  <sign><![CDATA[A01E0A2800B5A015C6EC4D3B2833F25E]]></sign>[\n]"
2017-12-19 09:13:41,757 DEBUG [main] [org.apache.http.wire]:72 - http-outgoing-0 >> "  <body><![CDATA[[0xe5][0x85][0x85][0xe5][0x80][0xbc]]]></body>[\n]"
2017-12-19 09:13:41,757 DEBUG [main] [org.apache.http.wire]:72 - http-outgoing-0 >> "  <out_trade_no><![CDATA[171513646018197]]></out_trade_no>[\n]"
2017-12-19 09:13:41,757 DEBUG [main] [org.apache.http.wire]:72 - http-outgoing-0 >> "  <total_fee><![CDATA[1]]></total_fee>[\n]"
2017-12-19 09:13:41,757 DEBUG [main] [org.apache.http.wire]:72 - http-outgoing-0 >> "  <spbill_create_ip><![CDATA[192.168.1.198]]></spbill_create_ip>[\n]"
2017-12-19 09:13:41,757 DEBUG [main] [org.apache.http.wire]:72 - http-outgoing-0 >> "  <notify_url><![CDATA[]]></notify_url>[\n]"
2017-12-19 09:13:41,757 DEBUG [main] [org.apache.http.wire]:72 - http-outgoing-0 >> "  <trade_type><![CDATA[JSAPI]]></trade_type>[\n]"
2017-12-19 09:13:41,757 DEBUG [main] [org.apache.http.wire]:72 - http-outgoing-0 >> "  <openid><![CDATA[o5tP4v2sRruivGVkBPjL5zvWQQnw]]></openid>[\n]"
2017-12-19 09:13:41,757 DEBUG [main] [org.apache.http.wire]:86 - http-outgoing-0 >> "</xml>"
2017-12-19 09:13:41,835 DEBUG [main] [org.apache.http.wire]:72 - http-outgoing-0 << "HTTP/1.1 200 OK[\r][\n]"
2017-12-19 09:13:41,835 DEBUG [main] [org.apache.http.wire]:72 - http-outgoing-0 << "Server: nginx[\r][\n]"
2017-12-19 09:13:41,835 DEBUG [main] [org.apache.http.wire]:72 - http-outgoing-0 << "Date: Tue, 19 Dec 2017 01:13:48 GMT[\r][\n]"
2017-12-19 09:13:41,835 DEBUG [main] [org.apache.http.wire]:72 - http-outgoing-0 << "Content-Type: text/plain[\r][\n]"
2017-12-19 09:13:41,835 DEBUG [main] [org.apache.http.wire]:72 - http-outgoing-0 << "Content-Length: 178[\r][\n]"
2017-12-19 09:13:41,835 DEBUG [main] [org.apache.http.wire]:72 - http-outgoing-0 << "Connection: keep-alive[\r][\n]"
2017-12-19 09:13:41,835 DEBUG [main] [org.apache.http.wire]:72 - http-outgoing-0 << "Keep-Alive: timeout=8[\r][\n]"
2017-12-19 09:13:41,851 DEBUG [main] [org.apache.http.wire]:72 - http-outgoing-0 << "[\r][\n]"
2017-12-19 09:13:41,851 DEBUG [main] [org.apache.http.wire]:72 - http-outgoing-0 << "<xml><return_code><![CDATA[FAIL]]></return_code>[\n]"
2017-12-19 09:13:41,851 DEBUG [main] [org.apache.http.wire]:72 - http-outgoing-0 << "<return_msg><![CDATA[[0xe5][0x95][0x86][0xe6][0x88][0xb7][0xe5][0x8f][0xb7][0xe8][0xaf][0xa5][0xe4][0xba][0xa7][0xe5][0x93][0x81][0xe6][0x9d][0x83][0xe9][0x99][0x90][0xe6][0x9c][0xaa][0xe5][0xbc][0x80][0xe9][0x80][0x9a][0xef][0xbc][0x8c][0xe8][0xaf][0xb7][0xe5][0x89][0x8d][0xe5][0xbe][0x80][0xe5][0x95][0x86][0xe6][0x88][0xb7][0xe5][0xb9][0xb3][0xe5][0x8f][0xb0]>[0xe4][0xba][0xa7][0xe5][0x93][0x81][0xe4][0xb8][0xad][0xe5][0xbf][0x83][0xe6][0xa3][0x80][0xe6][0x9f][0xa5][0xe5][0x90][0x8e][0xe9][0x87][0x8d][0xe8][0xaf][0x95]]]></return_msg>[\n]"
2017-12-19 09:13:41,851 DEBUG [main] [org.apache.http.wire]:86 - http-outgoing-0 << "</xml>"
2017-12-19 09:13:41,851 DEBUG [main] [org.apache.http.headers]:124 - http-outgoing-0 << HTTP/1.1 200 OK
2017-12-19 09:13:41,851 DEBUG [main] [org.apache.http.headers]:127 - http-outgoing-0 << Server: nginx
2017-12-19 09:13:41,851 DEBUG [main] [org.apache.http.headers]:127 - http-outgoing-0 << Date: Tue, 19 Dec 2017 01:13:48 GMT
2017-12-19 09:13:41,851 DEBUG [main] [org.apache.http.headers]:127 - http-outgoing-0 << Content-Type: text/plain
2017-12-19 09:13:41,851 DEBUG [main] [org.apache.http.headers]:127 - http-outgoing-0 << Content-Length: 178
2017-12-19 09:13:41,851 DEBUG [main] [org.apache.http.headers]:127 - http-outgoing-0 << Connection: keep-alive
2017-12-19 09:13:41,851 DEBUG [main] [org.apache.http.headers]:127 - http-outgoing-0 << Keep-Alive: timeout=8
2017-12-19 09:13:41,851 DEBUG [main] [org.apache.http.impl.execchain.MainClientExec]:284 - Connection can be kept alive for 8000 MILLISECONDS
2017-12-19 09:13:41,882 DEBUG [main] [org.apache.http.impl.conn.PoolingHttpClientConnectionManager]:314 - Connection [id: 0][route: {s}->https://api.mch.weixin.qq.com:443] can be kept alive for 8.0 seconds
2017-12-19 09:13:41,882 DEBUG [main] [org.apache.http.impl.conn.PoolingHttpClientConnectionManager]:320 - Connection released: [id: 0][route: {s}->https://api.mch.weixin.qq.com:443][total kept alive: 1; route allocated: 1 of 2; total allocated: 1 of 20]
