2018-01-30 17:12:01,293 ERROR [Thread-0] [com.jero.esc.common.utils.JsonUtil]:52 - |参数名|必选|类型|说明|
|:----    |:---|:----- |-----   |
| success | string | success |
| obj | string | obj |
| errorMsg | string | errorMsg |
2018-01-30 17:13:10,859 ERROR [Thread-0] [com.jero.esc.common.utils.JsonUtil]:52 - |参数名|必选|类型|说明|
|:----    |:---|:----- |-----   |
| errorMsg | string | errorMsg |
| obj | string | obj |
| success | string | success |
2018-01-30 17:13:48,840 ERROR [Thread-0] [com.jero.esc.common.utils.JsonUtil]:52 - |参数名|必选|类型|说明|
|:----    |:---|:----- |-----   |
| errorMsg | string | errorMsg |
| success | string | success |
| obj | string | obj |
2018-01-30 17:16:04,970 ERROR [Thread-0] [com.jero.esc.common.utils.JsonUtil]:52 - |参数名|必选|类型|说明|
|:----    |:---|:----- |-----   |
| success | string | success |
| obj | string | obj |
| errorMsg | string | errorMsg |
2018-01-30 17:17:36,959 ERROR [Thread-0] [com.jero.esc.common.utils.JsonUtil]:52 - |参数名|必选|类型|说明|
|:----    |:---|:----- |-----   |
| success | string | success |
| obj | string | obj |
| errorMsg | string | errorMsg |
