2018-01-10 17:17:11,329 ERROR [Thread-0] [com.jero.esc.common.utils.JsonUtil]:52 - |参数名|必选|类型|说明|
|:----    |:---|:----- |-----   |
| errorMsg | string | errorMsg |
| success | string | success |
| obj | string | obj |
2018-01-10 17:24:39,484 ERROR [Thread-0] [com.jero.esc.common.utils.JsonUtil]:52 - |参数名|必选|类型|说明|
|:----    |:---|:----- |-----   |
| obj | string | obj |
| errorMsg | string | errorMsg |
| success | string | success |
2018-01-10 17:25:06,035 ERROR [Thread-0] [com.jero.esc.common.utils.JsonUtil]:52 - |参数名|必选|类型|说明|
|:----    |:---|:----- |-----   |
| obj | string | obj |
| success | string | success |
| errorMsg | string | errorMsg |
2018-01-10 17:25:19,811 ERROR [Thread-0] [com.jero.esc.common.utils.JsonUtil]:52 - |参数名|必选|类型|说明|
|:----    |:---|:----- |-----   |
| errorMsg | string | errorMsg |
| success | string | success |
| obj | string | obj |
2018-01-10 17:25:37,562 ERROR [Thread-0] [com.jero.esc.common.utils.JsonUtil]:52 - |参数名|必选|类型|说明|
|:----    |:---|:----- |-----   |
| errorMsg | string | errorMsg |
| obj | string | obj |
| success | string | success |
2018-01-10 17:26:14,470 ERROR [Thread-0] [com.jero.esc.common.utils.JsonUtil]:52 - |参数名|必选|类型|说明|
|:----    |:---|:----- |-----   |
| obj | string | obj |
| success | string | success |
| errorMsg | string | errorMsg |
2018-01-10 17:26:34,076 ERROR [Thread-0] [com.jero.esc.common.utils.JsonUtil]:52 - |参数名|必选|类型|说明|
|:----    |:---|:----- |-----   |
| obj | string | obj |
| errorMsg | string | errorMsg |
| success | string | success |
2018-01-10 17:26:46,195 ERROR [Thread-0] [com.jero.esc.common.utils.JsonUtil]:52 - |参数名|必选|类型|说明|
|:----    |:---|:----- |-----   |
| success | string | success |
| errorMsg | string | errorMsg |
| obj | string | obj |
2018-01-10 17:28:21,270 ERROR [Thread-0] [com.jero.esc.common.utils.JsonUtil]:52 - |参数名|必选|类型|说明|
|:----    |:---|:----- |-----   |
| obj | string | obj |
| success | string | success |
| errorMsg | string | errorMsg |
2018-01-10 17:28:43,466 ERROR [Thread-0] [com.jero.esc.common.utils.JsonUtil]:52 - |参数名|必选|类型|说明|
|:----    |:---|:----- |-----   |
| success | string | success |
| errorMsg | string | errorMsg |
| obj | string | obj |
2018-01-10 17:36:40,652 ERROR [Thread-0] [com.jero.esc.common.utils.JsonUtil]:52 - |参数名|必选|类型|说明|
|:----    |:---|:----- |-----   |
| errorMsg | string | errorMsg |
| obj | string | obj |
| success | string | success |
2018-01-10 17:38:37,807 ERROR [Thread-0] [com.jero.esc.common.utils.JsonUtil]:52 - |参数名|必选|类型|说明|
|:----    |:---|:----- |-----   |
| success | string | success |
| obj | string | obj |
| errorMsg | string | errorMsg |
2018-01-10 17:41:21,652 ERROR [Thread-0] [com.jero.esc.common.utils.JsonUtil]:52 - |参数名|必选|类型|说明|
|:----    |:---|:----- |-----   |
| obj | string | obj |
| errorMsg | string | errorMsg |
| success | string | success |
